(0.0, -0.4, 0.0)
(1.6, 0.5, 0.0)
(3.8, 1.9, 0.0)
(5.5, 2.9, 0.0)
(7.8, 3.6, 0.0)
(10.2, 3.3, 0.0)
(13.0, 2.3, 0.0)
(15.2, 1.6, 0.0)
(18.0, 2.4, 0.0)
(20.0, 3.0, 0.0)
(22.8, 2.7, 0.0)
(25.0, 2.6, 0.0)
(27.9, 2.9, 0.0)
(30.5, 3.0, 0.0)
(33.0, 2.7, 0.0)
(35.9, 2.7, 0.0)
(38.8, 2.6, 0.0)
(41.1, 2.4, 0.0)
(44.0, 1.9, 0.0)
(46.2, 1.6, 0.0)
(48.9, 2.8, 0.0)
(51.1, 4.1, 0.0)
(53.4, 5.1, 0.0)
(56.0, 4.6, 0.0)
(57.9, 2.6, 0.0)
(60.9, 2.2, 0.0)
(63.8, 2.6, 0.0)
(66.0, 3.4, 0.0)
(68.1, 5.0, 0.0)
(70.5, 4.4, 0.0)
(72.8, 3.3, 0.0)
(75.4, 2.2, 0.0)
(78.1, 3.1, 0.0)
(80.3, 1.1, 0.0)
(83.3, 0.6, 0.0)
(85.1, 2.7, 0.0)
(87.9, 2.7, 0.0)
(90.2, 0.6, 0.0)
(92.5, 2.1, 0.0)
(92.3, 4.8, 0.0)
(94.3, 5.4, 0.0)
(96.7, 5.3, 0.0)
(99.5, 4.8, 0.0)
(101.6, 4.0, 0.0)
(0.0, -0.4, 0.0)
(0.0, -0.4, 0.0)
(1.1, 0.2, 0.0)
(3.5, 1.7, 0.0)
(5.2, 2.8, 0.0)
(6.8, 3.6, 0.0)
(9.7, 3.3, 0.0)
(12.0, 2.4, 0.0)
(14.8, 1.9, 0.0)
(16.8, 0.5, 0.0)
(17.1, 0.3, 0.0)
(16.3, 1.6, 0.0)
(18.4, 2.8, 0.0)
(20.2, 3.5, 0.0)
(22.0, 1.9, 0.0)
(23.1, -0.4, 0.0)
(23.1, -0.4, 0.0)
(23.1, -0.4, 0.0)
(23.1, -0.4, 0.0)
(23.1, -0.4, 0.0)
(0.0, -0.4, 0.0)
(0.0, -0.4, 0.0)
(0.0, -0.4, 0.0)
(0.0, -0.4, 0.0)
(0.0, -0.4, 0.0)
(0.0, -0.4, 0.0)
(0.0, -0.4, 0.0)
(0.0, -0.4, 0.0)
(0.0, -0.4, 0.0)
(0.0, -0.4, 0.0)
(0.0, -0.4, 0.0)
(0.0, -0.4, 0.0)
(0.0, -0.4, 0.0)
(0.0, -0.4, 0.0)
(0.0, -0.4, 0.0)
(0.0, -0.4, 0.0)
(0.0, -0.4, 0.0)
(0.0, -0.4, 0.0)
(0.0, -0.4, 0.0)
(0.0, -0.4, 0.0)
(0.0, -0.4, 0.0)
(0.0, -0.4, 0.0)
(0.0, -0.4, 0.0)
(0.9, 0.1, 0.0)
(3.3, 1.7, 0.0)
(5.0, 2.8, 0.0)
(6.6, 3.8, 0.0)
(9.6, 3.5, 0.0)
(12.1, 2.8, 0.0)
(14.5, 2.0, 0.0)
(17.3, 2.1, 0.0)
(19.5, 2.6, 0.0)
(22.1, 2.3, 0.0)
(24.5, 2.5, 0.0)
(27.2, 2.8, 0.0)
(29.6, 3.1, 0.0)
(32.4, 2.6, 0.0)
(35.3, 2.5, 0.0)
(38.1, 2.6, 0.0)
(40.6, 2.6, 0.0)
(43.5, 2.0, 0.0)
(46.0, 1.7, 0.0)
(48.6, 2.5, 0.0)
(50.8, 3.8, 0.0)
(52.8, 5.0, 0.0)
(55.6, 4.7, 0.0)
(58.0, 2.8, 0.0)
(60.6, 2.2, 0.0)
(63.6, 2.5, 0.0)
(66.0, 3.5, 0.0)
(68.0, 4.8, 0.0)
(70.3, 4.1, 0.0)
(72.3, 2.8, 0.0)
(74.0, -0.1, 0.0)
(74.2, -0.4, 0.0)
(74.2, -0.4, 0.0)
(74.2, -0.4, 0.0)
(0.0, -0.4, 0.0)
(1.5, 0.5, 0.0)
(3.7, 1.9, 0.0)
(5.3, 3.0, 0.0)
(7.7, 3.6, 0.0)
(10.1, 3.4, 0.0)
(12.8, 2.5, 0.0)
(15.0, 1.7, 0.0)
(17.8, 2.5, 0.0)
(19.8, 2.9, 0.0)
(22.5, 2.4, 0.0)
(24.8, 2.5, 0.0)
(27.5, 2.7, 0.0)
(29.8, 3.0, 0.0)
(32.8, 2.6, 0.0)
(35.6, 2.7, 0.0)
(38.3, 2.8, 0.0)
(40.8, 2.6, 0.0)
(43.7, 1.9, 0.0)
(45.9, 1.5, 0.0)
(48.4, 2.6, 0.0)
(50.4, 3.9, 0.0)
(52.4, 5.4, 0.0)
(55.3, 4.9, 0.0)
(57.7, 3.2, 0.0)
(60.5, 2.4, 0.0)
(63.2, 2.7, 0.0)
(65.5, 2.8, 0.0)
(67.7, 1.2, 0.0)
(70.0, 1.2, 0.0)
(72.0, 2.5, 0.0)
(74.9, 2.4, 0.0)
(77.7, 2.9, 0.0)
(80.0, 1.4, 0.0)
(82.7, 0.4, 0.0)
(84.8, 1.9, 0.0)
(87.5, 2.5, 0.0)
(89.6, 0.5, 0.0)
(92.0, 1.7, 0.0)
(92.1, 4.3, 0.0)
(93.8, 5.2, 0.0)
(96.1, 5.2, 0.0)
(98.9, 4.3, 0.0)
(101.0, 3.6, 0.0)
(0.0, -0.4, 0.0)
(0.0, -0.4, 0.0)
(0.6, 0.0, 0.0)
(3.1, 1.6, 0.0)
(4.9, 2.7, 0.0)
(6.6, 3.6, 0.0)
(9.5, 3.3, 0.0)
(12.0, 2.3, 0.0)
(14.1, 1.1, 0.0)
(15.9, -1.0, 0.0)
(17.8, -5.5, 0.0)
(19.6, -12.6, 0.0)
(21.4, -22.1, 0.0)
(23.3, -34.1, 0.0)
(0.0, -0.4, 0.0)
(0.0, -0.4, 0.0)
(2.1, 0.8, 0.0)
(4.0, 2.0, 0.0)
(5.7, 3.1, 0.0)
(8.3, 3.4, 0.0)
(10.6, 3.3, 0.0)
(13.4, 3.9, 0.0)
(15.5, 4.5, 0.0)
(17.3, 3.5, 0.0)
(19.2, 0.0, 0.0)
(21.0, -5.9, 0.0)
(22.9, -14.4, 0.0)
(24.8, -25.4, 0.0)
(0.0, -0.4, 0.0)
(1.9, 0.7, 0.0)
(4.0, 1.8, 0.0)
(5.7, 2.9, 0.0)
(7.3, 3.6, 0.0)
(10.2, 3.2, 0.0)
(13.0, 3.5, 0.0)
(14.6, 3.9, 0.0)
(14.6, 3.9, 0.0)
(14.6, 3.9, 0.0)
(14.6, 3.9, 0.0)
(14.6, 3.9, 0.0)
(14.6, 3.9, 0.0)
(14.6, 3.9, 0.0)
(0.0, -0.4, 0.0)
(1.5, 0.6, 0.0)
(3.5, 1.9, 0.0)
(5.2, 3.1, 0.0)
(7.7, 3.5, 0.0)
(10.0, 3.3, 0.0)
(11.8, 1.9, 0.0)
(11.8, 1.9, 0.0)
(11.8, 1.9, 0.0)
(11.8, 1.9, 0.0)
(11.8, 1.9, 0.0)
(11.8, 1.9, 0.0)
(11.8, 1.9, 0.0)
(0.0, -0.4, 0.0)
(1.5, 0.4, 0.0)
(3.7, 1.6, 0.0)
(5.4, 2.6, 0.0)
(7.8, 3.3, 0.0)
(10.3, 3.3, 0.0)
(12.7, 1.9, 0.0)
(12.7, 1.9, 0.0)
(12.7, 1.9, 0.0)
(12.7, 1.9, 0.0)
(12.7, 1.9, 0.0)
(12.7, 1.9, 0.0)
(12.7, 1.9, 0.0)
(0.0, -0.4, 0.0)
(2.5, 1.1, 0.0)
(4.3, 2.3, 0.0)
(5.9, 3.3, 0.0)
(8.9, 3.3, 0.0)
(11.2, 2.9, 0.0)
(13.9, 2.1, 0.0)
(16.5, 1.6, 0.0)
(17.9, 1.5, 0.0)
(17.9, 1.5, 0.0)
(17.9, 1.5, 0.0)
(17.9, 1.5, 0.0)
(17.9, 1.5, 0.0)
(17.9, 1.5, 0.0)
(17.9, 1.5, 0.0)
(0.0, -0.4, 0.0)
(0.0, -0.4, 0.0)
(0.8, 0.1, 0.0)
(3.4, 1.5, 0.0)
(5.2, 2.6, 0.0)
(7.4, 3.3, 0.0)
(10.0, 3.3, 0.0)
(12.1, 1.9, 0.0)
(12.1, 1.9, 0.0)
(12.1, 1.9, 0.0)
(12.1, 1.9, 0.0)
(12.1, 1.9, 0.0)
(12.1, 1.9, 0.0)
(12.1, 1.9, 0.0)
(0.0, -0.4, 0.0)
(0.0, -0.4, 0.0)
(0.0, -0.4, 0.0)
(0.0, -0.4, 0.0)
(0.0, -0.4, 0.0)
(0.0, -0.4, 0.0)
(2.0, 1.1, 0.0)
(3.9, 2.5, 0.0)
(5.5, 3.2, 0.0)
(7.0, 1.6, 0.0)
(7.8, -0.4, 0.0)
(7.3, 1.1, 0.0)
(6.6, 3.2, 0.0)
(7.3, 4.0, 0.0)
(9.8, 3.4, 0.0)
(9.1, 3.3, 0.0)
(6.8, 3.6, 0.0)
(4.9, 2.3, 0.0)
(0.0, -0.4, 0.0)
(0.5, 1.0, 0.0)
(2.9, 2.1, 0.0)
(5.0, 2.8, 0.0)
(6.9, 3.4, 0.0)
(9.8, 3.4, 0.0)
(12.5, 2.6, 0.0)
(14.9, 1.9, 0.0)
(17.8, 2.6, 0.0)
(19.8, 3.1, 0.0)
(22.6, 2.8, 0.0)
(24.8, 2.8, 0.0)
(27.7, 3.0, 0.0)
(30.4, 3.0, 0.0)
(33.0, 2.6, 0.0)
(35.9, 2.7, 0.0)
(38.7, 2.6, 0.0)
(41.0, 2.4, 0.0)
(43.9, 1.6, 0.0)
(46.3, 1.6, 0.0)
(48.6, 2.9, 0.0)
(51.1, 4.2, 0.0)
(53.6, 4.9, 0.0)
(56.4, 3.9, 0.0)
(59.1, 2.6, 0.0)
(61.7, 2.2, 0.0)
(64.3, 2.8, 0.0)
(66.7, 4.0, 0.0)
(68.4, 5.4, 0.0)
(71.0, 4.0, 0.0)
(72.9, 2.9, 0.0)
(73.7, 2.0, 0.0)
(73.7, 2.0, 0.0)
(0.0, -0.4, 0.0)
(1.0, 0.3, 0.0)
(3.5, 1.8, 0.0)
(5.2, 2.9, 0.0)
(7.6, 3.5, 0.0)
(10.0, 3.3, 0.0)
(12.8, 2.7, 0.0)
(15.0, 2.0, 0.0)
(17.8, 2.4, 0.0)
(19.9, 3.0, 0.0)
(22.6, 2.6, 0.0)
(24.9, 2.4, 0.0)
(27.7, 2.7, 0.0)
(30.3, 2.9, 0.0)
(32.9, 2.6, 0.0)
(35.8, 2.6, 0.0)
(38.6, 2.7, 0.0)
(41.1, 2.5, 0.0)
(44.0, 1.9, 0.0)
(46.4, 1.9, 0.0)
(48.7, 3.1, 0.0)
(51.1, 4.3, 0.0)
(53.1, 5.2, 0.0)
(56.0, 5.1, 0.0)
(58.1, 2.8, 0.0)
(60.9, 2.3, 0.0)
(63.7, 2.7, 0.0)
(66.1, 3.7, 0.0)
(68.1, 5.2, 0.0)
(70.6, 4.0, 0.0)
(73.1, 3.0, 0.0)
(75.6, 2.6, 0.0)
(78.5, 3.1, 0.0)
(80.5, 1.1, 0.0)
(83.3, 0.7, 0.0)
(84.9, 2.9, 0.0)
(87.9, 2.3, 0.0)
(90.3, 0.4, 0.0)
(92.6, 2.1, 0.0)
(92.1, 4.9, 0.0)
(94.9, 5.2, 0.0)
(97.4, 5.0, 0.0)
(99.9, 4.5, 0.0)
(102.0, 3.5, 0.0)
(0.1, -0.3, 0.0)
(1.9, 0.8, 0.0)
(4.1, 2.2, 0.0)
(5.8, 3.4, 0.0)
(8.0, 3.6, 0.0)
(10.5, 3.3, 0.0)
(13.2, 2.2, 0.0)
(15.4, 1.6, 0.0)
(18.2, 2.4, 0.0)
(20.1, 2.9, 0.0)
(22.9, 2.6, 0.0)
(25.1, 2.6, 0.0)
(23.7, 0.8, 0.0)
(22.4, -0.4, 0.0)
(22.2, 0.4, 0.0)
(22.8, 0.1, 0.0)
(23.2, -0.4, 0.0)
(23.1, 1.0, 0.0)
(24.4, 2.3, 0.0)
(26.7, 2.8, 0.0)
(29.3, 3.0, 0.0)
(32.2, 2.6, 0.0)
(34.9, 2.4, 0.0)
(37.4, 2.5, 0.0)
(40.3, 2.5, 0.0)
(43.0, 2.1, 0.0)
(45.4, 1.7, 0.0)
(47.9, 2.4, 0.0)
(49.7, 3.1, 0.0)
(52.2, 4.7, 0.0)
(55.1, 5.1, 0.0)
(56.2, 4.0, 0.0)
(56.2, 4.0, 0.0)
(56.2, 4.0, 0.0)
(56.2, 4.0, 0.0)
(56.2, 4.0, 0.0)
(56.2, 4.0, 0.0)
(56.2, 4.0, 0.0)
(0.0, -0.4, 0.0)
(1.3, 0.4, 0.0)
(2.6, 1.1, 0.0)
(4.7, 2.4, 0.0)
(6.9, 3.5, 0.0)
(9.5, 3.2, 0.0)
(12.0, 2.1, 0.0)
(14.6, 1.9, 0.0)
(15.2, -0.1, 0.0)
(15.1, -0.4, 0.0)
(15.1, -0.4, 0.0)
(15.3, 0.8, 0.0)
(16.9, 2.3, 0.0)
(19.3, 2.7, 0.0)
(21.5, 1.9, 0.0)
(24.2, 2.4, 0.0)
(26.9, 2.8, 0.0)
(29.4, 3.0, 0.0)
(32.2, 2.6, 0.0)
(35.1, 2.6, 0.0)
(37.7, 2.7, 0.0)
(40.3, 2.7, 0.0)
(43.1, 2.1, 0.0)
(45.3, 1.4, 0.0)
(48.0, 2.4, 0.0)
(50.3, 3.7, 0.0)
(52.7, 4.8, 0.0)
(55.5, 4.7, 0.0)
(57.8, 2.7, 0.0)
(60.6, 2.1, 0.0)
(63.4, 2.6, 0.0)
(65.7, 2.6, 0.0)
(67.8, 0.8, 0.0)
(70.0, 1.1, 0.0)
(71.9, 2.4, 0.0)
(74.7, 2.6, 0.0)
(77.6, 3.1, 0.0)
(79.9, 1.6, 0.0)
(82.7, 0.8, 0.0)
(84.9, 2.5, 0.0)
(87.7, 2.5, 0.0)
(90.0, 0.5, 0.0)
(92.4, 1.9, 0.0)
(92.0, 4.6, 0.0)
(94.3, 5.2, 0.0)
(96.4, 5.5, 0.0)
(99.3, 4.7, 0.0)
(101.4, 4.1, 0.0)
(0.0, -0.4, 0.0)
(0.0, -0.4, 0.0)
(0.8, 0.2, 0.0)
(2.9, 1.5, 0.0)
(4.9, 2.8, 0.0)
(7.0, 3.6, 0.0)
(9.6, 3.3, 0.0)
(12.2, 2.7, 0.0)
(14.5, 1.9, 0.0)
(17.3, 2.1, 0.0)
(19.5, 2.6, 0.0)
(22.2, 2.3, 0.0)
(24.5, 2.1, 0.0)
(27.3, 2.6, 0.0)
(29.4, 3.3, 0.0)
(32.3, 2.8, 0.0)
(35.2, 2.7, 0.0)
(38.0, 2.6, 0.0)
(40.5, 2.6, 0.0)
(43.3, 2.1, 0.0)
(45.5, 1.5, 0.0)
(48.1, 2.5, 0.0)
(50.4, 3.7, 0.0)
(52.5, 4.9, 0.0)
(55.4, 5.0, 0.0)
(57.3, 3.3, 0.0)
(56.2, 5.1, 0.0)
(56.8, 4.3, 0.0)
(57.1, 3.9, 0.0)
(57.8, 3.3, 0.0)
(57.8, 3.3, 0.0)
(57.8, 3.3, 0.0)
(57.8, 3.3, 0.0)
(57.8, 3.3, 0.0)
(57.8, 3.3, 0.0)
(57.8, 3.3, 0.0)
(0.0, -0.4, 0.0)
(2.1, 0.9, 0.0)
(4.2, 2.1, 0.0)
(5.9, 3.2, 0.0)
(8.5, 3.5, 0.0)
(10.8, 3.3, 0.0)
(13.6, 2.2, 0.0)
(15.6, 1.3, 0.0)
(0.0, -0.4, 0.0)
(0.9, 0.6, 0.0)
(3.0, 1.9, 0.0)
(5.1, 2.9, 0.0)
(7.5, 3.4, 0.0)
(10.0, 3.2, 0.0)
(12.7, 2.5, 0.0)
(15.0, 1.9, 0.0)
(17.7, 2.2, 0.0)
(19.8, 2.8, 0.0)
(22.5, 2.5, 0.0)
(24.8, 2.5, 0.0)
(27.6, 2.8, 0.0)
(29.9, 3.1, 0.0)
(32.8, 2.7, 0.0)
(35.7, 2.6, 0.0)
(38.3, 2.7, 0.0)
(40.9, 2.7, 0.0)
(43.8, 2.0, 0.0)
(45.9, 1.4, 0.0)
(48.4, 2.7, 0.0)
(50.6, 3.9, 0.0)
(52.8, 4.8, 0.0)
(55.7, 4.9, 0.0)
(58.0, 2.7, 0.0)
(60.7, 2.2, 0.0)
(63.6, 2.6, 0.0)
(66.0, 2.1, 0.0)
(66.0, 2.1, 0.0)
(66.0, 2.1, 0.0)
(66.0, 2.1, 0.0)
(66.0, 2.1, 0.0)
(66.0, 2.1, 0.0)
(66.0, 2.1, 0.0)
(0.2, -0.3, 0.0)
(2.4, 1.1, 0.0)
(4.3, 2.3, 0.0)
(6.0, 3.3, 0.0)
(8.8, 3.3, 0.0)
(10.9, 2.9, 0.0)
(13.9, 2.2, 0.0)
(16.5, 2.1, 0.0)
(18.9, 2.6, 0.0)
(21.0, 2.3, 0.0)
(23.8, 2.3, 0.0)
(26.6, 2.6, 0.0)
(28.9, 3.0, 0.0)
(31.7, 2.6, 0.0)
(34.4, 2.5, 0.0)
(37.0, 2.8, 0.0)
(39.9, 2.5, 0.0)
(42.7, 2.2, 0.0)
(45.0, 1.8, 0.0)
(47.8, 2.2, 0.0)
(50.0, 3.0, 0.0)
(52.3, 4.6, 0.0)
(55.1, 5.1, 0.0)
(57.0, 3.1, 0.0)
(59.9, 2.3, 0.0)
(62.7, 2.4, 0.0)
(64.9, 2.9, 0.0)
(67.2, 1.4, 0.0)
(69.1, 0.3, 0.0)
(71.1, 2.0, 0.0)
(73.5, 2.7, 0.0)
(76.4, 2.8, 0.0)
(79.0, 2.5, 0.0)
(81.5, 0.9, 0.0)
(84.2, 1.2, 0.0)
(86.3, 2.6, 0.0)
(88.9, 1.5, 0.0)
(91.5, 0.7, 0.0)
(92.4, 3.2, 0.0)
(92.2, 5.2, 0.0)
(94.9, 5.3, 0.0)
(97.5, 5.0, 0.0)
(99.9, 4.3, 0.0)
(101.9, 3.6, 0.0)
(0.0, -0.4, 0.0)
(0.0, -0.4, 0.0)
(0.6, 0.8, 0.0)
(3.0, 0.0, 0.0)
(3.9, -0.4, 0.0)
(4.0, -0.4, 0.0)
(4.0, -0.4, 0.0)
(4.0, -0.4, 0.0)
(3.1, -0.1, 0.0)
(0.4, 0.3, 0.0)
(-1.2, -0.4, 0.0)
(-1.5, -0.4, 0.0)
(-1.5, -0.4, 0.0)
(-1.0, -0.2, 0.0)
(0.9, 0.9, 0.0)
(2.6, 0.4, 0.0)
(2.5, 0.5, 0.0)
(0.6, 2.5, 0.0)
(-0.8, 2.7, 0.0)
(-2.1, 0.4, 0.0)
(-1.3, 0.1, 0.0)
(1.3, 1.3, 0.0)
(3.2, 2.1, 0.0)
(5.0, 3.0, 0.0)
(5.9, 2.8, 0.0)
(4.8, 0.4, 0.0)
(4.5, -0.4, 0.0)
(4.5, -0.4, 0.0)
(4.5, -0.4, 0.0)
(4.5, -0.4, 0.0)
(4.5, -0.4, 0.0)
(2.6, 0.6, 0.0)
(0.6, 1.4, 0.0)
(-1.1, 0.0, 0.0)
(-0.4, 0.0, 0.0)
(2.2, 1.4, 0.0)
(4.0, 2.4, 0.0)
(5.6, 3.4, 0.0)
(6.3, 2.9, 0.0)
(5.0, 0.6, 0.0)
(4.5, -0.4, 0.0)
(4.5, -0.4, 0.0)
(5.2, 0.9, 0.0)
(6.4, 3.2, 0.0)
(8.9, 3.4, 0.0)
(11.0, 2.8, 0.0)
(14.0, 2.1, 0.0)
(16.3, 1.8, 0.0)
(18.9, 2.7, 0.0)
(20.9, 2.6, 0.0)
(23.8, 2.5, 0.0)
(26.2, 2.5, 0.0)
(28.8, 3.0, 0.0)
(31.7, 2.9, 0.0)
(34.3, 2.7, 0.0)
(36.9, 2.7, 0.0)
(39.9, 2.4, 0.0)
(42.5, 2.0, 0.0)
(45.0, 1.6, 0.0)
(46.2, -0.4, 0.0)
(46.2, 0.0, 0.0)
(46.5, 1.5, 0.0)
(48.9, 2.9, 0.0)
(51.2, 4.1, 0.0)
(53.7, 5.0, 0.0)
(56.3, 4.6, 0.0)
(58.2, 2.4, 0.0)
(61.0, 2.0, 0.0)
(63.9, 2.6, 0.0)
(66.0, 2.6, 0.0)
(68.0, 0.6, 0.0)
(68.8, -0.4, 0.0)
(68.8, -0.4, 0.0)
(68.8, -0.4, 0.0)
(68.8, -0.4, 0.0)
(68.8, -0.4, 0.0)
(69.1, -0.1, 0.0)
(71.1, 1.7, 0.0)
(73.0, 2.9, 0.0)
(75.7, 2.4, 0.0)
(78.3, 3.3, 0.0)
(80.2, 0.9, 0.0)
(82.8, 0.4, 0.0)
(84.7, 2.3, 0.0)
(87.4, 2.7, 0.0)
(89.0, 0.2, 0.0)
(89.9, -0.2, 0.0)
(91.5, 0.9, 0.0)
(92.6, 2.8, 0.0)
(91.3, 5.4, 0.0)
(92.8, 5.0, 0.0)
(93.8, 3.8, 0.0)
(93.8, 3.8, 0.0)
(93.8, 3.8, 0.0)
(93.8, 3.8, 0.0)
(93.8, 3.8, 0.0)
(93.8, 3.8, 0.0)
(93.8, 3.8, 0.0)
(0.0, -0.4, 0.0)
(0.0, -0.4, 0.0)
(0.0, -0.4, 0.0)
(0.0, -0.4, 0.0)
(0.0, -0.4, 0.0)
(0.0, -0.4, 0.0)
(0.0, -0.4, 0.0)
(0.0, -0.4, 0.0)
(0.0, -0.4, 0.0)
(0.0, -0.4, 0.0)
(0.0, -0.4, 0.0)
(0.2, -0.1, 0.0)
(1.9, 2.1, 0.0)
(3.0, 2.0, 0.0)
(4.1, -0.5, 0.0)
(4.1, -0.4, 0.0)
(4.1, -0.4, 0.0)
(5.4, 1.5, 0.0)
(6.7, 3.5, 0.0)
(7.7, 3.6, 0.0)
(6.6, 2.0, 0.0)
(4.4, 0.9, 0.0)
(3.1, -0.4, 0.0)
(3.1, -0.4, 0.0)
(3.1, -0.4, 0.0)
(3.1, -0.4, 0.0)
(3.1, -0.4, 0.0)
(3.1, -0.4, 0.0)
(3.1, -0.4, 0.0)
(3.1, -0.4, 0.0)
(3.9, 0.6, 0.0)
(5.7, 2.7, 0.0)
(6.9, 3.7, 0.0)
(5.9, 1.2, 0.0)
(5.2, -0.4, 0.0)
(5.2, -0.4, 0.0)
(5.2, -0.4, 0.0)
(5.4, 0.4, 0.0)
(6.4, 3.2, 0.0)
(8.5, 3.5, 0.0)
(8.9, 3.4, 0.0)
(6.7, 3.3, 0.0)
(6.9, 0.3, 0.0)
(7.0, -0.4, 0.0)
(7.0, -0.4, 0.0)
(7.0, -0.4, 0.0)
(7.0, -0.4, 0.0)
(5.2, 0.4, 0.0)
(3.0, 1.2, 0.0)
(1.2, -0.2, 0.0)
(1.9, 0.7, 0.0)
(3.4, 2.5, 0.0)
(4.6, 1.6, 0.0)
(5.4, -0.4, 0.0)
(5.4, -0.4, 0.0)
(4.3, 0.3, 0.0)
(2.0, 1.0, 0.0)
(0.3, -0.4, 0.0)
(1.2, -0.3, 0.0)
(2.9, -0.1, 0.0)
(4.4, 0.2, 0.0)
(5.5, -0.4, 0.0)
(4.7, -0.1, 0.0)
(2.0, 0.6, 0.0)
(0.1, -0.1, 0.0)
(-0.7, -0.4, 0.0)
(-0.7, -0.4, 0.0)
(0.5, 0.3, 0.0)
(3.1, 1.4, 0.0)
(4.9, 1.9, 0.0)
(6.6, 0.1, 0.0)
(6.8, 0.8, 0.0)
(6.4, 3.5, 0.0)
(6.2, 3.7, 0.0)
(5.9, 1.4, 0.0)
(5.8, -0.4, 0.0)
(5.8, -0.4, 0.0)
(6.2, 2.0, 0.0)
(7.2, 3.7, 0.0)
(9.8, 3.3, 0.0)
(8.0, 3.5, 0.0)
(6.2, 2.3, 0.0)
(5.4, -0.3, 0.0)
(5.4, -0.4, 0.0)
(5.4, -0.4, 0.0)
(5.4, -0.3, 0.0)
(6.7, 2.0, 0.0)
(7.4, 3.5, 0.0)
(8.1, 2.5, 0.0)
(8.6, -0.4, 0.0)
(6.9, 0.1, 0.0)
(5.4, 0.4, 0.0)
(4.3, -0.4, 0.0)
(4.3, -0.4, 0.0)
(4.3, -0.4, 0.0)
(4.3, -0.4, 0.0)
(4.3, -0.4, 0.0)
(4.8, 0.2, 0.0)
(6.1, 2.7, 0.0)
(7.0, 3.3, 0.0)
(9.7, 3.1, 0.0)
(12.3, 2.4, 0.0)
(14.8, 2.0, 0.0)
(14.7, -0.4, 0.0)
(14.7, -0.4, 0.0)
(14.7, -0.4, 0.0)
(14.7, -0.4, 0.0)
(14.7, -0.4, 0.0)
(14.7, -0.4, 0.0)
(14.7, -0.4, 0.0)
(14.7, -0.4, 0.0)
(14.8, -0.2, 0.0)
(15.8, 2.0, 0.0)
(18.6, 2.7, 0.0)
(20.6, 2.8, 0.0)
(23.5, 2.6, 0.0)
(25.9, 2.7, 0.0)
(28.6, 3.0, 0.0)
(31.4, 2.8, 0.0)
(33.9, 2.5, 0.0)
(36.6, 2.8, 0.0)
(39.6, 2.6, 0.0)
(42.1, 1.8, 0.0)
(44.7, 1.4, 0.0)
(47.4, 2.2, 0.0)
(49.3, 3.2, 0.0)
(51.7, 4.7, 0.0)
(54.6, 5.1, 0.0)
(57.0, 3.8, 0.0)
(59.7, 2.5, 0.0)
(62.5, 2.4, 0.0)
(64.9, 2.8, 0.0)
(67.3, 1.4, 0.0)
(69.6, 0.9, 0.0)
(71.8, 2.1, 0.0)
(74.5, 2.3, 0.0)
(77.3, 3.1, 0.0)
(79.6, 1.8, 0.0)
(81.1, 0.0, 0.0)
(82.5, 0.0, 0.0)
(84.3, 1.6, 0.0)
(86.4, 2.6, 0.0)
(88.9, 1.4, 0.0)
(91.6, 0.6, 0.0)
(92.3, 3.3, 0.0)
(91.9, 5.3, 0.0)
(94.7, 5.3, 0.0)
(96.7, 5.4, 0.0)
(99.4, 4.2, 0.0)
(101.4, 3.1, 0.0)
(0.0, -0.4, 0.0)
(0.7, 0.7, 0.0)
(0.3, 2.3, 0.0)
(0.0, 1.2, 0.0)
(0.4, -0.1, 0.0)
(2.9, 1.4, 0.0)
(4.7, 2.4, 0.0)
(6.3, 3.3, 0.0)
(5.9, 0.8, 0.0)
(5.8, 0.3, 0.0)
(6.2, 3.1, 0.0)
(8.8, 3.5, 0.0)
(9.2, 3.6, 0.0)
(6.8, 3.7, 0.0)
(6.2, 0.8, 0.0)
(6.1, -0.4, 0.0)
(6.1, -0.2, 0.0)
(6.4, 2.4, 0.0)
(7.8, 3.6, 0.0)
(10.3, 3.3, 0.0)
(13.1, 2.4, 0.0)
(15.3, 2.0, 0.0)
(18.2, 2.4, 0.0)
(20.2, 2.6, 0.0)
(23.0, 2.5, 0.0)
(25.2, 2.8, 0.0)
(28.1, 2.8, 0.0)
(30.8, 2.7, 0.0)
(33.3, 2.5, 0.0)
(33.5, -0.1, 0.0)
(33.5, -0.4, 0.0)
(33.5, -0.4, 0.0)
(33.5, -0.4, 0.0)
(33.5, -0.4, 0.0)
(33.5, -0.4, 0.0)
(33.5, -0.4, 0.0)
(33.5, -0.4, 0.0)
(33.5, -0.4, 0.0)
(33.5, -0.4, 0.0)
(33.5, -0.4, 0.0)
(33.5, -0.4, 0.0)
(33.5, -0.4, 0.0)
(33.5, -0.4, 0.0)
(33.5, -0.4, 0.0)
(33.5, -0.4, 0.0)
(33.5, -0.4, 0.0)
(33.5, -0.4, 0.0)
(33.5, -0.4, 0.0)
(33.5, -0.4, 0.0)
(33.5, -0.4, 0.0)
(33.5, -0.4, 0.0)
(33.5, -0.4, 0.0)
(33.6, 0.0, 0.0)
(34.0, 2.6, 0.0)
(36.8, 2.9, 0.0)
(39.8, 2.6, 0.0)
(42.6, 2.1, 0.0)
(44.9, 1.8, 0.0)
(46.0, -0.3, 0.0)
(46.0, -0.4, 0.0)
(46.0, -0.4, 0.0)
(46.0, -0.4, 0.0)
(46.0, -0.4, 0.0)
(46.0, -0.4, 0.0)
(46.0, -0.4, 0.0)
(46.0, -0.4, 0.0)
(46.0, -0.4, 0.0)
(46.0, 1.7, 0.0)
(48.6, 2.5, 0.0)
(50.8, 3.6, 0.0)
(53.0, 5.1, 0.0)
(55.8, 4.8, 0.0)
(58.2, 2.9, 0.0)
(60.8, 2.2, 0.0)
(63.8, 2.5, 0.0)
(65.9, 2.8, 0.0)
(68.3, 1.0, 0.0)
(69.6, -0.4, 0.0)
(69.7, -0.4, 0.0)
(69.7, -0.4, 0.0)
(69.7, -0.4, 0.0)
(69.7, -0.4, 0.0)
(69.7, -0.4, 0.0)
(69.7, -0.4, 0.0)
(71.3, 1.6, 0.0)
(73.1, 2.8, 0.0)
(75.8, 2.4, 0.0)
(78.3, 3.5, 0.0)
(80.1, 1.2, 0.0)
(81.2, -0.4, 0.0)
(81.2, -0.4, 0.0)
(81.2, -0.4, 0.0)
(81.2, -0.4, 0.0)
(81.2, -0.4, 0.0)
(82.3, 0.2, 0.0)
(84.7, 1.7, 0.0)
(87.0, 2.5, 0.0)
(89.1, 0.6, 0.0)
(89.7, -0.4, 0.0)
(89.7, -0.4, 0.0)
(89.8, 0.1, 0.0)
(91.3, 0.5, 0.0)
(92.7, 2.1, 0.0)
(92.1, 4.5, 0.0)
(93.2, 5.5, 0.0)
(95.6, 5.6, 0.0)
(94.5, 5.5, 0.0)
(92.2, 5.3, 0.0)
(92.8, 2.6, 0.0)
(90.9, 0.4, 0.0)
(88.4, -0.3, 0.0)
(87.9, -0.4, 0.0)
(87.9, -0.4, 0.0)
(87.9, -0.4, 0.0)
(87.9, -0.4, 0.0)
(87.9, -0.4, 0.0)
(87.9, -0.4, 0.0)
(87.9, -0.4, 0.0)
(0.0, -0.4, 0.0)
(0.0, -0.4, 0.0)
(0.0, -0.4, 0.0)
(0.0, -0.4, 0.0)
(0.0, -0.4, 0.0)
(0.0, -0.4, 0.0)
(0.0, -0.4, 0.0)
(0.0, -0.4, 0.0)
(0.0, -0.4, 0.0)
(0.0, -0.4, 0.0)
(0.0, -0.4, 0.0)
(0.0, -0.4, 0.0)
(0.0, -0.4, 0.0)
(0.0, -0.4, 0.0)
(0.0, -0.4, 0.0)
(0.0, -0.4, 0.0)
(2.0, 1.0, 0.0)
(3.9, 2.3, 0.0)
(5.5, 3.4, 0.0)
(8.2, 3.4, 0.0)
(10.4, 3.1, 0.0)
(13.3, 2.4, 0.0)
(15.5, 2.0, 0.0)
(18.3, 2.5, 0.0)
(20.3, 3.0, 0.0)
(23.1, 2.6, 0.0)
(25.3, 2.4, 0.0)
(28.3, 2.8, 0.0)
(30.3, 3.0, 0.0)
(33.3, 2.5, 0.0)
(35.3, 1.7, 0.0)
(0.1, -0.3, 0.0)
(2.5, 1.0, 0.0)
(4.4, 2.2, 0.0)
(6.1, 3.2, 0.0)
(9.0, 3.4, 0.0)
(11.3, 3.0, 0.0)
(14.0, 2.2, 0.0)
(16.6, 2.2, 0.0)
(18.9, 2.7, 0.0)
(21.0, 2.3, 0.0)
(23.9, 2.3, 0.0)
(26.2, 2.5, 0.0)
(28.9, 2.9, 0.0)
(31.7, 2.7, 0.0)
(34.1, 2.5, 0.0)
(36.7, 2.8, 0.0)
(39.7, 2.6, 0.0)
(42.3, 2.2, 0.0)
(44.8, 1.6, 0.0)
(47.4, 2.2, 0.0)
(49.7, 3.3, 0.0)
(52.0, 4.6, 0.0)
(54.9, 4.9, 0.0)
(57.1, 3.2, 0.0)
(60.0, 2.4, 0.0)
(62.8, 2.5, 0.0)
(65.2, 2.7, 0.0)
(67.5, 1.0, 0.0)
(69.8, 1.0, 0.0)
(71.7, 2.3, 0.0)
(74.5, 2.4, 0.0)
(77.3, 3.1, 0.0)
(79.6, 2.0, 0.0)
(82.2, 0.7, 0.0)
(84.5, 1.8, 0.0)
(87.2, 2.5, 0.0)
(89.1, 0.5, 0.0)
(91.8, 1.2, 0.0)
(91.9, 4.1, 0.0)
(93.1, 5.3, 0.0)
(95.4, 5.3, 0.0)
(93.8, 5.3, 0.0)
(92.6, 4.1, 0.0)
(92.2, 1.6, 0.0)
(89.6, 0.1, 0.0)
(88.3, 2.1, 0.0)
(90.4, 0.5, 0.0)
(92.4, 2.1, 0.0)
(91.7, 4.7, 0.0)
(94.1, 5.1, 0.0)
(96.2, 5.2, 0.0)
(99.1, 4.3, 0.0)
(101.2, 3.7, 0.0)
(0.0, -0.4, 0.0)
(0.0, -0.4, 0.0)
(1.6, 0.6, 0.0)
(3.9, 2.1, 0.0)
(5.6, 3.2, 0.0)
(6.0, 2.2, 0.0)
(5.5, -0.4, 0.0)
(5.5, -0.4, 0.0)
(5.5, -0.4, 0.0)
(5.5, -0.4, 0.0)
(4.0, 0.7, 0.0)
(1.8, 2.1, 0.0)
(0.3, 1.8, 0.0)
(-1.1, -0.4, 0.0)
(0.7, 0.7, 0.0)
(3.3, 0.9, 0.0)
(5.2, -0.4, 0.0)
(3.3, 0.2, 0.0)
(1.1, -0.4, 0.0)
(3.0, 0.0, 0.0)
(5.1, -0.3, 0.0)
(6.6, 0.1, 0.0)
(8.0, -0.1, 0.0)
(8.3, 1.2, 0.0)
(6.3, -0.4, 0.0)
(5.8, -0.2, 0.0)
(3.5, -0.1, 0.0)
(2.5, 0.4, 0.0)
(4.8, 0.7, 0.0)
(6.4, -0.4, 0.0)
(6.6, -0.4, 0.0)
(6.6, -0.4, 0.0)
(6.6, -0.4, 0.0)
(6.6, -0.4, 0.0)
(6.6, -0.4, 0.0)
(6.6, -0.4, 0.0)
(6.6, -0.4, 0.0)
(6.6, -0.4, 0.0)
(6.6, -0.4, 0.0)
(6.6, -0.4, 0.0)
(6.6, -0.4, 0.0)
(6.6, -0.4, 0.0)
(6.6, -0.4, 0.0)
(6.6, -0.4, 0.0)
(6.6, -0.4, 0.0)
(6.6, -0.4, 0.0)
(6.6, -0.4, 0.0)
(6.6, -0.4, 0.0)
(6.6, -0.4, 0.0)
(6.6, -0.4, 0.0)
(6.6, -0.4, 0.0)
(6.6, -0.4, 0.0)
(6.6, -0.4, 0.0)
(6.6, -0.4, 0.0)
(6.6, -0.4, 0.0)
(6.6, -0.4, 0.0)
(6.6, -0.4, 0.0)
(6.6, -0.4, 0.0)
(6.6, -0.4, 0.0)
(6.6, -0.4, 0.0)
(6.6, -0.4, 0.0)
(6.6, -0.4, 0.0)
(6.6, -0.4, 0.0)
(6.6, -0.4, 0.0)
(6.6, -0.4, 0.0)
(6.6, -0.4, 0.0)
(6.6, -0.4, 0.0)
(6.6, -0.4, 0.0)
(6.6, -0.4, 0.0)
(6.6, -0.4, 0.0)
(6.6, -0.4, 0.0)
(6.6, -0.4, 0.0)
(6.6, -0.4, 0.0)
(6.6, -0.4, 0.0)
(6.6, -0.4, 0.0)
(6.6, -0.4, 0.0)
(6.6, -0.4, 0.0)
(6.6, -0.4, 0.0)
(6.6, -0.4, 0.0)
(6.6, -0.4, 0.0)
(6.6, -0.4, 0.0)
(6.6, -0.4, 0.0)
(6.6, -0.4, 0.0)
(6.6, -0.4, 0.0)
(6.6, -0.4, 0.0)
(6.6, -0.4, 0.0)
(6.6, -0.4, 0.0)
(6.6, -0.4, 0.0)
(6.6, -0.4, 0.0)
(6.6, -0.4, 0.0)
(6.6, -0.4, 0.0)
(6.6, -0.4, 0.0)
(6.6, -0.4, 0.0)
(6.6, -0.4, 0.0)
(6.6, -0.4, 0.0)
(6.6, -0.4, 0.0)
(6.6, -0.4, 0.0)
(6.6, -0.4, 0.0)
(6.6, -0.4, 0.0)
(6.6, -0.4, 0.0)
(6.6, -0.4, 0.0)
(6.6, -0.4, 0.0)
(6.6, -0.4, 0.0)
(6.6, -0.4, 0.0)
(6.6, -0.4, 0.0)
(6.6, -0.4, 0.0)
(6.6, -0.4, 0.0)
(6.6, -0.4, 0.0)
(6.6, -0.4, 0.0)
(6.6, -0.4, 0.0)
(6.6, -0.4, 0.0)
(6.6, -0.4, 0.0)
(6.6, -0.4, 0.0)
(6.6, -0.4, 0.0)
(6.6, -0.4, 0.0)
(6.6, -0.4, 0.0)
(6.6, -0.4, 0.0)
(6.6, -0.4, 0.0)
(6.6, -0.4, 0.0)
(6.6, -0.4, 0.0)
(6.6, -0.4, 0.0)
(6.6, -0.4, 0.0)
(6.6, -0.4, 0.0)
(6.6, -0.4, 0.0)
(6.6, -0.4, 0.0)
(6.6, -0.4, 0.0)
(6.6, -0.4, 0.0)
(6.6, -0.4, 0.0)
(6.6, -0.4, 0.0)
(6.6, -0.4, 0.0)
(6.6, -0.4, 0.0)
(6.6, -0.4, 0.0)
(6.6, -0.4, 0.0)
(6.6, -0.4, 0.0)
(6.6, -0.4, 0.0)
(6.6, -0.4, 0.0)
(6.6, -0.4, 0.0)
(6.6, -0.4, 0.0)
(6.6, -0.4, 0.0)
(6.6, -0.4, 0.0)
(6.6, -0.4, 0.0)
(6.6, -0.4, 0.0)
(6.6, -0.4, 0.0)
(6.6, -0.4, 0.0)
(6.6, -0.4, 0.0)
(6.6, -0.4, 0.0)
(6.6, -0.4, 0.0)
(6.6, -0.4, 0.0)
(6.6, -0.4, 0.0)
(6.6, -0.4, 0.0)
(6.6, -0.4, 0.0)
(6.6, -0.4, 0.0)
(6.6, -0.4, 0.0)
(6.6, -0.4, 0.0)
(6.6, -0.4, 0.0)
(6.6, -0.4, 0.0)
(6.6, -0.4, 0.0)
(6.6, -0.4, 0.0)
(6.6, -0.4, 0.0)
(6.6, -0.4, 0.0)
(6.6, -0.4, 0.0)
(6.6, -0.4, 0.0)
(6.6, -0.4, 0.0)
(6.6, -0.4, 0.0)
(6.6, -0.4, 0.0)
(6.6, -0.4, 0.0)
(6.6, -0.4, 0.0)
(6.6, -0.4, 0.0)
(6.6, -0.4, 0.0)
(6.6, -0.4, 0.0)
(6.6, -0.4, 0.0)
(6.6, -0.4, 0.0)
(6.6, -0.4, 0.0)
(6.6, -0.4, 0.0)
(6.6, -0.4, 0.0)
(6.6, -0.4, 0.0)
(6.6, -0.4, 0.0)
(6.6, -0.4, 0.0)
(6.6, -0.4, 0.0)
(6.6, -0.4, 0.0)
(6.6, -0.4, 0.0)
(6.6, -0.4, 0.0)
(6.6, -0.4, 0.0)
(6.6, -0.4, 0.0)
(6.6, -0.4, 0.0)
(6.6, -0.4, 0.0)
(6.6, -0.4, 0.0)
(6.6, -0.4, 0.0)
(6.6, -0.4, 0.0)
(6.6, -0.4, 0.0)
(6.6, -0.4, 0.0)
(6.6, -0.4, 0.0)
(6.6, -0.4, 0.0)
(6.6, -0.4, 0.0)
(6.6, -0.4, 0.0)
(6.6, -0.4, 0.0)
(6.6, -0.4, 0.0)
(6.6, -0.4, 0.0)
(6.6, -0.4, 0.0)
(6.6, -0.4, 0.0)
(6.6, -0.4, 0.0)
(6.6, -0.4, 0.0)
(6.6, -0.4, 0.0)
(6.6, -0.4, 0.0)
(6.6, -0.4, 0.0)
(6.6, -0.4, 0.0)
(6.6, -0.4, 0.0)
(6.6, -0.4, 0.0)
(6.6, -0.4, 0.0)
(6.6, -0.4, 0.0)
(6.6, -0.4, 0.0)
(6.6, -0.4, 0.0)
(6.6, -0.4, 0.0)
(6.6, -0.4, 0.0)
(6.6, -0.4, 0.0)
(6.6, -0.4, 0.0)
(6.6, -0.4, 0.0)
(6.6, -0.4, 0.0)
(6.6, -0.4, 0.0)
(6.6, -0.4, 0.0)
(6.6, -0.4, 0.0)
(6.6, -0.4, 0.0)
(6.6, -0.4, 0.0)
(6.6, -0.4, 0.0)
(6.6, -0.4, 0.0)
(6.6, -0.4, 0.0)
(6.6, -0.4, 0.0)
(6.6, -0.4, 0.0)
(6.6, -0.4, 0.0)
(6.6, -0.4, 0.0)
(6.6, -0.4, 0.0)
(6.6, -0.4, 0.0)
(6.6, -0.4, 0.0)
(6.6, -0.4, 0.0)
(6.6, -0.4, 0.0)
(6.6, -0.4, 0.0)
(6.6, -0.4, 0.0)
(6.6, -0.4, 0.0)
(6.6, -0.4, 0.0)
(6.6, -0.4, 0.0)
(6.6, -0.4, 0.0)
(6.6, -0.4, 0.0)
(6.6, -0.4, 0.0)
(6.6, -0.4, 0.0)
(6.6, -0.4, 0.0)
(6.6, -0.4, 0.0)
(6.6, -0.4, 0.0)
(6.6, -0.4, 0.0)
(6.6, -0.4, 0.0)
(6.6, -0.4, 0.0)
(6.6, -0.4, 0.0)
(6.6, -0.4, 0.0)
(6.6, -0.4, 0.0)
(6.6, -0.4, 0.0)
(6.6, -0.4, 0.0)
(6.6, -0.4, 0.0)
(6.6, -0.4, 0.0)
(6.6, -0.4, 0.0)
(6.6, -0.4, 0.0)
(6.6, -0.4, 0.0)
(6.6, -0.4, 0.0)
(6.6, -0.4, 0.0)
(6.6, -0.4, 0.0)
(6.6, -0.4, 0.0)
(6.6, -0.4, 0.0)
(6.6, -0.4, 0.0)
(6.6, -0.4, 0.0)
(6.6, -0.4, 0.0)
(6.6, -0.4, 0.0)
(6.6, -0.4, 0.0)
(6.6, -0.4, 0.0)
(6.6, -0.4, 0.0)
(6.6, -0.4, 0.0)
(6.6, -0.4, 0.0)
(6.6, -0.4, 0.0)
(6.6, -0.4, 0.0)
(6.6, -0.4, 0.0)
(6.6, -0.4, 0.0)
(6.6, -0.4, 0.0)
(6.6, -0.4, 0.0)
(6.6, -0.4, 0.0)
(6.6, -0.4, 0.0)
(6.6, -0.4, 0.0)
(6.6, -0.4, 0.0)
(6.6, -0.4, 0.0)
(6.6, -0.4, 0.0)
(6.6, -0.4, 0.0)
(6.6, -0.4, 0.0)
(6.6, -0.4, 0.0)
(6.6, -0.4, 0.0)
(6.6, -0.4, 0.0)
(6.6, -0.4, 0.0)
(6.6, -0.4, 0.0)
(6.6, -0.4, 0.0)
(6.6, -0.4, 0.0)
(6.6, -0.4, 0.0)
(6.6, -0.4, 0.0)
(6.6, -0.4, 0.0)
(6.6, -0.4, 0.0)
(6.6, -0.4, 0.0)
(6.6, -0.4, 0.0)
(6.6, -0.4, 0.0)
(6.6, -0.4, 0.0)
(6.6, -0.4, 0.0)
(6.6, -0.4, 0.0)
(6.6, -0.4, 0.0)
(6.6, -0.4, 0.0)
(6.6, -0.4, 0.0)
(6.6, -0.4, 0.0)
(6.6, -0.4, 0.0)
(6.6, -0.4, 0.0)
(6.6, -0.4, 0.0)
(6.6, -0.4, 0.0)
(6.6, -0.4, 0.0)
(6.6, -0.4, 0.0)
(6.6, -0.4, 0.0)
(6.6, -0.4, 0.0)
(6.6, -0.4, 0.0)
(6.6, -0.4, 0.0)
(6.6, -0.4, 0.0)
(6.6, -0.4, 0.0)
(6.6, -0.4, 0.0)
(6.6, -0.4, 0.0)
(6.6, -0.4, 0.0)
(6.6, -0.4, 0.0)
(6.6, -0.4, 0.0)
(6.6, -0.4, 0.0)
(6.6, -0.4, 0.0)
(6.6, -0.4, 0.0)
(6.6, -0.4, 0.0)
(6.6, -0.4, 0.0)
(6.6, -0.4, 0.0)
(6.6, -0.4, 0.0)
(6.6, -0.4, 0.0)
(6.6, -0.4, 0.0)
(6.6, -0.4, 0.0)
(6.6, -0.4, 0.0)
(6.6, -0.4, 0.0)
(6.6, -0.4, 0.0)
(6.6, -0.4, 0.0)
(6.6, -0.4, 0.0)
(6.6, -0.4, 0.0)
(6.6, -0.4, 0.0)
(6.6, -0.4, 0.0)
(6.6, -0.4, 0.0)
(6.6, -0.4, 0.0)
(6.6, -0.4, 0.0)
(6.6, -0.4, 0.0)
(6.6, -0.4, 0.0)
(6.6, -0.4, 0.0)
(6.6, -0.4, 0.0)
(6.6, -0.4, 0.0)
(6.6, -0.4, 0.0)
(6.6, -0.4, 0.0)
(6.6, -0.4, 0.0)
(6.6, -0.4, 0.0)
(6.6, -0.4, 0.0)
(6.6, -0.4, 0.0)
(6.6, -0.4, 0.0)
(6.6, -0.4, 0.0)
(6.6, -0.4, 0.0)
(6.6, -0.4, 0.0)
(6.6, -0.4, 0.0)
(6.6, -0.4, 0.0)
(6.6, -0.4, 0.0)
(6.6, -0.4, 0.0)
(6.6, -0.4, 0.0)
(6.6, -0.4, 0.0)
(6.6, -0.4, 0.0)
(6.6, -0.4, 0.0)
(6.6, -0.4, 0.0)
(6.6, -0.4, 0.0)
(6.6, -0.4, 0.0)
(6.6, -0.4, 0.0)
(6.6, -0.4, 0.0)
(6.6, -0.4, 0.0)
(6.6, -0.4, 0.0)
(6.6, -0.4, 0.0)
(6.6, -0.4, 0.0)
(6.6, -0.4, 0.0)
(6.6, -0.4, 0.0)
(6.6, -0.4, 0.0)
(6.6, -0.4, 0.0)
(6.6, -0.4, 0.0)
(6.6, -0.4, 0.0)
(6.6, -0.4, 0.0)
(6.6, -0.4, 0.0)
(6.6, -0.4, 0.0)
(6.6, -0.4, 0.0)
(6.6, -0.4, 0.0)
(6.6, -0.4, 0.0)
(6.6, -0.4, 0.0)
(6.6, -0.4, 0.0)
(6.6, -0.4, 0.0)
(6.6, -0.4, 0.0)
(6.6, -0.4, 0.0)
(6.6, -0.4, 0.0)
(6.6, -0.4, 0.0)
(6.6, -0.4, 0.0)
(6.6, -0.4, 0.0)
(6.6, -0.4, 0.0)
(6.6, -0.4, 0.0)
(6.6, -0.4, 0.0)
(6.6, -0.4, 0.0)
(6.6, -0.4, 0.0)
(6.6, -0.4, 0.0)
(6.6, -0.4, 0.0)
(6.6, -0.4, 0.0)
(6.6, -0.4, 0.0)
(6.6, -0.4, 0.0)
(6.6, -0.4, 0.0)
(6.6, -0.4, 0.0)
(6.6, -0.4, 0.0)
(6.6, -0.4, 0.0)
(6.6, -0.4, 0.0)
(6.6, -0.4, 0.0)
(6.6, -0.4, 0.0)
(6.6, -0.4, 0.0)
(6.6, -0.4, 0.0)
(6.6, -0.4, 0.0)
(6.6, -0.4, 0.0)
(6.6, -0.4, 0.0)
(6.6, -0.4, 0.0)
(6.6, -0.4, 0.0)
(6.6, -0.4, 0.0)
(6.6, -0.4, 0.0)
(6.6, -0.4, 0.0)
(6.6, -0.4, 0.0)
(6.6, -0.4, 0.0)
(6.6, -0.4, 0.0)
(6.6, -0.4, 0.0)
(6.6, -0.4, 0.0)
(6.6, -0.4, 0.0)
(6.6, -0.4, 0.0)
(6.6, -0.4, 0.0)
(6.6, -0.4, 0.0)
(6.6, -0.4, 0.0)
(6.6, -0.4, 0.0)
(6.6, -0.4, 0.0)
(6.6, -0.4, 0.0)
(6.6, -0.4, 0.0)
(6.6, -0.4, 0.0)
(6.6, -0.4, 0.0)
(6.6, -0.4, 0.0)
(6.6, -0.4, 0.0)
(6.6, -0.4, 0.0)
(6.6, -0.4, 0.0)
(6.6, -0.4, 0.0)
(6.6, -0.4, 0.0)
(6.6, -0.4, 0.0)
(6.6, -0.4, 0.0)
(6.6, -0.4, 0.0)
(6.6, -0.4, 0.0)
(6.6, -0.4, 0.0)
(6.6, -0.4, 0.0)
(6.6, -0.4, 0.0)
(6.6, -0.4, 0.0)
(6.6, -0.4, 0.0)
(0.0, -0.4, 0.0)
(2.3, 0.7, 0.0)
(4.3, 1.9, 0.0)
(6.0, 3.0, 0.0)
(8.6, 3.4, 0.0)
(11.1, 2.8, 0.0)
(12.1, 1.9, 0.0)
(12.1, 1.9, 0.0)
(12.1, 1.9, 0.0)
(12.1, 1.9, 0.0)
(12.1, 1.9, 0.0)
(12.1, 1.9, 0.0)
(12.1, 1.9, 0.0)
(0.0, -0.4, 0.0)
(0.0, -0.4, 0.0)
(0.0, -0.4, 0.0)
(0.0, -0.4, 0.0)
(0.0, -0.4, 0.0)
(0.0, -0.4, 0.0)
(0.0, -0.4, 0.0)
(0.0, -0.4, 0.0)
(1.7, 0.4, 0.0)
(3.9, 1.9, 0.0)
(5.5, 3.0, 0.0)
(8.3, 3.3, 0.0)
(10.9, 2.5, 0.0)
(11.7, 1.9, 0.0)
(11.7, 1.9, 0.0)
(11.7, 1.9, 0.0)
(11.7, 1.9, 0.0)
(11.7, 1.9, 0.0)
(11.7, 1.9, 0.0)
(11.7, 1.9, 0.0)
(0.0, -0.4, 0.0)
(1.8, 0.6, 0.0)
(3.9, 1.7, 0.0)
(5.7, 2.6, 0.0)
(7.3, 3.3, 0.0)
(10.1, 2.9, 0.0)
(12.9, 2.1, 0.0)
(15.1, 1.6, 0.0)
(16.9, 3.0, 0.0)
(18.1, 4.5, 0.0)
(19.1, 3.7, 0.0)
(19.7, 1.9, 0.0)
(19.7, 1.9, 0.0)
(19.7, 1.9, 0.0)
(19.7, 1.9, 0.0)
(19.7, 1.9, 0.0)
(19.7, 1.9, 0.0)
(19.7, 1.9, 0.0)
(0.0, -0.4, 0.0)
(1.9, 0.7, 0.0)
(4.0, 1.8, 0.0)
(5.7, 2.9, 0.0)
(8.0, 3.4, 0.0)
(10.5, 3.1, 0.0)
(12.3, 1.9, 0.0)
(12.3, 1.9, 0.0)
(12.3, 1.9, 0.0)
(12.3, 1.9, 0.0)
(12.3, 1.9, 0.0)
(12.3, 1.9, 0.0)
(12.3, 1.9, 0.0)
(0.0, -0.4, 0.0)
(2.4, 0.8, 0.0)
(4.4, 1.8, 0.0)
(6.1, 2.8, 0.0)
(8.7, 3.2, 0.0)
(11.0, 3.1, 0.0)
(12.5, 1.9, 0.0)
(12.5, 1.9, 0.0)
(12.5, 1.9, 0.0)
(12.5, 1.9, 0.0)
(12.5, 1.9, 0.0)
(12.5, 1.9, 0.0)
(12.5, 1.9, 0.0)
(0.1, -0.3, 0.0)
(2.4, 1.1, 0.0)
(4.3, 2.3, 0.0)
(5.9, 3.5, 0.0)
(8.9, 3.1, 0.0)
(11.3, 2.6, 0.0)
(13.9, 2.0, 0.0)
(16.6, 1.6, 0.0)
(17.9, 1.5, 0.0)
(17.9, 1.5, 0.0)
(17.9, 1.5, 0.0)
(17.9, 1.5, 0.0)
(17.9, 1.5, 0.0)
(17.9, 1.5, 0.0)
(17.9, 1.5, 0.0)
(0.4, -0.1, 0.0)
(2.8, 1.4, 0.0)
(4.6, 2.5, 0.0)
(6.3, 3.6, 0.0)
(9.3, 3.3, 0.0)
(11.9, 2.9, 0.0)
(14.3, 2.3, 0.0)
(17.1, 2.4, 0.0)
(19.3, 2.9, 0.0)
(22.2, 2.6, 0.0)
(24.3, 2.4, 0.0)
(25.6, 1.7, 0.0)
(25.6, 1.7, 0.0)
(25.6, 1.7, 0.0)
(25.6, 1.7, 0.0)
(25.6, 1.7, 0.0)
(25.6, 1.7, 0.0)
(25.6, 1.7, 0.0)
(0.0, -0.4, 0.0)
(0.9, 0.3, 0.0)
(3.2, 1.8, 0.0)
(4.8, 3.0, 0.0)
(6.3, 3.9, 0.0)
(9.2, 3.5, 0.0)
(11.8, 3.0, 0.0)
(14.2, 2.3, 0.0)
(15.8, 3.3, 0.0)
(15.8, 3.3, 0.0)
(15.8, 3.3, 0.0)
(15.8, 3.3, 0.0)
(15.8, 3.3, 0.0)
(15.8, 3.3, 0.0)
(15.8, 3.3, 0.0)
(0.0, -0.4, 0.0)
(2.3, 1.0, 0.0)
(4.2, 2.1, 0.0)
(5.9, 3.2, 0.0)
(8.4, 3.5, 0.0)
(11.0, 2.7, 0.0)
(12.0, 1.9, 0.0)
(12.0, 1.9, 0.0)
(12.0, 1.9, 0.0)
(12.0, 1.9, 0.0)
(12.0, 1.9, 0.0)
(12.0, 1.9, 0.0)
(12.0, 1.9, 0.0)
(0.2, -0.2, 0.0)
(2.7, 1.3, 0.0)
(4.4, 2.4, 0.0)
(6.1, 3.5, 0.0)
(8.9, 3.5, 0.0)
(11.5, 3.1, 0.0)
(14.0, 2.4, 0.0)
(16.6, 2.3, 0.0)
(19.0, 2.8, 0.0)
(21.2, 2.5, 0.0)
(23.9, 2.5, 0.0)
(26.4, 2.6, 0.0)
(29.0, 3.0, 0.0)
(31.7, 2.8, 0.0)
(33.8, 2.2, 0.0)
(33.8, -0.4, 0.0)
(33.8, 0.4, 0.0)
(33.7, 1.3, 0.0)
(33.7, -0.2, 0.0)
(33.8, 0.6, 0.0)
(33.9, 0.4, 0.0)
(34.0, -0.4, 0.0)
(33.8, 0.7, 0.0)
(33.5, 1.1, 0.0)
(33.3, -0.4, 0.0)
(33.8, 1.6, 0.0)
(35.3, 2.8, 0.0)
(37.8, 2.5, 0.0)
(40.6, 2.2, 0.0)
(43.5, 1.9, 0.0)
(45.7, 1.4, 0.0)
(46.2, -0.4, 0.0)
(0.0, -0.4, 0.0)
(1.1, 0.6, 0.0)
(1.7, 1.8, 0.0)
(-0.3, 2.7, 0.0)
(-1.9, 1.1, 0.0)
(-1.7, 0.0, 0.0)
(-0.7, -0.4, 0.0)
(0.8, 0.6, 0.0)
(3.6, 0.1, 0.0)
(4.9, -0.3, 0.0)
(3.2, 0.5, 0.0)
(1.2, -0.4, 0.0)
(0.8, 1.1, 0.0)
(3.1, -0.2, 0.0)
(3.0, 0.1, 0.0)
(1.4, -0.4, 0.0)
(1.6, 0.5, 0.0)
(3.3, 0.1, 0.0)
(3.9, -0.2, 0.0)
(2.7, 0.8, 0.0)
(0.4, -0.1, 0.0)
(0.1, -0.1, 0.0)
(1.5, 0.8, 0.0)
(3.0, -0.4, 0.0)
(1.9, 0.7, 0.0)
(1.0, -0.4, 0.0)
(0.5, 0.3, 0.0)
(-0.3, 1.2, 0.0)
(-1.0, -0.2, 0.0)
(-1.1, -0.4, 0.0)
(0.0, -0.4, 0.0)
(1.0, 0.2, 0.0)
(2.5, 1.0, 0.0)
(4.9, 2.5, 0.0)
(6.6, 3.6, 0.0)
(9.5, 3.1, 0.0)
(12.0, 1.9, 0.0)
(12.0, 1.9, 0.0)
(12.0, 1.9, 0.0)
(12.0, 1.9, 0.0)
(12.0, 1.9, 0.0)
(12.0, 1.9, 0.0)
(12.0, 1.9, 0.0)
(0.0, -0.4, 0.0)
(0.0, -0.4, 0.0)
(0.0, -0.4, 0.0)
(1.1, 0.1, 0.0)
(3.5, 1.7, 0.0)
(5.2, 2.9, 0.0)
(6.8, 3.9, 0.0)
(9.8, 3.5, 0.0)
(12.3, 2.7, 0.0)
(14.8, 2.1, 0.0)
(17.5, 2.2, 0.0)
(19.7, 2.8, 0.0)
(21.6, 1.8, 0.0)
(22.9, -0.4, 0.0)
(22.9, -0.4, 0.0)
(22.9, -0.4, 0.0)
(22.9, -0.4, 0.0)
(23.5, 0.1, 0.0)
(25.3, 2.1, 0.0)
(24.4, 1.5, 0.0)
(22.7, -0.4, 0.0)
(22.1, 0.4, 0.0)
(20.2, 2.6, 0.0)
(18.4, 2.9, 0.0)
(16.0, 2.0, 0.0)
(13.4, 2.2, 0.0)
(11.3, 3.1, 0.0)
(12.8, 2.7, 0.0)
(15.0, 2.1, 0.0)
(17.7, 2.2, 0.0)
(19.8, 2.7, 0.0)
(22.4, 2.4, 0.0)
(24.7, 2.6, 0.0)
(22.8, 2.7, 0.0)
(20.7, 2.9, 0.0)
(17.9, 2.3, 0.0)
(15.7, 1.9, 0.0)
(15.7, -0.4, 0.0)
(15.7, -0.4, 0.0)
(15.7, -0.4, 0.0)
(15.7, -0.4, 0.0)
(15.7, -0.4, 0.0)
(15.7, -0.4, 0.0)
(15.7, -0.4, 0.0)
(15.7, -0.4, 0.0)
(15.7, -0.4, 0.0)
(15.7, -0.4, 0.0)
(15.7, -0.4, 0.0)
(15.6, 0.2, 0.0)
(15.1, 2.3, 0.0)
(14.7, 1.7, 0.0)
(14.6, -0.2, 0.0)
(15.5, 1.2, 0.0)
(17.3, 2.2, 0.0)
(19.6, 2.8, 0.0)
(21.4, 1.7, 0.0)
(22.7, -0.4, 0.0)
(22.7, -0.4, 0.0)
(22.7, -0.4, 0.0)
(22.7, -0.4, 0.0)
(22.7, -0.4, 0.0)
(22.7, -0.4, 0.0)
(22.7, -0.4, 0.0)
(22.7, -0.4, 0.0)
(24.3, 1.3, 0.0)
(26.0, 2.8, 0.0)
(28.6, 3.1, 0.0)
(30.9, 3.0, 0.0)
(33.7, 2.5, 0.0)
(34.1, -0.1, 0.0)
(34.1, -0.4, 0.0)
(34.1, -0.4, 0.0)
(34.0, 1.0, 0.0)
(33.8, 2.9, 0.0)
(33.7, 2.2, 0.0)
(33.6, -0.4, 0.0)
(33.6, -0.4, 0.0)
(33.9, 1.3, 0.0)
(34.2, 2.7, 0.0)
(34.4, 2.4, 0.0)
(34.6, -0.4, 0.0)
(34.6, -0.4, 0.0)
(34.6, -0.4, 0.0)
(34.6, -0.4, 0.0)
(34.6, -0.4, 0.0)
(34.6, -0.4, 0.0)
(34.2, 0.9, 0.0)
(33.7, 2.2, 0.0)
(34.3, -0.3, 0.0)
(34.3, -0.4, 0.0)
(34.3, -0.4, 0.0)
(34.3, -0.4, 0.0)
(34.3, -0.4, 0.0)
(34.3, -0.4, 0.0)
(34.3, -0.4, 0.0)
(34.3, -0.4, 0.0)
(34.3, -0.4, 0.0)
(34.3, -0.4, 0.0)
(34.3, -0.4, 0.0)
(34.3, -0.4, 0.0)
(34.3, -0.4, 0.0)
(34.3, -0.4, 0.0)
(34.3, -0.4, 0.0)
(34.3, -0.4, 0.0)
(34.2, 0.8, 0.0)
(34.0, 2.2, 0.0)
(33.9, 1.9, 0.0)
(33.8, -0.4, 0.0)
(33.8, -0.4, 0.0)
(33.8, 1.2, 0.0)
(33.9, 2.5, 0.0)
(33.9, 1.6, 0.0)
(33.9, -0.4, 0.0)
(33.9, -0.4, 0.0)
(33.8, 1.3, 0.0)
(33.8, 2.5, 0.0)
(36.5, 2.9, 0.0)
(39.2, 2.7, 0.0)
(41.5, 2.2, 0.0)
(44.5, 1.6, 0.0)
(46.9, 2.0, 0.0)
(49.0, 3.4, 0.0)
(51.6, 4.3, 0.0)
(54.2, 4.8, 0.0)
(56.7, 4.2, 0.0)
(58.9, 2.4, 0.0)
(61.5, 2.3, 0.0)
(64.4, 2.7, 0.0)
(66.7, 3.8, 0.0)
(68.3, 5.5, 0.0)
(70.5, 4.4, 0.0)
(72.4, 3.0, 0.0)
(75.3, 2.3, 0.0)
(78.1, 3.2, 0.0)
(80.0, 1.1, 0.0)
(81.5, -0.3, 0.0)
(83.2, 0.4, 0.0)
(84.9, 2.6, 0.0)
(87.8, 2.6, 0.0)
(90.1, 0.3, 0.0)
(92.4, 1.5, 0.0)
(92.3, 4.1, 0.0)
(91.5, 5.5, 0.0)
(94.3, 5.4, 0.0)
(96.1, 5.4, 0.0)
(93.2, 5.1, 0.0)
(92.3, 3.6, 0.0)
(91.8, 0.8, 0.0)
(89.1, 1.0, 0.0)
(87.1, 2.7, 0.0)
(86.9, 2.8, 0.0)
(88.7, 1.2, 0.0)
(91.2, 0.7, 0.0)
(92.3, 3.3, 0.0)
(91.8, 4.8, 0.0)
(92.3, 2.0, 0.0)
(90.0, 0.2, 0.0)
(88.1, 2.1, 0.0)
(86.7, 2.7, 0.0)
(88.7, 1.2, 0.0)
(91.2, 0.5, 0.0)
(92.4, 1.6, 0.0)
(89.7, 0.3, 0.0)
(87.6, 2.4, 0.0)
(85.0, 1.7, 0.0)
(84.9, 2.5, 0.0)
(87.4, 2.8, 0.0)
(89.5, 0.7, 0.0)
(92.2, 1.5, 0.0)
(92.0, 4.1, 0.0)
(94.1, 5.1, 0.0)
(96.2, 5.4, 0.0)
(94.0, 5.3, 0.0)
(92.0, 5.1, 0.0)
(92.4, 2.1, 0.0)
(89.8, 0.3, 0.0)
(88.1, 2.4, 0.0)
(89.9, 0.7, 0.0)
(92.6, 1.9, 0.0)
(91.8, 4.3, 0.0)
(92.3, 3.3, 0.0)
(91.0, 0.7, 0.0)
(88.7, 1.8, 0.0)
(89.6, 0.1, 0.0)
(89.9, -0.4, 0.0)
(89.9, -0.4, 0.0)
(89.9, -0.4, 0.0)
(89.9, -0.4, 0.0)
(89.9, -0.4, 0.0)
(89.9, -0.4, 0.0)
(90.4, 0.0, 0.0)
(91.5, 0.7, 0.0)
(88.8, -0.2, 0.0)
(90.1, 0.4, 0.0)
(91.4, 0.6, 0.0)
(92.3, -0.4, 0.0)
(91.5, 0.6, 0.0)
(92.5, 2.7, 0.0)
(91.9, 4.3, 0.0)
(92.4, 1.6, 0.0)
(89.8, 0.3, 0.0)
(90.3, 0.4, 0.0)
(91.2, 0.8, 0.0)
(89.3, 0.0, 0.0)
(88.1, -0.4, 0.0)
(88.7, -0.1, 0.0)
(90.7, 0.6, 0.0)
(92.7, 2.2, 0.0)
(91.7, 4.8, 0.0)
(92.2, 3.6, 0.0)
(91.5, 0.7, 0.0)
(88.9, 1.3, 0.0)
(86.6, 2.6, 0.0)
(87.7, 2.6, 0.0)
(89.4, 0.5, 0.0)
(92.1, 1.1, 0.0)
(92.3, 3.9, 0.0)
(91.8, 5.4, 0.0)
(94.7, 5.5, 0.0)
(96.8, 5.6, 0.0)
(98.8, 4.3, 0.0)
(101.7, 3.5, 0.0)
(0.0, -0.4, 0.0)
(1.9, 0.7, 0.0)
(3.9, 2.1, 0.0)
(5.5, 3.2, 0.0)
(8.2, 3.4, 0.0)
(10.4, 3.2, 0.0)
(13.2, 2.2, 0.0)
(15.3, 1.5, 0.0)
(18.0, 2.4, 0.0)
(19.9, 3.1, 0.0)
(22.3, 2.5, 0.0)
(24.7, 2.5, 0.0)
(27.6, 2.9, 0.0)
(30.0, 3.2, 0.0)
(32.7, 2.6, 0.0)
(35.5, 2.7, 0.0)
(37.7, 2.9, 0.0)
(40.4, 2.4, 0.0)
(42.9, 1.7, 0.0)
(44.3, 1.4, 0.0)
(44.3, 1.4, 0.0)
(44.3, 1.4, 0.0)
(44.3, 1.4, 0.0)
(44.3, 1.4, 0.0)
(44.3, 1.4, 0.0)
(44.3, 1.4, 0.0)
(0.0, -0.4, 0.0)
(0.0, -0.4, 0.0)
(0.5, -0.1, 0.0)
(2.5, 1.1, 0.0)
(4.6, 2.3, 0.0)
(6.2, 3.4, 0.0)
(7.8, 3.2, 0.0)
(9.3, 0.5, 0.0)
(9.7, -0.4, 0.0)
(9.7, -0.4, 0.0)
(10.0, 2.0, 0.0)
(10.3, 3.8, 0.0)
(13.1, 2.6, 0.0)
(15.0, 1.9, 0.0)
(17.0, 0.5, 0.0)
(17.7, -0.4, 0.0)
(17.7, -0.4, 0.0)
(16.8, 0.5, 0.0)
(16.7, 1.7, 0.0)
(19.1, 2.7, 0.0)
(20.9, 3.1, 0.0)
(23.9, 2.9, 0.0)
(26.5, 3.0, 0.0)
(29.0, 3.2, 0.0)
(31.9, 2.7, 0.0)
(34.6, 2.6, 0.0)
(37.0, 3.0, 0.0)
(39.9, 2.5, 0.0)
(42.4, 1.9, 0.0)
(45.0, 1.7, 0.0)
(47.6, 2.2, 0.0)
(49.7, 3.3, 0.0)
(52.0, 5.0, 0.0)
(54.6, 5.1, 0.0)
(56.9, 3.7, 0.0)
(59.6, 2.5, 0.0)
(62.3, 2.4, 0.0)
(64.7, 3.0, 0.0)
(67.2, 1.6, 0.0)
(69.2, 0.6, 0.0)
(70.1, 1.3, 0.0)
(70.1, 1.3, 0.0)
(70.1, 1.3, 0.0)
(70.1, 1.3, 0.0)
(70.1, 1.3, 0.0)
(70.1, 1.3, 0.0)
(0.0, -0.4, 0.0)
(0.9, 0.2, 0.0)
(3.3, 1.6, 0.0)
(5.1, 2.8, 0.0)
(7.1, 3.6, 0.0)
(9.8, 3.4, 0.0)
(12.5, 2.7, 0.0)
(14.8, 2.1, 0.0)
(17.5, 2.6, 0.0)
(19.6, 3.1, 0.0)
(22.4, 2.7, 0.0)
(24.6, 2.6, 0.0)
(27.4, 3.0, 0.0)
(29.8, 3.3, 0.0)
(32.5, 2.6, 0.0)
(35.3, 2.7, 0.0)
(38.0, 2.8, 0.0)
(40.5, 2.3, 0.0)
(43.3, 1.9, 0.0)
(45.6, 1.7, 0.0)
(48.3, 2.6, 0.0)
(50.6, 4.1, 0.0)
(52.8, 5.1, 0.0)
(55.6, 4.7, 0.0)
(57.9, 2.8, 0.0)
(60.7, 2.3, 0.0)
(63.5, 2.6, 0.0)
(65.5, 3.1, 0.0)
(67.7, 5.0, 0.0)
(69.9, 5.0, 0.0)
(72.0, 3.9, 0.0)
(74.8, 2.6, 0.0)
(77.5, 3.3, 0.0)
(79.8, 1.9, 0.0)
(82.4, 0.9, 0.0)
(84.8, 2.1, 0.0)
(87.4, 2.7, 0.0)
(89.2, 0.6, 0.0)
(91.7, 1.5, 0.0)
(91.9, 4.2, 0.0)
(92.0, 5.6, 0.0)
(94.8, 5.4, 0.0)
(97.4, 5.2, 0.0)
(99.9, 4.9, 0.0)
(101.9, 2.7, 0.0)
(0.0, -0.4, 0.0)
(0.8, 0.4, 0.0)
(3.1, 1.7, 0.0)
(5.1, 2.7, 0.0)
(6.8, 3.5, 0.0)
(6.8, 0.9, 0.0)
(6.6, -0.4, 0.0)
(6.6, -0.4, 0.0)
(6.6, -0.4, 0.0)
(0.0, -0.4, 0.0)
(2.0, 0.8, 0.0)
(4.1, 2.0, 0.0)
(5.8, 3.0, 0.0)
(8.2, 3.4, 0.0)
(10.5, 2.9, 0.0)
(13.4, 2.1, 0.0)
(15.7, 1.8, 0.0)
(18.4, 2.7, 0.0)
(20.2, 3.1, 0.0)
(23.1, 2.6, 0.0)
(25.3, 2.5, 0.0)
(28.1, 3.0, 0.0)
(30.6, 3.1, 0.0)
(33.2, 2.7, 0.0)
(36.1, 2.6, 0.0)
(39.0, 2.6, 0.0)
(41.4, 2.6, 0.0)
(44.3, 1.8, 0.0)
(46.8, 2.1, 0.0)
(48.9, 3.3, 0.0)
(51.4, 4.3, 0.0)
(53.6, 4.8, 0.0)
(56.3, 4.2, 0.0)
(58.9, 2.7, 0.0)
(61.4, 2.3, 0.0)
(64.2, 3.0, 0.0)
(66.5, 1.9, 0.0)
(68.2, 0.4, 0.0)
(70.5, 1.5, 0.0)
(72.4, 2.6, 0.0)
(75.2, 2.4, 0.0)
(78.0, 3.2, 0.0)
(80.2, 1.3, 0.0)
(83.1, 0.6, 0.0)
(85.2, 2.2, 0.0)
(88.0, 2.6, 0.0)
(90.3, 0.6, 0.0)
(92.3, 2.4, 0.0)
(91.8, 5.1, 0.0)
(94.7, 5.2, 0.0)
(97.2, 5.1, 0.0)
(99.8, 4.8, 0.0)
(101.8, 3.3, 0.0)
(0.0, -0.4, 0.0)
(0.0, -0.4, 0.0)
(0.0, -0.4, 0.0)
(0.0, -0.4, 0.0)
(0.0, -0.4, 0.0)
(0.0, -0.4, 0.0)
(0.0, -0.4, 0.0)
(0.0, -0.4, 0.0)
(0.0, -0.4, 0.0)
(0.0, -0.4, 0.0)
(0.0, -0.4, 0.0)
(0.0, -0.4, 0.0)
(0.0, -0.4, 0.0)
(0.0, -0.4, 0.0)
(0.0, -0.4, 0.0)
(0.0, -0.4, 0.0)
(0.0, -0.4, 0.0)
(0.0, -0.4, 0.0)
(0.0, -0.4, 0.0)
(0.0, -0.4, 0.0)
(2.4, 1.1, 0.0)
(4.2, 2.3, 0.0)
(5.8, 3.5, 0.0)
(8.5, 3.6, 0.0)
(10.7, 3.3, 0.0)
(13.6, 2.4, 0.0)
(15.7, 1.8, 0.0)
(18.5, 2.4, 0.0)
(20.4, 2.7, 0.0)
(23.3, 2.6, 0.0)
(25.6, 2.7, 0.0)
(28.5, 3.0, 0.0)
(31.3, 2.8, 0.0)
(33.6, 2.4, 0.0)
(36.5, 2.9, 0.0)
(39.3, 2.6, 0.0)
(41.7, 2.3, 0.0)
(44.5, 1.9, 0.0)
(47.0, 2.1, 0.0)
(49.1, 3.1, 0.0)
(51.5, 4.3, 0.0)
(54.1, 5.0, 0.0)
(56.5, 4.1, 0.0)
(59.1, 2.6, 0.0)
(61.8, 2.3, 0.0)
(64.4, 2.8, 0.0)
(66.5, 2.0, 0.0)
(68.2, 0.2, 0.0)
(70.5, 1.4, 0.0)
(72.5, 2.6, 0.0)
(75.3, 2.7, 0.0)
(78.2, 3.2, 0.0)
(80.3, 0.9, 0.0)
(83.2, 0.4, 0.0)
(85.3, 2.2, 0.0)
(88.0, 2.6, 0.0)
(90.3, 0.6, 0.0)
(92.4, 1.8, 0.0)
(91.6, 4.5, 0.0)
(93.4, 5.1, 0.0)
(95.6, 5.3, 0.0)
(98.5, 5.2, 0.0)
(100.7, 4.9, 0.0)
(0.0, -0.4, 0.0)
(2.3, 1.0, 0.0)
(4.2, 2.2, 0.0)
(5.8, 3.3, 0.0)
(8.4, 3.5, 0.0)
(10.6, 3.1, 0.0)
(13.5, 2.1, 0.0)
(15.8, 1.7, 0.0)
(18.5, 2.5, 0.0)
(20.4, 2.6, 0.0)
(23.2, 2.5, 0.0)
(25.3, 2.7, 0.0)
(28.3, 2.7, 0.0)
(31.2, 2.7, 0.0)
(33.7, 2.7, 0.0)
(36.5, 2.7, 0.0)
(39.5, 2.7, 0.0)
(42.0, 2.5, 0.0)
(44.6, 1.8, 0.0)
(47.1, 1.9, 0.0)
(49.3, 2.9, 0.0)
(51.7, 4.5, 0.0)
(54.5, 5.1, 0.0)
(56.9, 3.8, 0.0)
(59.6, 2.6, 0.0)
(62.2, 2.3, 0.0)
(64.7, 2.8, 0.0)
(67.0, 4.4, 0.0)
(68.9, 5.3, 0.0)
(71.3, 3.9, 0.0)
(73.9, 2.9, 0.0)
(76.8, 2.8, 0.0)
(79.3, 2.1, 0.0)
(81.6, 0.7, 0.0)
(84.1, 1.0, 0.0)
(85.7, 2.9, 0.0)
(86.9, 2.7, 0.0)
(84.6, 1.4, 0.0)
(84.7, 1.8, 0.0)
(87.0, 2.9, 0.0)
(88.8, 1.2, 0.0)
(90.7, 0.6, 0.0)
(92.4, 2.5, 0.0)
(91.8, 5.0, 0.0)
(92.9, 2.6, 0.0)
(91.0, 0.3, 0.0)
(89.0, -0.4, 0.0)
(88.4, -0.4, 0.0)
(88.4, -0.4, 0.0)
(88.4, -0.4, 0.0)
(88.7, -0.2, 0.0)
(90.0, 0.1, 0.0)
(90.6, -0.4, 0.0)
(91.5, 0.3, 0.0)
(92.7, -0.1, 0.0)
(92.9, -0.4, 0.0)
(92.9, -0.4, 0.0)
(92.9, -0.4, 0.0)
(92.9, -0.4, 0.0)
(92.9, -0.4, 0.0)
(92.9, -0.4, 0.0)
(0.0, -0.4, 0.0)
(1.8, 0.8, 0.0)
(3.9, 2.0, 0.0)
(5.6, 3.1, 0.0)
(8.5, 3.2, 0.0)
(10.6, 3.1, 0.0)
(13.5, 2.1, 0.0)
(15.7, 1.6, 0.0)
(18.4, 2.3, 0.0)
(20.3, 2.8, 0.0)
(23.2, 2.6, 0.0)
(25.4, 2.6, 0.0)
(28.2, 2.9, 0.0)
(30.5, 3.2, 0.0)
(33.2, 2.5, 0.0)
(33.6, -0.1, 0.0)
(33.6, -0.4, 0.0)
(33.6, -0.4, 0.0)
(0.0, -0.4, 0.0)
(1.8, 0.8, 0.0)
(3.9, 2.2, 0.0)
(5.5, 3.3, 0.0)
(8.1, 3.5, 0.0)
(10.3, 3.2, 0.0)
(13.2, 2.3, 0.0)
(15.4, 1.8, 0.0)
(18.2, 2.5, 0.0)
(20.2, 2.5, 0.0)
(23.0, 2.3, 0.0)
(25.2, 2.4, 0.0)
(28.1, 2.9, 0.0)
(30.9, 2.9, 0.0)
(33.2, 2.6, 0.0)
(36.1, 2.6, 0.0)
(38.9, 2.7, 0.0)
(41.3, 2.6, 0.0)
(44.1, 1.8, 0.0)
(46.4, 1.4, 0.0)
(48.9, 2.7, 0.0)
(51.1, 4.0, 0.0)
(53.6, 5.0, 0.0)
(56.1, 4.4, 0.0)
(58.5, 2.6, 0.0)
(61.0, 2.2, 0.0)
(63.9, 2.6, 0.0)
(66.0, 2.7, 0.0)
(68.1, 0.6, 0.0)
(70.2, 1.1, 0.0)
(71.9, 2.6, 0.0)
(74.5, 2.4, 0.0)
(77.3, 2.9, 0.0)
(79.7, 2.1, 0.0)
(82.1, 0.6, 0.0)
(84.2, 1.8, 0.0)
(86.6, 2.8, 0.0)
(88.6, 1.2, 0.0)
(91.1, 0.6, 0.0)
(92.1, 3.3, 0.0)
(92.6, 5.1, 0.0)
(95.1, 5.2, 0.0)
(97.7, 4.8, 0.0)
(99.9, 3.9, 0.0)
(101.9, 0.9, 0.0)
(0.0, -0.4, 0.0)
(2.2, 1.1, 0.0)
(4.2, 2.3, 0.0)
(5.8, 3.4, 0.0)
(8.3, 3.3, 0.0)
(10.5, 2.4, 0.0)
(11.7, 1.9, 0.0)
(11.7, 1.9, 0.0)
(11.7, 1.9, 0.0)
(11.7, 1.9, 0.0)
(11.7, 1.9, 0.0)
(11.7, 1.9, 0.0)
(11.7, 1.9, 0.0)
(0.1, -0.3, 0.0)
(2.4, 1.1, 0.0)
(4.3, 2.3, 0.0)
(6.2, 3.2, 0.0)
(9.0, 3.2, 0.0)
(11.7, 2.9, 0.0)
(14.0, 2.3, 0.0)
(16.8, 2.5, 0.0)
(18.9, 3.0, 0.0)
(21.6, 2.7, 0.0)
(23.9, 2.6, 0.0)
(26.5, 2.8, 0.0)
(28.9, 3.2, 0.0)
(31.8, 2.8, 0.0)
(34.0, 2.4, 0.0)
(35.5, 0.8, 0.0)
(35.5, 0.8, 0.0)
(35.5, 0.8, 0.0)
(35.5, 0.8, 0.0)
(35.5, 0.8, 0.0)
(35.5, 0.8, 0.0)
(35.5, 0.8, 0.0)
(0.6, 0.0, 0.0)
(2.8, 1.2, 0.0)
(4.8, 2.4, 0.0)
(6.7, 3.4, 0.0)
(9.5, 3.4, 0.0)
(12.0, 2.7, 0.0)
(14.4, 1.8, 0.0)
(17.0, 2.0, 0.0)
(19.2, 2.7, 0.0)
(21.6, 2.5, 0.0)
(24.1, 2.5, 0.0)
(26.6, 2.7, 0.0)
(29.1, 3.1, 0.0)
(31.9, 2.6, 0.0)
(34.6, 2.4, 0.0)
(37.0, 2.8, 0.0)
(40.0, 2.6, 0.0)
(42.6, 2.1, 0.0)
(45.1, 1.7, 0.0)
(47.8, 2.5, 0.0)
(50.1, 3.6, 0.0)
(52.5, 4.7, 0.0)
(55.3, 4.9, 0.0)
(57.3, 2.7, 0.0)
(60.2, 2.2, 0.0)
(63.0, 2.5, 0.0)
(65.1, 3.0, 0.0)
(67.4, 1.3, 0.0)
(69.5, 0.6, 0.0)
(71.5, 2.1, 0.0)
(74.0, 2.5, 0.0)
(76.9, 2.9, 0.0)
(79.3, 2.4, 0.0)
(81.4, 0.7, 0.0)
(84.0, 1.3, 0.0)
(85.8, 2.7, 0.0)
(88.3, 1.6, 0.0)
(90.9, 0.5, 0.0)
(92.5, 2.7, 0.0)
(91.6, 5.1, 0.0)
(94.3, 5.3, 0.0)
(96.5, 5.3, 0.0)
(99.4, 4.5, 0.0)
(101.3, 2.9, 0.0)
(0.0, -0.4, 0.0)
(0.0, -0.4, 0.0)
(0.0, -0.4, 0.0)
(0.0, -0.4, 0.0)
(0.0, -0.4, 0.0)
(0.0, -0.4, 0.0)
(0.0, -0.4, 0.0)
(0.0, -0.4, 0.0)
(0.0, -0.4, 0.0)
(0.9, 0.1, 0.0)
(3.5, 0.8, 0.0)
(5.5, 0.5, 0.0)
(6.6, -0.2, 0.0)
(6.5, 1.4, 0.0)
(7.0, 3.6, 0.0)
(9.7, 3.2, 0.0)
(12.4, 2.5, 0.0)
(14.7, 2.0, 0.0)
(15.1, -0.4, 0.0)
(15.3, 0.2, 0.0)
(16.1, 1.7, 0.0)
(18.7, 2.6, 0.0)
(20.6, 2.7, 0.0)
(23.6, 2.6, 0.0)
(26.0, 2.7, 0.0)
(28.7, 3.1, 0.0)
(31.4, 2.9, 0.0)
(33.9, 2.5, 0.0)
(36.7, 2.7, 0.0)
(39.6, 2.7, 0.0)
(42.1, 2.4, 0.0)
(44.7, 1.6, 0.0)
(47.3, 2.1, 0.0)
(49.3, 3.3, 0.0)
(51.7, 4.8, 0.0)
(54.5, 5.2, 0.0)
(56.7, 3.7, 0.0)
(59.3, 2.5, 0.0)
(62.0, 2.3, 0.0)
(64.5, 2.9, 0.0)
(66.6, 1.7, 0.0)
(68.3, -0.1, 0.0)
(70.8, 1.5, 0.0)
(72.5, 2.5, 0.0)
(75.5, 2.4, 0.0)
(78.3, 3.3, 0.0)
(80.1, 0.8, 0.0)
(83.1, 0.6, 0.0)
(85.5, 2.4, 0.0)
(88.3, 2.0, 0.0)
(90.9, 0.9, 0.0)
(92.2, 3.3, 0.0)
(92.3, 5.1, 0.0)
(95.0, 5.3, 0.0)
(94.8, 5.4, 0.0)
(92.3, 5.3, 0.0)
(92.9, 3.2, 0.0)
(90.8, 0.7, 0.0)
(88.5, 2.1, 0.0)
(89.7, 0.3, 0.0)
(92.2, 1.9, 0.0)
(91.8, 4.5, 0.0)
(93.5, 5.3, 0.0)
(95.8, 5.3, 0.0)
(98.4, 4.5, 0.0)
(100.5, 3.1, 0.0)
(0.0, -0.4, 0.0)
(0.0, -0.4, 0.0)
(0.0, -0.4, 0.0)
(0.0, -0.4, 0.0)
(1.5, -0.3, 0.0)
(1.9, 0.8, 0.0)
(2.5, 0.4, 0.0)
(2.3, -0.4, 0.0)
(3.4, -0.2, 0.0)
(4.1, 0.5, 0.0)
(5.7, 0.1, 0.0)
(6.7, -0.4, 0.0)
(6.7, -0.4, 0.0)
(6.7, -0.4, 0.0)
(6.7, -0.4, 0.0)
(6.7, -0.4, 0.0)
(6.7, -0.4, 0.0)
(6.7, -0.4, 0.0)
(6.7, -0.4, 0.0)
(6.7, -0.4, 0.0)
(6.7, -0.4, 0.0)
(6.7, -0.4, 0.0)
(6.7, -0.4, 0.0)
(6.7, -0.4, 0.0)
(6.7, -0.4, 0.0)
(6.7, -0.4, 0.0)
(5.5, -0.1, 0.0)
(3.8, 0.3, 0.0)
(2.4, -0.3, 0.0)
(2.2, -0.4, 0.0)
(1.4, 1.5, 0.0)
(0.7, 1.3, 0.0)
(0.4, -0.2, 0.0)
(2.7, 1.2, 0.0)
(4.6, 2.4, 0.0)
(6.2, 3.5, 0.0)
(9.0, 3.4, 0.0)
(11.5, 2.9, 0.0)
(14.1, 2.1, 0.0)
(16.6, 1.8, 0.0)
(18.9, 2.7, 0.0)
(21.3, 2.8, 0.0)
(23.8, 2.6, 0.0)
(26.4, 2.7, 0.0)
(28.9, 3.2, 0.0)
(31.7, 2.9, 0.0)
(34.4, 2.7, 0.0)
(37.0, 2.7, 0.0)
(39.9, 2.7, 0.0)
(42.3, 2.3, 0.0)
(45.0, 1.6, 0.0)
(47.4, 1.9, 0.0)
(49.3, 3.2, 0.0)
(51.7, 4.8, 0.0)
(54.5, 5.2, 0.0)
(56.8, 3.7, 0.0)
(59.2, 2.3, 0.0)
(61.9, 2.1, 0.0)
(64.5, 2.6, 0.0)
(66.7, 1.8, 0.0)
(68.7, 0.1, 0.0)
(70.1, 0.8, 0.0)
(72.3, 2.6, 0.0)
(75.2, 2.2, 0.0)
(78.0, 3.3, 0.0)
(80.1, 1.2, 0.0)
(82.9, 0.5, 0.0)
(85.0, 2.1, 0.0)
(87.7, 2.7, 0.0)
(89.9, 0.6, 0.0)
(92.3, 2.1, 0.0)
(91.3, 4.7, 0.0)
(92.5, 3.1, 0.0)
(90.5, 0.6, 0.0)
(88.6, 1.8, 0.0)
(89.5, 0.5, 0.0)
(92.1, 1.2, 0.0)
(91.8, 3.8, 0.0)
(92.6, 5.1, 0.0)
(95.1, 5.2, 0.0)
(95.5, 5.3, 0.0)
(93.0, 5.1, 0.0)
(91.0, 4.8, 0.0)
(91.0, 4.3, 0.0)
(91.0, 4.3, 0.0)
(91.0, 4.3, 0.0)
(91.0, 4.3, 0.0)
(91.0, 4.3, 0.0)
(91.0, 4.3, 0.0)
(0.0, -0.4, 0.0)
(0.0, -0.4, 0.0)
(0.0, -0.4, 0.0)
(1.4, 0.4, 0.0)
(3.7, -0.4, 0.0)
(4.4, -0.4, 0.0)
(4.4, -0.4, 0.0)
(4.4, -0.4, 0.0)
(4.4, -0.4, 0.0)
(4.4, -0.4, 0.0)
(4.4, -0.4, 0.0)
(4.4, -0.4, 0.0)
(4.4, -0.4, 0.0)
(4.4, -0.4, 0.0)
(4.4, -0.4, 0.0)
(4.4, -0.4, 0.0)
(5.3, 1.0, 0.0)
(6.7, 3.1, 0.0)
(9.2, 3.4, 0.0)
(11.6, 2.6, 0.0)
(14.2, 1.9, 0.0)
(16.9, 2.2, 0.0)
(19.0, 3.1, 0.0)
(21.1, 2.7, 0.0)
(23.9, 2.5, 0.0)
(26.5, 2.6, 0.0)
(29.0, 3.1, 0.0)
(31.8, 2.9, 0.0)
(34.4, 2.6, 0.0)
(36.9, 2.6, 0.0)
(39.9, 2.5, 0.0)
(42.4, 1.8, 0.0)
(44.9, 1.6, 0.0)
(47.5, 2.3, 0.0)
(49.5, 3.2, 0.0)
(52.0, 4.7, 0.0)
(54.9, 5.2, 0.0)
(57.0, 3.6, 0.0)
(59.7, 2.4, 0.0)
(62.4, 2.3, 0.0)
(64.8, 2.9, 0.0)
(67.0, 1.6, 0.0)
(68.7, 0.0, 0.0)
(71.2, 1.6, 0.0)
(73.3, 2.5, 0.0)
(76.5, 2.7, 0.0)
(78.9, 2.8, 0.0)
(80.9, 0.7, 0.0)
(83.8, 0.9, 0.0)
(85.8, 2.7, 0.0)
(88.4, 1.9, 0.0)
(90.8, 0.5, 0.0)
(92.5, 2.5, 0.0)
(91.8, 5.2, 0.0)
(92.4, 3.4, 0.0)
(91.4, 0.5, 0.0)
(89.0, 1.3, 0.0)
(89.1, 1.0, 0.0)
(91.5, 0.8, 0.0)
(92.1, 3.4, 0.0)
(92.4, 5.2, 0.0)
(95.0, 5.2, 0.0)
(97.8, 5.0, 0.0)
(100.1, 4.7, 0.0)
(102.1, 2.8, 0.0)
(0.0, -0.4, 0.0)
(2.1, 0.9, 0.0)
(4.0, 2.1, 0.0)
(5.6, 3.2, 0.0)
(8.4, 3.5, 0.0)
(10.6, 3.3, 0.0)
(13.4, 2.4, 0.0)
(15.5, 1.7, 0.0)
(18.3, 2.3, 0.0)
(20.3, 2.8, 0.0)
(23.1, 2.5, 0.0)
(25.3, 2.5, 0.0)
(28.2, 2.8, 0.0)
(31.0, 2.8, 0.0)
(33.4, 2.5, 0.0)
(36.3, 2.5, 0.0)
(39.3, 2.5, 0.0)
(41.4, 2.3, 0.0)
(44.4, 1.8, 0.0)
(46.5, 1.5, 0.0)
(46.3, -0.4, 0.0)
(46.3, -0.4, 0.0)
(46.3, -0.4, 0.0)
(46.3, -0.4, 0.0)
(46.3, -0.4, 0.0)
(46.3, -0.4, 0.0)
(46.3, -0.4, 0.0)
(0.0, -0.4, 0.0)
(1.9, 1.0, 0.0)
(4.0, 2.3, 0.0)
(5.7, 3.3, 0.0)
(8.7, 3.2, 0.0)
(10.8, 2.9, 0.0)
(13.7, 2.0, 0.0)
(15.2, 0.3, 0.0)
(15.2, -0.4, 0.0)
(15.2, -0.4, 0.0)
(15.2, -0.4, 0.0)
(15.2, -0.4, 0.0)
(15.3, 0.1, 0.0)
(15.3, 1.6, 0.0)
(17.8, 2.4, 0.0)
(19.8, 3.0, 0.0)
(22.6, 2.6, 0.0)
(24.8, 2.5, 0.0)
(27.6, 2.6, 0.0)
(30.2, 2.9, 0.0)
(32.9, 2.7, 0.0)
(33.8, 0.5, 0.0)
(33.8, -0.4, 0.0)
(33.8, -0.4, 0.0)
(33.8, -0.4, 0.0)
(33.8, -0.4, 0.0)
(33.8, -0.4, 0.0)
(33.8, -0.4, 0.0)
(33.8, 0.4, 0.0)
(34.0, 2.8, 0.0)
(36.8, 2.6, 0.0)
(39.8, 2.5, 0.0)
(42.4, 2.0, 0.0)
(44.9, 1.6, 0.0)
(47.5, 2.0, 0.0)
(49.6, 3.0, 0.0)
(52.1, 4.4, 0.0)
(54.8, 5.0, 0.0)
(57.1, 3.5, 0.0)
(59.7, 2.5, 0.0)
(62.5, 2.5, 0.0)
(64.9, 2.9, 0.0)
(67.3, 1.5, 0.0)
(69.2, 0.1, 0.0)
(69.9, -0.4, 0.0)
(69.9, -0.4, 0.0)
(69.9, -0.4, 0.0)
(69.9, -0.4, 0.0)
(69.9, -0.4, 0.0)
(70.7, 0.7, 0.0)
(72.3, 2.8, 0.0)
(74.9, 2.5, 0.0)
(77.6, 3.0, 0.0)
(79.6, 1.7, 0.0)
(80.8, -0.4, 0.0)
(80.8, -0.4, 0.0)
(80.8, -0.4, 0.0)
(80.8, -0.4, 0.0)
(80.8, -0.4, 0.0)
(80.8, -0.4, 0.0)
(81.9, -0.2, 0.0)
(83.5, 0.2, 0.0)
(85.1, 2.2, 0.0)
(87.4, 2.5, 0.0)
(89.1, 0.6, 0.0)
(89.5, -0.4, 0.0)
(89.5, -0.4, 0.0)
(89.5, -0.4, 0.0)
(89.5, -0.4, 0.0)
(89.5, -0.4, 0.0)
(90.5, 0.5, 0.0)
(91.8, 1.4, 0.0)
(93.1, 2.7, 0.0)
(92.1, 4.8, 0.0)
(92.1, 3.8, 0.0)
(92.0, 1.1, 0.0)
(90.4, 0.0, 0.0)
(89.0, 1.8, 0.0)
(86.8, 2.6, 0.0)
(84.3, 1.5, 0.0)
(81.5, 0.6, 0.0)
(79.5, 2.3, 0.0)
(77.3, 2.9, 0.0)
(74.5, 2.4, 0.0)
(72.1, 2.8, 0.0)
(69.8, 0.7, 0.0)
(68.7, -0.4, 0.0)
(68.7, -0.4, 0.0)
(68.7, -0.4, 0.0)
(68.7, -0.4, 0.0)
(68.7, -0.4, 0.0)
(69.9, 0.8, 0.0)
(71.8, 2.5, 0.0)
(74.3, 2.6, 0.0)
(77.0, 2.7, 0.0)
(79.4, 2.7, 0.0)
(81.6, 0.8, 0.0)
(84.2, 1.3, 0.0)
(86.7, 2.4, 0.0)
(89.1, 1.1, 0.0)
(92.1, 1.5, 0.0)
(92.2, 4.0, 0.0)
(92.0, 4.5, 0.0)
(92.2, 1.6, 0.0)
(89.8, 0.0, 0.0)
(88.4, 2.5, 0.0)
(90.5, 0.6, 0.0)
(92.6, 2.2, 0.0)
(90.2, 0.2, 0.0)
(88.7, 2.0, 0.0)
(89.9, 0.6, 0.0)
(92.2, 1.7, 0.0)
(91.3, 0.4, 0.0)
(88.9, 1.2, 0.0)
(88.2, 2.5, 0.0)
(89.8, 0.1, 0.0)
(91.6, 0.6, 0.0)
(90.1, -0.1, 0.0)
(88.8, -0.4, 0.0)
(88.6, -0.4, 0.0)
(88.6, -0.4, 0.0)
(88.6, -0.4, 0.0)
(90.4, 0.3, 0.0)
(92.5, 2.1, 0.0)
(92.1, 4.3, 0.0)
(92.2, 3.7, 0.0)
(91.7, 0.9, 0.0)
(91.4, -0.4, 0.0)
(91.8, 0.8, 0.0)
(92.6, 3.3, 0.0)
(91.2, 5.3, 0.0)
(93.7, 5.3, 0.0)
(95.9, 5.4, 0.0)
(98.6, 4.8, 0.0)
(100.7, 3.6, 0.0)
(0.1, -0.3, 0.0)
(2.5, 1.0, 0.0)
(4.4, 2.2, 0.0)
(6.0, 3.3, 0.0)
(8.9, 3.3, 0.0)
(11.0, 3.2, 0.0)
(13.9, 2.3, 0.0)
(16.4, 2.2, 0.0)
(18.8, 2.9, 0.0)
(20.9, 2.6, 0.0)
(23.7, 2.6, 0.0)
(25.8, 2.5, 0.0)
(26.6, 2.0, 0.0)
(26.6, 2.0, 0.0)
(26.6, 2.0, 0.0)
(26.6, 2.0, 0.0)
(26.6, 2.0, 0.0)
(26.6, 2.0, 0.0)
(26.6, 2.0, 0.0)
(0.0, -0.4, 0.0)
(0.0, -0.4, 0.0)
(0.0, -0.4, 0.0)
(0.0, -0.4, 0.0)
(0.0, -0.4, 0.0)
(2.1, 1.0, 0.0)
(4.1, 2.3, 0.0)
(5.7, 3.3, 0.0)
(5.5, 1.6, 0.0)
(4.7, -0.4, 0.0)
(4.7, -0.4, 0.0)
(4.7, -0.4, 0.0)
(4.7, -0.4, 0.0)
(4.7, -0.4, 0.0)
(4.7, -0.4, 0.0)
(4.7, -0.4, 0.0)
(4.7, -0.4, 0.0)
(6.1, 2.0, 0.0)
(7.5, 3.5, 0.0)
(10.2, 3.2, 0.0)
(13.0, 2.5, 0.0)
(15.3, 2.3, 0.0)
(18.2, 2.7, 0.0)
(20.2, 2.8, 0.0)
(23.2, 2.3, 0.0)
(25.3, 2.2, 0.0)
(28.3, 2.8, 0.0)
(31.1, 2.8, 0.0)
(33.6, 2.7, 0.0)
(36.4, 2.8, 0.0)
(39.4, 2.7, 0.0)
(41.6, 2.4, 0.0)
(44.5, 1.7, 0.0)
(46.0, 0.1, 0.0)
(46.0, -0.4, 0.0)
(46.0, -0.4, 0.0)
(46.0, -0.4, 0.0)
(46.1, 1.1, 0.0)
(46.9, 1.9, 0.0)
(49.3, 2.9, 0.0)
(51.4, 3.8, 0.0)
(53.1, 5.3, 0.0)
(56.0, 5.0, 0.0)
(57.9, 2.7, 0.0)
(60.9, 2.3, 0.0)
(63.8, 2.7, 0.0)
(65.9, 2.9, 0.0)
(68.1, 0.8, 0.0)
(69.2, -0.4, 0.0)
(69.2, -0.4, 0.0)
(69.2, -0.4, 0.0)
(69.2, -0.4, 0.0)
(69.2, -0.4, 0.0)
(69.2, -0.4, 0.0)
(69.2, -0.4, 0.0)
(69.2, -0.4, 0.0)
(69.2, -0.4, 0.0)
(69.2, -0.4, 0.0)
(70.9, 1.4, 0.0)
(72.5, 3.0, 0.0)
(75.4, 2.4, 0.0)
(78.4, 3.0, 0.0)
(80.5, 1.1, 0.0)
(83.3, 0.4, 0.0)
(85.3, 2.0, 0.0)
(87.7, 2.7, 0.0)
(89.8, 0.8, 0.0)
(92.5, 2.1, 0.0)
(92.0, 4.8, 0.0)
(92.8, 2.6, 0.0)
(90.7, 0.4, 0.0)
(88.5, 1.8, 0.0)
(89.0, 0.8, 0.0)
(91.4, 0.3, 0.0)
(92.5, 2.6, 0.0)
(92.4, 5.2, 0.0)
(92.3, 5.2, 0.0)
(92.3, 2.8, 0.0)
(92.3, -0.4, 0.0)
(92.1, 0.8, 0.0)
(92.6, 3.0, 0.0)
(91.4, 4.8, 0.0)
(92.8, 2.4, 0.0)
(90.1, 0.4, 0.0)
(91.5, 0.4, 0.0)
(92.3, 3.2, 0.0)
(91.7, 5.7, 0.0)
(93.8, 4.5, 0.0)
(94.1, 4.1, 0.0)
(94.1, 4.1, 0.0)
(94.1, 4.1, 0.0)
(94.1, 4.1, 0.0)
(94.1, 4.1, 0.0)
(94.1, 4.1, 0.0)
(0.0, -0.4, 0.0)
(1.6, 0.7, 0.0)
(3.9, 2.0, 0.0)
(5.6, 3.1, 0.0)
(8.2, 3.3, 0.0)
(9.6, 2.7, 0.0)
(7.6, 0.9, 0.0)
(6.7, -0.4, 0.0)
(6.7, -0.4, 0.0)
(6.7, -0.4, 0.0)
(6.7, -0.4, 0.0)
(6.7, -0.4, 0.0)
(6.7, -0.4, 0.0)
(6.7, -0.4, 0.0)
(6.7, -0.4, 0.0)
(6.7, -0.4, 0.0)
(6.7, -0.4, 0.0)
(6.7, -0.4, 0.0)
(6.7, 2.0, 0.0)
(6.7, 3.8, 0.0)
(9.7, 3.5, 0.0)
(12.3, 2.8, 0.0)
(14.7, 2.0, 0.0)
(15.5, -0.4, 0.0)
(15.5, -0.4, 0.0)
(15.5, 0.8, 0.0)
(15.5, 1.8, 0.0)
(15.5, 0.6, 0.0)
(15.6, 1.9, 0.0)
(15.8, 1.2, 0.0)
(15.9, -0.4, 0.0)
(15.5, 1.3, 0.0)
(15.2, 1.3, 0.0)
(15.0, -0.4, 0.0)
(15.0, -0.4, 0.0)
(15.0, -0.4, 0.0)
(15.0, -0.4, 0.0)
(15.1, 0.3, 0.0)
(15.5, 1.7, 0.0)
(15.8, 0.9, 0.0)
(15.9, -0.1, 0.0)
(15.5, 2.0, 0.0)
(15.1, 1.8, 0.0)
(14.8, -0.4, 0.0)
(15.2, 1.2, 0.0)
(15.7, 2.3, 0.0)
(16.1, 0.9, 0.0)
(16.3, -0.4, 0.0)
(15.8, 1.8, 0.0)
(15.4, 2.1, 0.0)
(14.9, -0.2, 0.0)
(14.9, -0.4, 0.0)
(15.2, 0.7, 0.0)
(15.7, 2.2, 0.0)
(16.1, 1.0, 0.0)
(16.3, -0.4, 0.0)
(16.3, -0.4, 0.0)
(16.3, -0.4, 0.0)
(16.3, -0.4, 0.0)
(16.3, -0.4, 0.0)
(16.3, -0.4, 0.0)
(16.3, -0.4, 0.0)
(16.3, -0.4, 0.0)
(16.3, -0.4, 0.0)
(0.0, -0.4, 0.0)
(1.6, 0.4, 0.0)
(3.8, 1.9, 0.0)
(5.5, 3.1, 0.0)
(7.7, 3.6, 0.0)
(10.2, 3.4, 0.0)
(13.0, 2.6, 0.0)
(15.2, 1.9, 0.0)
(18.0, 2.6, 0.0)
(20.4, 2.9, 0.0)
(23.0, 2.5, 0.0)
(25.1, 1.8, 0.0)
(25.7, 1.2, 0.0)
(25.7, 1.2, 0.0)
(25.7, 1.2, 0.0)
(25.7, 1.2, 0.0)
(25.7, 1.2, 0.0)
(25.7, 1.2, 0.0)
(0.4, -0.2, 0.0)
(2.5, 1.0, 0.0)
(4.4, 2.4, 0.0)
(6.0, 3.7, 0.0)
(8.2, 3.6, 0.0)
(10.6, 3.3, 0.0)
(13.3, 2.2, 0.0)
(15.6, 1.6, 0.0)
(15.7, -0.4, 0.0)
(15.7, -0.4, 0.0)
(15.7, -0.4, 0.0)
(15.6, 1.3, 0.0)
(15.5, 1.3, 0.0)
(15.4, -0.4, 0.0)
(15.4, -0.4, 0.0)
(15.6, 0.7, 0.0)
(15.9, 1.8, 0.0)
(16.1, 0.6, 0.0)
(16.1, -0.4, 0.0)
(16.1, -0.4, 0.0)
(16.1, -0.4, 0.0)
(15.9, 0.6, 0.0)
(15.5, 1.6, 0.0)
(15.1, 0.2, 0.0)
(15.0, -0.4, 0.0)
(15.0, -0.4, 0.0)
(15.0, -0.4, 0.0)
(15.0, -0.4, 0.0)
(0.0, -0.4, 0.0)
(1.0, 0.2, 0.0)
(3.5, 1.7, 0.0)
(5.3, 2.8, 0.0)
(6.9, 3.8, 0.0)
(9.7, 3.4, 0.0)
(12.2, 2.6, 0.0)
(14.8, 2.0, 0.0)
(16.8, 0.9, 0.0)
(15.4, -0.4, 0.0)
(15.3, -0.4, 0.0)
(15.6, 1.1, 0.0)
(15.8, 1.5, 0.0)
(16.1, -0.4, 0.0)
(15.9, 0.5, 0.0)
(15.7, 1.7, 0.0)
(15.5, 0.6, 0.0)
(15.4, -0.4, 0.0)
(15.4, -0.4, 0.0)
(15.4, -0.4, 0.0)
(15.4, -0.4, 0.0)
(15.4, -0.4, 0.0)
(15.4, -0.4, 0.0)
(15.4, -0.4, 0.0)
(15.4, -0.4, 0.0)
(15.4, 0.3, 0.0)
(15.5, 1.8, 0.0)
(15.5, 1.7, 0.0)
(15.6, -0.4, 0.0)
(15.7, 0.6, 0.0)
(15.9, 1.8, 0.0)
(16.0, 0.6, 0.0)
(16.1, -0.3, 0.0)
(16.0, 1.4, 0.0)
(15.9, 1.5, 0.0)
(15.8, -0.4, 0.0)
(15.7, 0.3, 0.0)
(15.6, 1.8, 0.0)
(18.1, 2.6, 0.0)
(20.1, 2.9, 0.0)
(23.0, 2.6, 0.0)
(25.2, 2.5, 0.0)
(28.1, 2.9, 0.0)
(30.7, 3.0, 0.0)
(33.2, 2.6, 0.0)
(36.1, 2.6, 0.0)
(38.8, 2.6, 0.0)
(41.2, 2.5, 0.0)
(44.1, 1.9, 0.0)
(46.4, 1.8, 0.0)
(48.9, 3.1, 0.0)
(51.3, 4.5, 0.0)
(53.8, 5.2, 0.0)
(56.3, 4.4, 0.0)
(58.7, 2.7, 0.0)
(61.1, 2.2, 0.0)
(64.0, 2.6, 0.0)
(66.3, 2.3, 0.0)
(68.3, 0.6, 0.0)
(70.7, 1.6, 0.0)
(72.9, 2.6, 0.0)
(75.7, 2.5, 0.0)
(78.4, 3.2, 0.0)
(80.4, 1.1, 0.0)
(81.6, -0.4, 0.0)
(81.6, -0.4, 0.0)
(81.6, -0.4, 0.0)
(81.6, -0.4, 0.0)
(81.6, -0.4, 0.0)
(81.6, -0.4, 0.0)
(81.6, -0.4, 0.0)
(82.9, 0.1, 0.0)
(84.7, 1.9, 0.0)
(87.0, 2.8, 0.0)
(88.8, 1.0, 0.0)
(89.3, -0.4, 0.0)
(89.3, -0.4, 0.0)
(89.3, -0.4, 0.0)
(89.9, 0.0, 0.0)
(91.4, 1.0, 0.0)
(93.0, 2.6, 0.0)
(91.7, 5.0, 0.0)
(92.2, 3.7, 0.0)
(91.9, 1.1, 0.0)
(91.0, -0.4, 0.0)
(91.0, -0.4, 0.0)
(91.1, 0.7, 0.0)
(91.2, 0.5, 0.0)
(91.3, -0.1, 0.0)
(91.6, 0.4, 0.0)
(91.7, -0.4, 0.0)
(91.6, 0.6, 0.0)
(91.5, -0.4, 0.0)
(91.6, 0.5, 0.0)
(91.8, 0.1, 0.0)
(91.1, -0.2, 0.0)
(89.6, -0.1, 0.0)
(88.9, -0.4, 0.0)
(88.9, -0.4, 0.0)
(90.1, 0.1, 0.0)
(91.5, 0.6, 0.0)
(92.7, -0.4, 0.0)
(92.2, 0.2, 0.0)
(91.2, 0.3, 0.0)
(90.8, -0.4, 0.0)
(90.4, 0.1, 0.0)
(88.9, 1.9, 0.0)
(86.8, 2.7, 0.0)
(84.6, 1.4, 0.0)
(83.5, -0.4, 0.0)
(83.5, -0.4, 0.0)
(82.0, 0.2, 0.0)
(80.6, 0.5, 0.0)
(79.6, -0.4, 0.0)
(80.5, -0.4, 0.0)
(81.8, -0.4, 0.0)
(82.2, -0.4, 0.0)
(83.3, 0.7, 0.0)
(84.3, 0.0, 0.0)
(84.4, -0.4, 0.0)
(84.5, 0.0, 0.0)
(85.2, 2.2, 0.0)
(87.4, 2.7, 0.0)
(88.8, 0.3, 0.0)
(91.2, 0.6, 0.0)
(90.8, 0.3, 0.0)
(88.8, -0.4, 0.0)
(90.5, -0.3, 0.0)
(91.6, -0.4, 0.0)
(91.8, 0.5, 0.0)
(89.8, -0.1, 0.0)
(90.3, -0.4, 0.0)
(91.1, 0.1, 0.0)
(91.2, 0.4, 0.0)
(91.2, 0.2, 0.0)
(91.0, 0.5, 0.0)
(90.8, -0.4, 0.0)
(91.6, 0.9, 0.0)
(92.3, -0.1, 0.0)
(91.6, 0.5, 0.0)
(90.8, 0.1, 0.0)
(91.0, 0.1, 0.0)
(92.0, 1.7, 0.0)
(92.5, 3.7, 0.0)
(92.2, 5.6, 0.0)
(94.9, 5.6, 0.0)
(95.6, 5.5, 0.0)
(93.0, 5.3, 0.0)
(92.6, 3.5, 0.0)
(92.9, 1.8, 0.0)
(92.9, 1.8, 0.0)
(0.0, -0.4, 0.0)
(2.1, 1.1, 0.0)
(4.1, 2.3, 0.0)
(5.8, 3.4, 0.0)
(8.6, 3.4, 0.0)
(10.8, 3.1, 0.0)
(13.7, 2.2, 0.0)
(15.7, 0.9, 0.0)
(16.8, -0.4, 0.0)
(16.8, -0.4, 0.0)
(0.0, -0.4, 0.0)
(0.9, 0.2, 0.0)
(3.4, 1.7, 0.0)
(5.2, 2.7, 0.0)
(6.8, 3.7, 0.0)
(9.4, 3.3, 0.0)
(11.9, 2.9, 0.0)
(14.5, 2.1, 0.0)
(17.1, 2.2, 0.0)
(19.4, 2.9, 0.0)
(21.8, 2.6, 0.0)
(24.3, 2.6, 0.0)
(27.0, 2.8, 0.0)
(29.3, 3.1, 0.0)
(32.3, 2.7, 0.0)
(35.0, 2.6, 0.0)
(37.4, 2.8, 0.0)
(40.4, 2.5, 0.0)
(43.1, 2.0, 0.0)
(45.5, 1.7, 0.0)
(48.2, 2.5, 0.0)
(50.4, 3.5, 0.0)
(52.5, 4.9, 0.0)
(55.3, 5.1, 0.0)
(57.4, 3.1, 0.0)
(60.2, 2.3, 0.0)
(63.0, 2.5, 0.0)
(65.3, 3.0, 0.0)
(67.6, 1.2, 0.0)
(69.8, 1.0, 0.0)
(71.7, 2.4, 0.0)
(74.5, 2.6, 0.0)
(77.3, 3.3, 0.0)
(79.6, 2.1, 0.0)
(81.9, 0.7, 0.0)
(84.4, 1.4, 0.0)
(86.6, 2.6, 0.0)
(88.8, 1.2, 0.0)
(91.3, 0.5, 0.0)
(92.2, 3.2, 0.0)
(91.7, 4.6, 0.0)
(92.4, 1.9, 0.0)
(90.3, 0.2, 0.0)
(89.1, 0.5, 0.0)
(88.9, 2.0, 0.0)
(89.5, -0.1, 0.0)
(89.6, -0.4, 0.0)
(89.6, -0.4, 0.0)
(89.6, -0.4, 0.0)
(89.6, -0.4, 0.0)
(0.1, -0.3, 0.0)
(0.8, 1.3, 0.0)
(1.3, 2.6, 0.0)
(1.9, 3.8, 0.0)
(3.5, 1.2, 0.0)
(4.3, -0.4, 0.0)
(3.1, 0.4, 0.0)
(1.9, 1.3, 0.0)
(0.7, 0.6, 0.0)
(0.3, -0.3, 0.0)
(1.4, 1.1, 0.0)
(2.2, 2.2, 0.0)
(4.8, 3.2, 0.0)
(6.9, 3.6, 0.0)
(9.8, 3.3, 0.0)
(12.4, 2.6, 0.0)
(14.8, 1.9, 0.0)
(17.5, 2.1, 0.0)
(19.6, 2.8, 0.0)
(21.7, 1.1, 0.0)
(23.2, -0.4, 0.0)
(23.2, 0.8, 0.0)
(24.1, 2.1, 0.0)
(26.7, 2.5, 0.0)
(29.4, 3.0, 0.0)
(32.3, 2.5, 0.0)
(35.2, 2.6, 0.0)
(37.7, 2.9, 0.0)
(40.4, 2.4, 0.0)
(43.2, 1.8, 0.0)
(45.4, 0.9, 0.0)
(45.8, -0.4, 0.0)
(45.8, -0.4, 0.0)
(46.2, 0.9, 0.0)
(48.0, 2.4, 0.0)
(49.8, 3.3, 0.0)
(52.3, 4.6, 0.0)
(55.2, 5.0, 0.0)
(57.4, 3.3, 0.0)
(60.2, 2.5, 0.0)
(63.1, 2.6, 0.0)
(0.1, -0.3, 0.0)
(1.3, 0.9, 0.0)
(2.3, 1.9, 0.0)
(3.3, 3.0, 0.0)
(4.2, 2.3, 0.0)
(5.1, -0.4, 0.0)
(4.1, 0.0, 0.0)
(2.7, 0.7, 0.0)
(1.4, 1.4, 0.0)
(0.2, 0.8, 0.0)
(-0.4, -0.4, 0.0)
(-0.6, 0.6, 0.0)
(-0.9, 2.1, 0.0)
(1.3, 2.8, 0.0)
(3.5, 3.2, 0.0)
(5.5, 3.5, 0.0)
(8.2, 3.5, 0.0)
(10.5, 3.1, 0.0)
(13.3, 2.2, 0.0)
(15.6, 1.9, 0.0)
(18.4, 2.6, 0.0)
(20.4, 2.4, 0.0)
(23.3, 2.4, 0.0)
(25.4, 2.5, 0.0)
(28.4, 2.7, 0.0)
(31.2, 2.8, 0.0)
(33.7, 2.7, 0.0)
(36.6, 2.7, 0.0)
(39.5, 2.7, 0.0)
(42.1, 2.4, 0.0)
(44.6, 1.8, 0.0)
(47.3, 2.2, 0.0)
(49.8, 3.1, 0.0)
(52.1, 4.3, 0.0)
(54.9, 5.0, 0.0)
(57.1, 3.5, 0.0)
(59.8, 2.4, 0.0)
(62.6, 2.3, 0.0)
(64.9, 2.8, 0.0)
(67.3, 1.4, 0.0)
(69.6, 1.2, 0.0)
(69.8, 1.3, 0.0)
(69.8, 1.3, 0.0)
(69.8, 1.3, 0.0)
(69.8, 1.3, 0.0)
(69.8, 1.3, 0.0)
(69.8, 1.3, 0.0)
(0.0, -0.4, 0.0)
(0.0, -0.4, 0.0)
(0.0, -0.4, 0.0)
(0.0, -0.4, 0.0)
(0.0, -0.4, 0.0)
(0.0, -0.4, 0.0)
(0.0, -0.4, 0.0)
(0.0, -0.4, 0.0)
(0.0, -0.4, 0.0)
(0.4, -0.4, 0.0)
(2.3, -0.2, 0.0)
(3.9, 0.1, 0.0)
(5.1, -0.4, 0.0)
(5.0, 0.2, 0.0)
(4.2, 1.1, 0.0)
(3.5, -0.2, 0.0)
(2.1, -0.3, 0.0)
(2.5, -0.3, 0.0)
(4.3, -0.4, 0.0)
(6.0, -0.4, 0.0)
(7.7, -0.4, 0.0)
(8.9, -0.4, 0.0)
(7.5, -0.4, 0.0)
(6.0, -0.4, 0.0)
(4.5, -0.4, 0.0)
(2.9, -0.4, 0.0)
(1.3, -0.4, 0.0)
(-0.4, -0.4, 0.0)
(-0.3, -0.4, 0.0)
(1.3, -0.4, 0.0)
(2.8, -0.3, 0.0)
(4.5, -0.2, 0.0)
(5.9, -0.4, 0.0)
(6.5, -0.4, 0.0)
(7.7, -0.4, 0.0)
(7.0, -0.4, 0.0)
(6.0, -0.4, 0.0)
(4.4, 0.4, 0.0)
(3.1, 1.1, 0.0)
(1.9, 1.7, 0.0)
(0.7, 0.7, 0.0)
(0.2, -0.4, 0.0)
(1.5, 0.6, 0.0)
(2.6, 1.5, 0.0)
(3.7, 2.5, 0.0)
(5.4, 0.1, 0.0)
(6.1, -0.4, 0.0)
(7.5, -0.4, 0.0)
(7.3, -0.4, 0.0)
(6.0, -0.4, 0.0)
(4.6, -0.4, 0.0)
(3.1, -0.4, 0.0)
(1.1, -0.4, 0.0)
(-0.8, -0.4, 0.0)
(-1.1, -0.4, 0.0)
(0.0, -0.4, 0.0)
(0.1, -0.4, 0.0)
(1.6, -0.4, 0.0)
(3.0, -0.4, 0.0)
(3.9, -0.4, 0.0)
(4.0, -0.4, 0.0)
(5.3, -0.4, 0.0)
(6.1, -0.4, 0.0)
(7.4, -0.3, 0.0)
(8.2, -0.4, 0.0)
(7.0, -0.4, 0.0)
(6.4, -0.4, 0.0)
(5.2, -0.4, 0.0)
(4.9, -0.4, 0.0)
(4.9, -0.4, 0.0)
(4.9, -0.4, 0.0)
(3.1, -0.4, 0.0)
(2.4, -0.4, 0.0)
(2.3, -0.4, 0.0)
(2.3, -0.4, 0.0)
(2.3, -0.4, 0.0)
(2.3, -0.4, 0.0)
(3.3, -0.4, 0.0)
(5.3, -0.4, 0.0)
(4.8, -0.4, 0.0)
(0.0, -0.4, 0.0)
(1.6, 0.8, 0.0)
(3.9, 2.0, 0.0)
(5.6, 3.0, 0.0)
(8.4, 3.2, 0.0)
(11.1, 3.1, 0.0)
(13.6, 2.8, 0.0)
(15.6, 2.2, 0.0)
(18.5, 2.6, 0.0)
(20.5, 2.8, 0.0)
(23.3, 2.6, 0.0)
(25.5, 2.7, 0.0)
(28.5, 3.0, 0.0)
(31.3, 2.8, 0.0)
(34.0, 2.6, 0.0)
(36.6, 2.7, 0.0)
(39.6, 2.7, 0.0)
(42.1, 2.4, 0.0)
(44.7, 1.8, 0.0)
(47.1, 2.0, 0.0)
(49.3, 3.1, 0.0)
(51.7, 4.4, 0.0)
(54.6, 4.8, 0.0)
(57.1, 3.6, 0.0)
(59.9, 2.5, 0.0)
(62.8, 2.5, 0.0)
(65.0, 2.9, 0.0)
(67.4, 4.5, 0.0)
(69.5, 4.9, 0.0)
(71.7, 3.6, 0.0)
(74.4, 2.6, 0.0)
(77.3, 3.0, 0.0)
(79.6, 1.9, 0.0)
(81.3, 0.2, 0.0)
(83.0, 0.2, 0.0)
(84.8, 2.3, 0.0)
(87.7, 2.8, 0.0)
(89.8, 0.7, 0.0)
(92.4, 1.9, 0.0)
(92.2, 4.6, 0.0)
(92.7, 3.2, 0.0)
(91.3, 0.6, 0.0)
(88.8, 1.3, 0.0)
(89.2, 0.7, 0.0)
(91.6, 0.6, 0.0)
(92.1, 1.8, 0.0)
(89.6, 0.3, 0.0)
(88.6, 1.7, 0.0)
(89.9, 0.1, 0.0)
(91.5, 1.2, 0.0)
(92.1, 3.4, 0.0)
(91.7, 5.0, 0.0)
(94.4, 5.1, 0.0)
(95.6, 5.3, 0.0)
(92.9, 5.3, 0.0)
(92.8, 3.0, 0.0)
(91.2, 0.5, 0.0)
(88.6, 1.8, 0.0)
(85.8, 2.4, 0.0)
(83.7, 0.4, 0.0)
(83.1, -0.4, 0.0)
(81.9, -0.3, 0.0)
(80.4, -0.3, 0.0)
(81.5, -0.4, 0.0)
(83.0, -0.4, 0.0)
(83.3, -0.4, 0.0)
(81.8, -0.4, 0.0)
(81.3, -0.4, 0.0)
(82.1, -0.4, 0.0)
(83.4, -0.4, 0.0)
(82.6, -0.4, 0.0)
(81.8, -0.4, 0.0)
(81.7, -0.3, 0.0)
(80.6, 1.1, 0.0)
(78.9, 3.0, 0.0)
(76.4, 2.7, 0.0)
(73.5, 2.8, 0.0)
(71.2, 1.8, 0.0)
(69.4, 0.1, 0.0)
(67.1, 1.8, 0.0)
(66.7, 3.6, 0.0)
(68.3, 5.4, 0.0)
(70.4, 4.4, 0.0)
(72.0, 3.0, 0.0)
(69.9, 0.9, 0.0)
(67.5, 1.5, 0.0)
(66.1, 2.8, 0.0)
(67.7, 4.9, 0.0)
(69.2, 4.8, 0.0)
(69.6, 4.2, 0.0)
(69.6, 4.2, 0.0)
(69.6, 4.2, 0.0)
(69.6, 4.2, 0.0)
(69.6, 4.2, 0.0)
(69.6, 4.2, 0.0)
(0.0, -0.4, 0.0)
(1.4, 0.5, 0.0)
(3.7, 1.9, 0.0)
(5.5, 3.1, 0.0)
(8.2, 3.3, 0.0)
(10.4, 3.1, 0.0)
(13.3, 2.1, 0.0)
(15.6, 1.7, 0.0)
(18.2, 2.5, 0.0)
(20.1, 2.8, 0.0)
(22.0, 0.8, 0.0)
(24.4, 1.7, 0.0)
(26.9, 2.7, 0.0)
(29.3, 3.0, 0.0)
(32.2, 2.6, 0.0)
(34.8, 2.6, 0.0)
(37.3, 2.9, 0.0)
(40.2, 2.5, 0.0)
(42.9, 1.9, 0.0)
(45.3, 1.5, 0.0)
(46.3, -0.4, 0.0)
(46.3, -0.4, 0.0)
(46.2, 0.0, 0.0)
(46.3, 1.6, 0.0)
(48.6, 2.9, 0.0)
(51.1, 4.0, 0.0)
(53.7, 4.8, 0.0)
(56.3, 4.4, 0.0)
(58.9, 2.7, 0.0)
(61.5, 2.2, 0.0)
(64.2, 2.8, 0.0)
(66.4, 2.2, 0.0)
(68.1, 0.3, 0.0)
(70.6, 1.6, 0.0)
(72.9, 2.5, 0.0)
(75.7, 2.7, 0.0)
(78.4, 3.2, 0.0)
(80.5, 1.0, 0.0)
(83.6, 1.0, 0.0)
(86.1, 2.5, 0.0)
(88.7, 1.3, 0.0)
(91.3, 0.6, 0.0)
(92.5, 3.1, 0.0)
(91.8, 4.4, 0.0)
(92.0, 1.8, 0.0)
(89.6, 0.2, 0.0)
(87.5, 2.3, 0.0)
(84.7, 1.6, 0.0)
(81.8, 0.7, 0.0)
(79.5, 2.3, 0.0)
(77.4, 3.1, 0.0)
(74.3, 2.7, 0.0)
(71.8, 2.0, 0.0)
(69.8, 0.3, 0.0)
(69.1, -0.4, 0.0)
(0.0, -0.4, 0.0)
(0.8, 0.2, 0.0)
(3.2, 1.7, 0.0)
(5.0, 2.8, 0.0)
(7.5, 3.4, 0.0)
(9.9, 3.5, 0.0)
(12.5, 2.6, 0.0)
(14.8, 1.9, 0.0)
(17.6, 2.4, 0.0)
(19.6, 3.0, 0.0)
(22.5, 2.6, 0.0)
(24.6, 2.3, 0.0)
(25.6, 1.8, 0.0)
(25.6, 1.8, 0.0)
(25.6, 1.8, 0.0)
(25.6, 1.8, 0.0)
(25.6, 1.8, 0.0)
(25.6, 1.8, 0.0)
(25.6, 1.8, 0.0)
(0.0, -0.4, 0.0)
(1.9, 0.6, 0.0)
(4.1, 1.9, 0.0)
(5.7, 3.0, 0.0)
(8.1, 3.5, 0.0)
(10.5, 3.2, 0.0)
(13.3, 2.3, 0.0)
(15.5, 1.7, 0.0)
(18.4, 2.2, 0.0)
(20.4, 2.4, 0.0)
(23.4, 2.3, 0.0)
(25.6, 2.4, 0.0)
(28.4, 2.8, 0.0)
(31.1, 2.7, 0.0)
(33.5, 2.4, 0.0)
(36.4, 2.6, 0.0)
(39.2, 2.7, 0.0)
(41.5, 2.6, 0.0)
(44.4, 1.8, 0.0)
(46.9, 2.0, 0.0)
(49.1, 3.0, 0.0)
(51.5, 4.3, 0.0)
(54.1, 4.9, 0.0)
(56.7, 3.8, 0.0)
(59.2, 2.5, 0.0)
(61.8, 2.3, 0.0)
(64.5, 2.8, 0.0)
(67.0, 4.2, 0.0)
(69.1, 5.0, 0.0)
(71.5, 3.7, 0.0)
(74.3, 2.7, 0.0)
(77.1, 3.0, 0.0)
(79.4, 2.0, 0.0)
(81.9, 0.7, 0.0)
(84.3, 1.7, 0.0)
(86.7, 2.7, 0.0)
(88.8, 1.1, 0.0)
(91.5, 1.0, 0.0)
(92.2, 3.6, 0.0)
(92.5, 5.3, 0.0)
(95.1, 5.4, 0.0)
(94.1, 5.4, 0.0)
(91.8, 5.3, 0.0)
(91.4, 4.3, 0.0)
(91.4, 4.3, 0.0)
(91.4, 4.3, 0.0)
(91.4, 4.3, 0.0)
(91.4, 4.3, 0.0)
(91.4, 4.3, 0.0)
(91.4, 4.3, 0.0)
(0.0, -0.4, 0.0)
(0.2, -0.3, 0.0)
(2.5, 1.1, 0.0)
(4.5, 2.2, 0.0)
(6.2, 3.2, 0.0)
(8.9, 3.5, 0.0)
(11.4, 3.0, 0.0)
(14.1, 2.5, 0.0)
(16.7, 2.4, 0.0)
(19.2, 2.6, 0.0)
(21.7, 2.4, 0.0)
(24.2, 2.5, 0.0)
(26.9, 2.8, 0.0)
(29.2, 3.1, 0.0)
(32.2, 2.8, 0.0)
(35.0, 2.7, 0.0)
(37.8, 2.8, 0.0)
(40.4, 2.7, 0.0)
(43.2, 2.1, 0.0)
(45.4, 1.5, 0.0)
(48.1, 2.4, 0.0)
(50.3, 3.7, 0.0)
(52.4, 5.1, 0.0)
(55.3, 5.2, 0.0)
(57.5, 3.3, 0.0)
(60.4, 2.3, 0.0)
(63.2, 2.5, 0.0)
(65.4, 2.9, 0.0)
(67.8, 0.9, 0.0)
(70.0, 1.2, 0.0)
(71.9, 2.5, 0.0)
(74.8, 2.5, 0.0)
(77.7, 3.2, 0.0)
(79.8, 1.4, 0.0)
(82.5, 0.3, 0.0)
(84.6, 1.7, 0.0)
(86.8, 2.7, 0.0)
(88.9, 1.2, 0.0)
(90.3, 0.1, 0.0)
(91.5, 1.4, 0.0)
(92.0, 3.7, 0.0)
(90.7, 5.0, 0.0)
(91.1, 4.4, 0.0)
(91.1, 4.4, 0.0)
(91.1, 4.4, 0.0)
(91.1, 4.4, 0.0)
(91.1, 4.4, 0.0)
(91.1, 4.4, 0.0)
(0.2, -0.3, 0.0)
(2.3, 1.0, 0.0)
(4.3, 2.3, 0.0)
(6.0, 3.4, 0.0)
(8.9, 3.4, 0.0)
(11.2, 3.0, 0.0)
(13.8, 1.9, 0.0)
(16.3, 1.9, 0.0)
(18.6, 2.6, 0.0)
(20.5, 2.8, 0.0)
(23.4, 2.6, 0.0)
(25.8, 2.6, 0.0)
(28.5, 3.1, 0.0)
(31.3, 2.9, 0.0)
(34.0, 2.6, 0.0)
(36.6, 2.7, 0.0)
(39.5, 2.6, 0.0)
(42.0, 2.4, 0.0)
(44.6, 1.7, 0.0)
(47.1, 2.0, 0.0)
(49.2, 3.1, 0.0)
(51.7, 4.5, 0.0)
(54.6, 5.0, 0.0)
(56.9, 3.7, 0.0)
(59.6, 2.5, 0.0)
(62.3, 2.3, 0.0)
(64.7, 2.9, 0.0)
(67.1, 1.6, 0.0)
(69.1, 0.5, 0.0)
(71.4, 2.0, 0.0)
(74.0, 2.5, 0.0)
(76.8, 3.0, 0.0)
(79.2, 2.6, 0.0)
(80.9, 0.7, 0.0)
(83.9, 1.2, 0.0)
(86.1, 2.8, 0.0)
(88.5, 1.4, 0.0)
(91.2, 0.5, 0.0)
(92.5, 2.9, 0.0)
(92.2, 5.1, 0.0)
(95.0, 5.2, 0.0)
(97.5, 4.8, 0.0)
(97.5, 4.8, 0.0)
(97.5, 4.8, 0.0)
(97.5, 4.8, 0.0)
(97.5, 4.8, 0.0)
(97.5, 4.8, 0.0)
(97.5, 4.8, 0.0)
(0.0, -0.4, 0.0)
(0.3, -0.2, 0.0)
(2.7, 1.4, 0.0)
(4.5, 2.6, 0.0)
(6.0, 3.7, 0.0)
(8.7, 3.5, 0.0)
(10.9, 2.9, 0.0)
(13.8, 2.4, 0.0)
(16.3, 2.1, 0.0)
(18.8, 2.7, 0.0)
(20.8, 2.6, 0.0)
(23.8, 2.6, 0.0)
(26.2, 2.7, 0.0)
(28.9, 3.0, 0.0)
(31.6, 2.8, 0.0)
(34.2, 2.5, 0.0)
(36.9, 2.6, 0.0)
(39.8, 2.5, 0.0)
(42.4, 2.3, 0.0)
(45.0, 1.9, 0.0)
(46.1, -0.3, 0.0)
(46.1, -0.4, 0.0)
(46.1, 0.7, 0.0)
(46.1, 1.1, 0.0)
(46.0, -0.4, 0.0)
(46.2, 0.7, 0.0)
(46.3, 1.6, 0.0)
(48.9, 2.9, 0.0)
(51.1, 3.8, 0.0)
(53.4, 4.8, 0.0)
(56.1, 4.3, 0.0)
(58.4, 2.6, 0.0)
(61.0, 2.3, 0.0)
(64.0, 2.8, 0.0)
(66.1, 2.9, 0.0)
(68.0, 0.7, 0.0)
(70.5, 1.3, 0.0)
(72.4, 2.3, 0.0)
(74.5, 2.6, 0.0)
(77.2, 2.8, 0.0)
(79.3, 2.3, 0.0)
(81.3, 0.6, 0.0)
(84.0, 1.3, 0.0)
(86.5, 2.5, 0.0)
(88.7, 1.4, 0.0)
(91.2, 0.6, 0.0)
(92.7, 2.6, 0.0)
(91.9, 5.2, 0.0)
(94.7, 5.3, 0.0)
(97.4, 5.2, 0.0)
(99.8, 4.6, 0.0)
(101.8, 2.6, 0.0)
(0.0, -0.4, 0.0)
(0.7, 1.8, 0.0)
(1.3, 2.6, 0.0)
(1.9, 0.8, 0.0)
(3.2, 0.8, 0.0)
(5.1, 2.6, 0.0)
(6.4, 3.9, 0.0)
(9.0, 3.6, 0.0)
(9.4, 2.5, 0.0)
(7.5, 1.0, 0.0)
(6.4, -0.4, 0.0)
(6.4, -0.4, 0.0)
(6.4, -0.4, 0.0)
(6.4, -0.4, 0.0)
(6.4, -0.4, 0.0)
(6.4, -0.4, 0.0)
(6.4, -0.4, 0.0)
(6.4, -0.4, 0.0)
(6.4, -0.4, 0.0)
(6.4, -0.4, 0.0)
(6.4, -0.4, 0.0)
(6.4, -0.4, 0.0)
(6.4, -0.4, 0.0)
(6.4, -0.4, 0.0)
(6.4, -0.4, 0.0)
(6.4, -0.4, 0.0)
(6.4, -0.4, 0.0)
(6.4, -0.4, 0.0)
(6.4, -0.4, 0.0)
(6.4, -0.4, 0.0)
(6.4, -0.4, 0.0)
(6.4, -0.4, 0.0)
(6.4, -0.4, 0.0)
(6.4, -0.4, 0.0)
(6.4, -0.4, 0.0)
(6.4, -0.4, 0.0)
(6.4, -0.4, 0.0)
(6.4, -0.4, 0.0)
(6.4, -0.4, 0.0)
(6.4, -0.4, 0.0)
(6.4, -0.4, 0.0)
(6.4, -0.4, 0.0)
(6.4, -0.4, 0.0)
(6.4, -0.4, 0.0)
(6.4, -0.4, 0.0)
(6.4, -0.4, 0.0)
(6.4, -0.4, 0.0)
(6.4, -0.4, 0.0)
(6.4, -0.4, 0.0)
(6.4, -0.4, 0.0)
(6.4, -0.4, 0.0)
(6.4, -0.4, 0.0)
(6.4, -0.4, 0.0)
(6.4, -0.4, 0.0)
(6.4, -0.4, 0.0)
(6.4, -0.4, 0.0)
(6.4, -0.4, 0.0)
(6.4, -0.4, 0.0)
(6.4, -0.4, 0.0)
(6.4, -0.4, 0.0)
(6.4, -0.4, 0.0)
(6.4, -0.4, 0.0)
(6.4, -0.4, 0.0)
(6.4, -0.4, 0.0)
(6.4, -0.4, 0.0)
(6.4, -0.4, 0.0)
(6.4, -0.4, 0.0)
(6.4, -0.4, 0.0)
(6.4, -0.4, 0.0)
(6.4, -0.4, 0.0)
(6.4, -0.4, 0.0)
(6.4, -0.4, 0.0)
(6.4, -0.4, 0.0)
(6.4, -0.4, 0.0)
(6.4, -0.4, 0.0)
(6.4, -0.4, 0.0)
(6.4, -0.4, 0.0)
(6.4, -0.4, 0.0)
(6.4, -0.4, 0.0)
(6.4, -0.4, 0.0)
(6.4, -0.4, 0.0)
(6.4, -0.4, 0.0)
(6.4, -0.4, 0.0)
(0.0, -0.4, 0.0)
(1.6, 0.9, 0.0)
(3.9, 2.2, 0.0)
(5.6, 3.3, 0.0)
(8.5, 3.2, 0.0)
(10.6, 3.0, 0.0)
(13.5, 2.3, 0.0)
(15.8, 2.1, 0.0)
(18.6, 2.7, 0.0)
(20.6, 2.5, 0.0)
(22.3, 0.3, 0.0)
(22.8, -0.4, 0.0)
(22.5, 1.2, 0.0)
(23.4, -0.4, 0.0)
(23.4, -0.4, 0.0)
(23.3, 1.3, 0.0)
(22.4, -0.4, 0.0)
(22.4, 0.7, 0.0)
(22.5, 1.9, 0.0)
(22.8, 2.4, 0.0)
(23.6, 2.4, 0.0)
(24.3, -0.2, 0.0)
(23.9, 0.8, 0.0)
(22.3, -0.4, 0.0)
(22.1, 0.5, 0.0)
(22.7, 0.5, 0.0)
(23.5, -0.4, 0.0)
(24.1, 0.7, 0.0)
(22.7, -0.4, 0.0)
(22.1, -0.2, 0.0)
(21.8, 1.4, 0.0)
(23.1, 0.1, 0.0)
(23.6, 0.0, 0.0)
(23.5, 0.9, 0.0)
(21.7, -0.4, 0.0)
(21.7, 0.5, 0.0)
(23.2, 0.2, 0.0)
(24.3, -0.2, 0.0)
(24.9, 1.3, 0.0)
(26.4, 3.1, 0.0)
(29.1, 3.1, 0.0)
(32.0, 2.6, 0.0)
(34.6, 2.4, 0.0)
(37.2, 2.8, 0.0)
(40.1, 2.5, 0.0)
(42.8, 2.1, 0.0)
(45.2, 1.6, 0.0)
(47.9, 2.3, 0.0)
(50.0, 3.4, 0.0)
(52.3, 4.8, 0.0)
(55.1, 5.1, 0.0)
(57.4, 3.2, 0.0)
(60.3, 2.4, 0.0)
(63.1, 2.5, 0.0)
(65.3, 2.8, 0.0)
(67.6, 1.0, 0.0)
(69.7, 0.6, 0.0)
(71.7, 2.0, 0.0)
(74.2, 2.5, 0.0)
(77.1, 2.8, 0.0)
(79.6, 2.0, 0.0)
(82.2, 0.6, 0.0)
(84.6, 1.7, 0.0)
(87.2, 2.7, 0.0)
(89.3, 1.0, 0.0)
(92.2, 1.6, 0.0)
(92.4, 4.3, 0.0)
(92.6, 3.6, 0.0)
(91.8, 1.1, 0.0)
(89.3, 1.0, 0.0)
(89.2, 0.8, 0.0)
(91.6, 1.1, 0.0)
(92.2, 3.7, 0.0)
(93.0, 5.2, 0.0)
(95.4, 5.4, 0.0)
(97.8, 5.0, 0.0)
(100.1, 3.8, 0.0)
(101.9, 1.2, 0.0)
(0.0, -0.4, 0.0)
(0.8, 0.1, 0.0)
(3.1, 1.5, 0.0)
(4.9, 2.6, 0.0)
(6.3, 3.0, 0.0)
(5.7, 0.2, 0.0)
(5.8, 0.6, 0.0)
(6.3, 3.4, 0.0)
(6.6, 4.2, 0.0)
(6.9, 2.6, 0.0)
(7.1, -0.4, 0.0)
(6.9, 1.0, 0.0)
(6.7, 2.5, 0.0)
(6.4, 3.9, 0.0)
(6.2, 4.8, 0.0)
(6.0, 3.3, 0.0)
(5.8, -0.4, 0.0)
(5.8, -0.4, 0.0)
(6.2, 1.1, 0.0)
(6.5, 2.6, 0.0)
(6.8, 3.9, 0.0)
(7.0, 5.0, 0.0)
(7.3, 3.9, 0.0)
(7.6, 0.2, 0.0)
(7.4, 0.9, 0.0)
(6.9, 3.5, 0.0)
(6.6, 5.3, 0.0)
(6.3, 4.8, 0.0)
(6.0, 1.8, 0.0)
(5.9, 0.0, 0.0)
(6.2, 2.2, 0.0)
(7.5, 3.8, 0.0)
(10.0, 3.5, 0.0)
(12.7, 2.3, 0.0)
(15.0, 1.8, 0.0)
(16.1, 0.1, 0.0)
(16.0, -0.4, 0.0)
(16.0, -0.4, 0.0)
(0.0, -0.4, 0.0)
(0.0, -0.4, 0.0)
(0.0, -0.4, 0.0)
(0.0, -0.4, 0.0)
(0.0, -0.4, 0.0)
(0.0, -0.4, 0.0)
(0.0, -0.4, 0.0)
(0.0, -0.4, 0.0)
(0.9, 0.4, 0.0)
(1.4, 2.3, 0.0)
(1.8, 1.3, 0.0)
(2.0, -0.4, 0.0)
(4.1, 0.0, 0.0)
(6.2, -0.4, 0.0)
(6.5, 1.1, 0.0)
(6.5, 3.6, 0.0)
(9.5, 3.3, 0.0)
(12.1, 2.8, 0.0)
(14.5, 2.0, 0.0)
(17.2, 2.3, 0.0)
(19.4, 2.9, 0.0)
(21.9, 2.5, 0.0)
(24.4, 2.4, 0.0)
(27.1, 2.7, 0.0)
(29.4, 3.0, 0.0)
(32.4, 2.8, 0.0)
(35.3, 2.7, 0.0)
(37.8, 2.8, 0.0)
(40.6, 2.5, 0.0)
(43.4, 2.0, 0.0)
(45.6, 1.7, 0.0)
(48.3, 2.6, 0.0)
(50.7, 3.8, 0.0)
(52.6, 5.0, 0.0)
(55.6, 5.1, 0.0)
(57.7, 3.0, 0.0)
(60.6, 2.3, 0.0)
(63.5, 2.5, 0.0)
(65.6, 2.8, 0.0)
(68.0, 0.9, 0.0)
(70.3, 1.2, 0.0)
(72.2, 2.5, 0.0)
(74.4, 2.7, 0.0)
(77.1, 2.7, 0.0)
(79.4, 2.4, 0.0)
(81.5, 0.7, 0.0)
(84.1, 1.2, 0.0)
(86.4, 2.6, 0.0)
(88.7, 1.4, 0.0)
(91.5, 0.5, 0.0)
(92.3, 3.4, 0.0)
(93.4, 5.0, 0.0)
(95.7, 5.4, 0.0)
(98.1, 4.8, 0.0)
(100.4, 3.5, 0.0)
(0.4, -0.1, 0.0)
(2.6, 1.7, 0.0)
(4.2, 2.9, 0.0)
(5.6, 2.1, 0.0)
(6.8, -0.4, 0.0)
(4.4, 0.3, 0.0)
(2.2, 0.4, 0.0)
(1.2, -0.3, 0.0)
(3.8, -0.2, 0.0)
(5.5, -0.4, 0.0)
(5.2, 0.4, 0.0)
(3.8, -0.4, 0.0)
(2.3, 0.1, 0.0)
(0.0, -0.4, 0.0)
(-0.5, -0.2, 0.0)
(0.9, 0.7, 0.0)
(2.1, 0.6, 0.0)
(2.7, -0.4, 0.0)
(2.3, 1.0, 0.0)
(2.0, 2.2, 0.0)
(3.0, 1.8, 0.0)
(5.3, 1.0, 0.0)
(6.7, -0.4, 0.0)
(6.8, 1.1, 0.0)
(6.9, 2.0, 0.0)
(6.2, 0.7, 0.0)
(4.1, -0.4, 0.0)
(3.1, 0.1, 0.0)
(1.8, 1.0, 0.0)
(0.7, 1.7, 0.0)
(0.7, 0.4, 0.0)
(3.0, -0.4, 0.0)
(3.1, 0.3, 0.0)
(2.3, 1.6, 0.0)
(2.8, 2.1, 0.0)
(5.1, 3.1, 0.0)
(6.9, 3.8, 0.0)
(9.8, 3.4, 0.0)
(12.3, 2.4, 0.0)
(14.8, 2.0, 0.0)
(15.2, -0.4, 0.0)
(15.2, -0.4, 0.0)
(16.3, -0.4, 0.0)
(16.7, -0.4, 0.0)
(16.4, 0.0, 0.0)
(15.3, -0.4, 0.0)
(15.2, -0.4, 0.0)
(15.3, 0.5, 0.0)
(15.5, 1.9, 0.0)
(15.7, 1.2, 0.0)
(15.8, -0.4, 0.0)
(15.4, 0.2, 0.0)
(15.3, -0.2, 0.0)
(16.1, -0.3, 0.0)
(15.7, 0.1, 0.0)
(15.3, -0.2, 0.0)
(14.8, -0.1, 0.0)
(14.7, -0.4, 0.0)
(15.0, 1.0, 0.0)
(16.8, 2.2, 0.0)
(19.0, 2.9, 0.0)
(20.8, 3.2, 0.0)
(23.8, 2.8, 0.0)
(26.1, 2.6, 0.0)
(28.8, 2.9, 0.0)
(30.9, 2.7, 0.0)
(31.7, 2.0, 0.0)
(31.7, 2.0, 0.0)
(31.7, 2.0, 0.0)
(0.0, -0.4, 0.0)
(0.0, -0.4, 0.0)
(1.5, 0.5, 0.0)
(2.8, 1.2, 0.0)
(4.7, 2.4, 0.0)
(7.0, 3.6, 0.0)
(9.7, 3.3, 0.0)
(12.3, 2.5, 0.0)
(14.6, 1.8, 0.0)
(17.3, 2.2, 0.0)
(19.4, 3.0, 0.0)
(21.9, 2.6, 0.0)
(24.3, 2.6, 0.0)
(27.1, 2.8, 0.0)
(29.4, 3.0, 0.0)
(32.4, 2.8, 0.0)
(35.2, 2.7, 0.0)
(38.0, 2.7, 0.0)
(40.6, 2.7, 0.0)
(43.3, 2.1, 0.0)
(45.5, 1.5, 0.0)
(48.1, 2.8, 0.0)
(50.5, 4.1, 0.0)
(53.0, 5.0, 0.0)
(55.7, 5.0, 0.0)
(57.9, 2.9, 0.0)
(60.7, 2.3, 0.0)
(63.6, 2.6, 0.0)
(65.7, 2.8, 0.0)
(68.0, 1.0, 0.0)
(70.4, 1.5, 0.0)
(72.4, 2.7, 0.0)
(75.2, 2.5, 0.0)
(78.1, 3.3, 0.0)
(80.2, 1.2, 0.0)
(83.1, 0.5, 0.0)
(85.2, 2.3, 0.0)
(88.1, 2.2, 0.0)
(90.8, 0.6, 0.0)
(92.2, 3.1, 0.0)
(93.1, 4.9, 0.0)
(95.5, 5.2, 0.0)
(98.2, 5.0, 0.0)
(100.5, 4.7, 0.0)
(0.0, -0.4, 0.0)
(0.0, -0.4, 0.0)
(1.9, 0.2, 0.0)
(3.1, 0.4, 0.0)
(1.1, -0.1, 0.0)
(1.8, -0.2, 0.0)
(3.6, -0.3, 0.0)
(4.8, 0.9, 0.0)
(5.2, 3.5, 0.0)
(5.5, 3.8, 0.0)
(5.8, 1.6, 0.0)
(6.0, -0.4, 0.0)
(6.3, 2.3, 0.0)
(8.1, 3.5, 0.0)
(8.5, 3.6, 0.0)
(8.0, 3.5, 0.0)
(8.2, 3.4, 0.0)
(8.7, 3.3, 0.0)
(7.9, 3.5, 0.0)
(6.9, 1.7, 0.0)
(6.9, -0.4, 0.0)
(6.9, -0.4, 0.0)
(6.9, -0.4, 0.0)
(6.9, -0.4, 0.0)
(6.9, -0.4, 0.0)
(6.9, -0.4, 0.0)
(6.9, -0.4, 0.0)
(6.9, -0.4, 0.0)
(6.9, -0.4, 0.0)
(6.9, -0.4, 0.0)
(6.9, -0.4, 0.0)
(6.9, -0.4, 0.0)
(6.9, 1.0, 0.0)
(7.2, 3.5, 0.0)
(10.0, 3.5, 0.0)
(7.8, 3.7, 0.0)
(8.3, 3.5, 0.0)
(10.8, 2.9, 0.0)
(13.6, 2.3, 0.0)
(15.6, 1.7, 0.0)
(17.5, -0.4, 0.0)
(16.5, 1.0, 0.0)
(15.8, 1.6, 0.0)
(15.0, -0.2, 0.0)
(15.2, 0.9, 0.0)
(16.9, 2.1, 0.0)
(19.1, 2.8, 0.0)
(21.3, 3.0, 0.0)
(24.0, 2.6, 0.0)
(26.3, 2.5, 0.0)
(29.0, 3.0, 0.0)
(31.8, 2.9, 0.0)
(34.3, 2.7, 0.0)
(37.1, 2.8, 0.0)
(40.0, 2.6, 0.0)
(42.7, 2.1, 0.0)
(45.1, 1.6, 0.0)
(47.7, 2.3, 0.0)
(49.7, 3.3, 0.0)
(52.2, 4.8, 0.0)
(55.2, 5.1, 0.0)
(57.2, 3.2, 0.0)
(60.0, 2.4, 0.0)
(62.7, 2.4, 0.0)
(65.1, 2.8, 0.0)
(67.5, 1.5, 0.0)
(69.6, 0.5, 0.0)
(71.7, 2.1, 0.0)
(74.3, 2.4, 0.0)
(77.2, 3.1, 0.0)
(79.5, 2.0, 0.0)
(82.0, 0.8, 0.0)
(84.5, 1.8, 0.0)
(87.0, 2.7, 0.0)
(89.0, 1.0, 0.0)
(91.5, 0.7, 0.0)
(92.4, 3.3, 0.0)
(91.8, 5.1, 0.0)
(92.4, 2.2, 0.0)
(90.0, 0.2, 0.0)
(88.4, 1.8, 0.0)
(90.1, 0.0, 0.0)
(92.0, 1.8, 0.0)
(91.7, 1.0, 0.0)
(89.4, 0.6, 0.0)
(88.6, 2.8, 0.0)
(89.3, 1.7, 0.0)
(89.3, 1.7, 0.0)
(89.3, 1.7, 0.0)
(89.3, 1.7, 0.0)
(89.3, 1.7, 0.0)
(89.3, 1.7, 0.0)
(89.3, 1.7, 0.0)
(0.0, -0.4, 0.0)
(2.0, 0.9, 0.0)
(4.1, 2.2, 0.0)
(5.8, 3.2, 0.0)
(8.6, 3.3, 0.0)
(10.9, 2.7, 0.0)
(13.7, 2.1, 0.0)
(16.3, 2.2, 0.0)
(18.6, 2.8, 0.0)
(20.5, 2.4, 0.0)
(23.5, 2.4, 0.0)
(25.7, 2.6, 0.0)
(28.5, 3.0, 0.0)
(31.3, 2.9, 0.0)
(33.7, 2.7, 0.0)
(36.6, 2.8, 0.0)
(39.5, 2.6, 0.0)
(41.9, 2.2, 0.0)
(44.6, 1.8, 0.0)
(47.1, 2.0, 0.0)
(49.1, 3.3, 0.0)
(51.7, 4.6, 0.0)
(54.5, 4.8, 0.0)
(56.8, 3.4, 0.0)
(59.3, 2.3, 0.0)
(61.8, 2.1, 0.0)
(64.5, 2.9, 0.0)
(66.6, 1.9, 0.0)
(68.3, 0.1, 0.0)
(70.7, 1.7, 0.0)
(73.0, 2.5, 0.0)
(75.9, 2.6, 0.0)
(78.5, 2.7, 0.0)
(80.4, 0.8, 0.0)
(83.3, 0.5, 0.0)
(85.1, 2.5, 0.0)
(88.0, 2.4, 0.0)
(90.2, 0.5, 0.0)
(92.1, 1.7, 0.0)
(92.0, 4.3, 0.0)
(92.3, 5.6, 0.0)
(94.8, 5.6, 0.0)
(97.1, 5.3, 0.0)
(99.5, 3.9, 0.0)
(101.4, 2.3, 0.0)
(0.0, -0.4, 0.0)
(0.0, -0.4, 0.0)
(0.7, 1.0, 0.0)
(3.3, 2.1, 0.0)
(5.2, 3.0, 0.0)
(7.9, 3.3, 0.0)
(8.7, 3.4, 0.0)
(6.9, 3.6, 0.0)
(9.6, 3.4, 0.0)
(12.4, 2.7, 0.0)
(14.6, 2.0, 0.0)
(17.4, 2.5, 0.0)
(19.4, 2.9, 0.0)
(22.0, 2.3, 0.0)
(24.4, 2.6, 0.0)
(27.2, 2.8, 0.0)
(29.4, 3.0, 0.0)
(32.4, 2.5, 0.0)
(33.5, 0.1, 0.0)
(33.6, -0.4, 0.0)
(33.7, 1.1, 0.0)
(33.8, 2.5, 0.0)
(35.8, 2.9, 0.0)
(38.4, 2.8, 0.0)
(40.9, 2.5, 0.0)
(43.7, 2.0, 0.0)
(45.9, 1.8, 0.0)
(48.7, 2.8, 0.0)
(51.1, 4.1, 0.0)
(53.4, 4.9, 0.0)
(56.1, 4.2, 0.0)
(58.5, 2.5, 0.0)
(61.0, 2.2, 0.0)
(63.8, 2.8, 0.0)
(66.2, 2.2, 0.0)
(68.2, 0.7, 0.0)
(69.7, 1.3, 0.0)
(69.7, 1.3, 0.0)
(69.7, 1.3, 0.0)
(69.7, 1.3, 0.0)
(69.7, 1.3, 0.0)
(69.7, 1.3, 0.0)
(69.7, 1.3, 0.0)
(0.0, -0.4, 0.0)
(0.1, -0.3, 0.0)
(2.1, 0.8, 0.0)
(4.2, 2.1, 0.0)
(5.9, 3.3, 0.0)
(7.8, 3.4, 0.0)
(10.4, 3.1, 0.0)
(13.3, 2.5, 0.0)
(15.5, 2.1, 0.0)
(18.4, 2.8, 0.0)
(20.3, 2.5, 0.0)
(23.2, 2.3, 0.0)
(25.3, 2.5, 0.0)
(28.2, 3.0, 0.0)
(31.2, 2.9, 0.0)
(33.5, 2.5, 0.0)
(36.5, 2.6, 0.0)
(39.5, 2.6, 0.0)
(42.0, 2.3, 0.0)
(44.6, 1.6, 0.0)
(47.1, 2.0, 0.0)
(49.2, 3.1, 0.0)
(51.7, 4.6, 0.0)
(54.5, 5.0, 0.0)
(56.9, 3.6, 0.0)
(59.6, 2.4, 0.0)
(62.3, 2.3, 0.0)
(64.8, 2.8, 0.0)
(67.2, 1.7, 0.0)
(69.1, 0.3, 0.0)
(71.3, 2.1, 0.0)
(74.0, 2.5, 0.0)
(76.8, 2.9, 0.0)
(79.1, 2.3, 0.0)
(81.0, 0.5, 0.0)
(83.9, 0.7, 0.0)
(86.2, 2.4, 0.0)
(88.6, 1.4, 0.0)
(91.1, 0.5, 0.0)
(92.2, 3.2, 0.0)
(92.4, 5.1, 0.0)
(95.0, 5.3, 0.0)
(97.1, 5.1, 0.0)
(97.5, 4.8, 0.0)
(97.5, 4.8, 0.0)
(97.5, 4.8, 0.0)
(97.5, 4.8, 0.0)
(97.5, 4.8, 0.0)
(97.5, 4.8, 0.0)
(0.0, -0.4, 0.0)
(1.6, 0.5, 0.0)
(3.8, 2.0, 0.0)
(5.5, 3.2, 0.0)
(8.0, 3.5, 0.0)
(10.3, 3.2, 0.0)
(13.1, 2.2, 0.0)
(15.3, 1.6, 0.0)
(18.1, 2.3, 0.0)
(20.1, 2.6, 0.0)
(22.9, 2.4, 0.0)
(25.1, 2.6, 0.0)
(28.0, 2.9, 0.0)
(30.7, 2.9, 0.0)
(33.2, 2.6, 0.0)
(36.1, 2.5, 0.0)
(39.0, 2.5, 0.0)
(41.3, 2.5, 0.0)
(44.2, 2.0, 0.0)
(46.8, 2.1, 0.0)
(49.1, 2.9, 0.0)
(51.6, 4.3, 0.0)
(54.3, 4.8, 0.0)
(56.7, 3.5, 0.0)
(59.2, 2.2, 0.0)
(61.6, 1.8, 0.0)
(64.3, 2.6, 0.0)
(66.6, 2.0, 0.0)
(68.5, 0.5, 0.0)
(71.1, 1.7, 0.0)
(73.5, 2.4, 0.0)
(76.4, 2.7, 0.0)
(78.9, 2.7, 0.0)
(80.6, 0.5, 0.0)
(83.4, 0.4, 0.0)
(85.1, 2.5, 0.0)
(87.9, 2.7, 0.0)
(89.8, 0.3, 0.0)
(92.2, 1.6, 0.0)
(92.2, 4.2, 0.0)
(93.4, 5.5, 0.0)
(95.7, 5.6, 0.0)
(98.6, 4.9, 0.0)
(100.7, 4.1, 0.0)
(0.0, -0.4, 0.0)
(-0.2, -0.1, 0.0)
(-0.4, 0.6, 0.0)
(2.0, -0.4, 0.0)
(3.0, -0.4, 0.0)
(2.2, 0.4, 0.0)
(0.8, -0.4, 0.0)
(0.9, -0.1, 0.0)
(2.9, 0.0, 0.0)
(4.0, -0.4, 0.0)
(4.0, -0.3, 0.0)
(2.0, 0.0, 0.0)
(0.3, -0.4, 0.0)
(1.1, 0.8, 0.0)
(3.1, -0.4, 0.0)
(3.6, -0.4, 0.0)
(4.9, 0.5, 0.0)
(3.0, -0.4, 0.0)
(2.2, 0.2, 0.0)
(1.9, 1.2, 0.0)
(1.7, -0.3, 0.0)
(1.7, -0.4, 0.0)
(3.3, 0.3, 0.0)
(4.7, -0.2, 0.0)
(5.0, -0.4, 0.0)
(5.3, 0.3, 0.0)
(6.3, 2.9, 0.0)
(8.8, 3.4, 0.0)
(11.0, 3.1, 0.0)
(13.8, 2.2, 0.0)
(15.2, 0.3, 0.0)
(15.3, -0.4, 0.0)
(15.6, 1.0, 0.0)
(17.2, 2.2, 0.0)
(19.4, 3.0, 0.0)
(21.2, 2.3, 0.0)
(24.1, 2.5, 0.0)
(26.6, 2.9, 0.0)
(29.1, 3.4, 0.0)
(31.9, 2.9, 0.0)
(33.9, 1.9, 0.0)
(33.6, -0.4, 0.0)
(33.6, -0.3, 0.0)
(33.7, 1.4, 0.0)
(33.8, 0.9, 0.0)
(33.8, -0.4, 0.0)
(33.8, 1.1, 0.0)
(33.8, 2.5, 0.0)
(33.7, 2.2, 0.0)
(33.8, -0.4, 0.0)
(33.8, -0.4, 0.0)
(33.8, -0.4, 0.0)
(0.0, -0.4, 0.0)
(1.9, 0.9, 0.0)
(4.0, 2.2, 0.0)
(5.6, 3.3, 0.0)
(8.3, 3.5, 0.0)
(10.5, 3.1, 0.0)
(13.4, 2.5, 0.0)
(15.6, 2.1, 0.0)
(18.5, 2.6, 0.0)
(20.5, 2.6, 0.0)
(23.4, 2.4, 0.0)
(25.5, 2.5, 0.0)
(28.5, 2.9, 0.0)
(31.1, 3.1, 0.0)
(33.7, 2.8, 0.0)
(36.6, 2.7, 0.0)
(39.5, 2.4, 0.0)
(42.1, 2.1, 0.0)
(44.7, 1.6, 0.0)
(47.4, 2.1, 0.0)
(49.7, 3.1, 0.0)
(52.0, 4.5, 0.0)
(54.7, 5.0, 0.0)
(57.1, 3.5, 0.0)
(59.9, 2.5, 0.0)
(62.7, 2.4, 0.0)
(65.0, 2.9, 0.0)
(67.4, 1.3, 0.0)
(69.3, 0.2, 0.0)
(71.5, 1.9, 0.0)
(74.2, 2.4, 0.0)
(77.0, 3.0, 0.0)
(79.6, 2.0, 0.0)
(82.1, 0.7, 0.0)
(84.7, 1.7, 0.0)
(87.4, 2.6, 0.0)
(89.0, 0.4, 0.0)
(89.3, -0.4, 0.0)
(89.3, -0.4, 0.0)
(89.3, -0.4, 0.0)
(89.3, -0.4, 0.0)
(89.3, -0.4, 0.0)
(89.3, -0.4, 0.0)
(89.3, -0.4, 0.0)
(89.7, -0.2, 0.0)
(89.9, 0.2, 0.0)
(88.3, -0.4, 0.0)
(89.1, -0.1, 0.0)
(90.4, -0.4, 0.0)
(90.6, -0.2, 0.0)
(89.5, 1.1, 0.0)
(87.8, 2.7, 0.0)
(85.4, 2.0, 0.0)
(83.2, 0.0, 0.0)
(80.8, 0.6, 0.0)
(79.1, 3.0, 0.0)
(76.7, 2.8, 0.0)
(77.9, 3.4, 0.0)
(79.7, 1.7, 0.0)
(82.0, 0.4, 0.0)
(84.3, 1.5, 0.0)
(85.6, 3.2, 0.0)
(88.4, 2.9, 0.0)
(89.5, 0.4, 0.0)
(92.0, 1.6, 0.0)
(92.3, 4.2, 0.0)
(92.5, 4.1, 0.0)
(91.8, 1.3, 0.0)
(89.2, 0.6, 0.0)
(87.8, 2.4, 0.0)
(89.7, 0.2, 0.0)
(90.1, -0.4, 0.0)
(90.1, -0.4, 0.0)
(90.1, -0.4, 0.0)
(90.1, -0.4, 0.0)
(90.1, -0.4, 0.0)
(90.1, -0.4, 0.0)
(90.1, -0.4, 0.0)
(90.1, -0.4, 0.0)
(90.1, -0.4, 0.0)
(90.1, -0.4, 0.0)
(90.1, -0.4, 0.0)
(90.1, -0.4, 0.0)
(90.1, -0.4, 0.0)
(90.1, -0.4, 0.0)
(90.1, -0.4, 0.0)
(90.1, -0.4, 0.0)
(88.9, 1.2, 0.0)
(88.7, 1.5, 0.0)
(91.3, 0.7, 0.0)
(92.5, 2.9, 0.0)
(91.3, 5.3, 0.0)
(92.5, 3.3, 0.0)
(91.2, 0.6, 0.0)
(88.8, 1.3, 0.0)
(88.5, 1.5, 0.0)
(91.0, 0.5, 0.0)
(92.7, 2.3, 0.0)
(91.2, 0.4, 0.0)
(88.9, 1.2, 0.0)
(88.7, 1.7, 0.0)
(90.9, 0.6, 0.0)
(92.6, 2.3, 0.0)
(91.8, 1.1, 0.0)
(89.5, 0.1, 0.0)
(88.6, 2.0, 0.0)
(90.2, 0.3, 0.0)
(92.0, 1.6, 0.0)
(92.0, 4.3, 0.0)
(93.5, 5.2, 0.0)
(95.8, 5.3, 0.0)
(94.0, 5.3, 0.0)
(92.4, 4.6, 0.0)
(92.5, 1.8, 0.0)
(89.9, 0.2, 0.0)
(88.4, 2.2, 0.0)
(85.9, 2.9, 0.0)
(87.7, 2.5, 0.0)
(89.1, 0.0, 0.0)
(91.7, 1.1, 0.0)
(92.5, 1.8, 0.0)
(90.1, 0.2, 0.0)
(88.7, 2.4, 0.0)
(90.1, 0.3, 0.0)
(92.3, 1.5, 0.0)
(91.7, 0.8, 0.0)
(89.2, 0.5, 0.0)
(88.6, 1.3, 0.0)
(89.7, -0.4, 0.0)
(89.7, -0.4, 0.0)
(89.7, -0.4, 0.0)
(89.7, -0.4, 0.0)
(89.7, -0.4, 0.0)
(89.7, -0.4, 0.0)
(90.2, -0.1, 0.0)
(91.8, 1.5, 0.0)
(92.2, 3.7, 0.0)
(91.9, 4.3, 0.0)
(91.9, 1.5, 0.0)
(89.5, -0.1, 0.0)
(88.4, 2.4, 0.0)
(89.5, 0.1, 0.0)
(92.4, 1.2, 0.0)
(92.9, 1.7, 0.0)
(92.9, 1.7, 0.0)
(0.1, -0.3, 0.0)
(2.4, 0.9, 0.0)
(4.4, 2.1, 0.0)
(6.1, 3.2, 0.0)
(8.8, 3.3, 0.0)
(11.0, 2.9, 0.0)
(13.9, 2.3, 0.0)
(16.6, 2.4, 0.0)
(18.9, 3.0, 0.0)
(21.1, 2.4, 0.0)
(23.8, 2.5, 0.0)
(26.4, 2.7, 0.0)
(29.0, 2.8, 0.0)
(31.8, 2.5, 0.0)
(33.6, 0.9, 0.0)
(34.0, -0.4, 0.0)
(34.0, -0.4, 0.0)
(0.0, -0.4, 0.0)
(1.7, 0.9, 0.0)
(3.9, 2.2, 0.0)
(5.7, 3.2, 0.0)
(8.3, 3.5, 0.0)
(10.6, 3.3, 0.0)
(13.4, 2.3, 0.0)
(15.9, 2.0, 0.0)
(18.4, 2.6, 0.0)
(20.3, 3.0, 0.0)
(23.2, 2.7, 0.0)
(25.4, 2.6, 0.0)
(28.4, 2.8, 0.0)
(31.2, 2.7, 0.0)
(33.5, 2.4, 0.0)
(36.5, 2.6, 0.0)
(39.4, 2.7, 0.0)
(41.8, 2.6, 0.0)
(44.5, 1.8, 0.0)
(47.1, 2.0, 0.0)
(49.6, 3.2, 0.0)
(51.9, 4.5, 0.0)
(54.7, 5.0, 0.0)
(57.1, 3.6, 0.0)
(59.9, 2.5, 0.0)
(62.7, 2.4, 0.0)
(65.0, 2.8, 0.0)
(67.3, 1.4, 0.0)
(69.4, 0.4, 0.0)
(71.6, 2.0, 0.0)
(74.3, 2.4, 0.0)
(77.1, 3.1, 0.0)
(79.3, 2.4, 0.0)
(81.3, 0.7, 0.0)
(84.0, 0.9, 0.0)
(86.3, 2.4, 0.0)
(88.9, 1.5, 0.0)
(91.2, 0.6, 0.0)
(92.4, 3.1, 0.0)
(92.5, 5.2, 0.0)
(95.2, 5.4, 0.0)
(94.5, 5.5, 0.0)
(92.1, 5.3, 0.0)
(92.1, 2.1, 0.0)
(89.8, 0.2, 0.0)
(88.8, 1.7, 0.0)
(90.2, 0.5, 0.0)
(92.7, 1.9, 0.0)
(91.8, 4.6, 0.0)
(94.1, 5.3, 0.0)
(96.2, 5.7, 0.0)
(93.8, 5.4, 0.0)
(91.7, 5.0, 0.0)
(90.9, 4.3, 0.0)
(90.9, 4.3, 0.0)
(90.9, 4.3, 0.0)
(90.9, 4.3, 0.0)
(90.9, 4.3, 0.0)
(90.9, 4.3, 0.0)
(90.9, 4.3, 0.0)
(0.0, -0.4, 0.0)
(0.3, -0.2, 0.0)
(2.3, 1.1, 0.0)
(4.3, 2.4, 0.0)
(6.0, 3.5, 0.0)
(8.9, 3.4, 0.0)
(11.3, 3.0, 0.0)
(13.9, 2.3, 0.0)
(16.5, 2.2, 0.0)
(18.9, 2.8, 0.0)
(20.9, 2.4, 0.0)
(23.8, 2.4, 0.0)
(26.4, 2.6, 0.0)
(28.8, 3.0, 0.0)
(31.7, 2.7, 0.0)
(34.4, 2.5, 0.0)
(37.0, 2.7, 0.0)
(39.9, 2.7, 0.0)
(42.6, 2.2, 0.0)
(44.9, 1.5, 0.0)
(47.4, 2.1, 0.0)
(49.3, 3.3, 0.0)
(51.8, 4.6, 0.0)
(54.7, 5.1, 0.0)
(57.0, 3.6, 0.0)
(59.6, 2.5, 0.0)
(62.3, 2.2, 0.0)
(64.8, 2.7, 0.0)
(67.3, 1.4, 0.0)
(69.3, 0.3, 0.0)
(71.6, 1.7, 0.0)
(74.0, 2.4, 0.0)
(77.1, 2.8, 0.0)
(79.4, 2.0, 0.0)
(81.7, 0.6, 0.0)
(84.2, 1.4, 0.0)
(86.7, 2.6, 0.0)
(88.9, 1.1, 0.0)
(89.7, -0.4, 0.0)
(90.9, 0.5, 0.0)
(92.4, 3.1, 0.0)
(92.3, 5.2, 0.0)
(95.2, 5.1, 0.0)
(94.5, 5.2, 0.0)
(92.2, 5.3, 0.0)
(90.6, 4.4, 0.0)
(90.6, 4.4, 0.0)
(90.6, 4.4, 0.0)
(90.6, 4.4, 0.0)
(90.6, 4.4, 0.0)
(90.6, 4.4, 0.0)
(90.6, 4.4, 0.0)
(0.0, -0.4, 0.0)
(0.0, -0.4, 0.0)
(0.0, -0.4, 0.0)
(0.0, -0.4, 0.0)
(0.0, -0.4, 0.0)
(0.0, -0.4, 0.0)
(0.0, -0.4, 0.0)
(1.4, 0.5, 0.0)
(3.7, 2.1, 0.0)
(5.4, 3.3, 0.0)
(8.0, 3.5, 0.0)
(10.3, 3.3, 0.0)
(13.1, 2.4, 0.0)
(15.3, 1.9, 0.0)
(18.2, 2.4, 0.0)
(20.2, 2.7, 0.0)
(23.0, 2.4, 0.0)
(25.2, 2.4, 0.0)
(28.1, 2.8, 0.0)
(30.8, 2.9, 0.0)
(33.3, 2.6, 0.0)
(36.2, 2.7, 0.0)
(39.1, 2.6, 0.0)
(41.3, 2.3, 0.0)
(44.3, 1.6, 0.0)
(46.8, 1.8, 0.0)
(49.0, 2.9, 0.0)
(51.3, 4.7, 0.0)
(53.6, 5.3, 0.0)
(56.2, 4.4, 0.0)
(58.5, 2.7, 0.0)
(61.1, 2.2, 0.0)
(64.0, 2.5, 0.0)
(66.2, 3.2, 0.0)
(67.7, 5.3, 0.0)
(68.5, 5.1, 0.0)
(69.9, 4.2, 0.0)
(69.9, 4.2, 0.0)
(69.9, 4.2, 0.0)
(69.9, 4.2, 0.0)
(69.9, 4.2, 0.0)
(69.9, 4.2, 0.0)
(69.9, 4.2, 0.0)
(0.0, -0.4, 0.0)
(2.1, 0.9, 0.0)
(4.0, 2.2, 0.0)
(5.6, 3.3, 0.0)
(7.4, 3.9, 0.0)
(10.1, 3.1, 0.0)
(12.9, 2.4, 0.0)
(15.2, 2.0, 0.0)
(16.3, -0.4, 0.0)
(16.3, -0.4, 0.0)
(16.3, -0.4, 0.0)
(16.3, -0.4, 0.0)
(16.3, -0.4, 0.0)
(16.3, -0.4, 0.0)
(16.3, -0.4, 0.0)
(16.3, -0.4, 0.0)
(0.1, -0.3, 0.0)
(2.7, 0.4, 0.0)
(5.0, 0.9, 0.0)
(6.9, 1.4, 0.0)
(8.8, 1.7, 0.0)
(10.6, -0.1, 0.0)
(11.0, -0.4, 0.0)
(11.0, -0.4, 0.0)
(11.0, -0.4, 0.0)
(11.0, -0.4, 0.0)
(11.0, -0.4, 0.0)
(11.0, -0.4, 0.0)
(11.0, -0.4, 0.0)
(0.2, -0.3, 0.0)
(2.4, 1.0, 0.0)
(4.4, 2.2, 0.0)
(6.1, 3.3, 0.0)
(9.0, 3.2, 0.0)
(11.4, 2.3, 0.0)
(12.0, 1.9, 0.0)
(12.0, 1.9, 0.0)
(12.0, 1.9, 0.0)
(12.0, 1.9, 0.0)
(12.0, 1.9, 0.0)
(12.0, 1.9, 0.0)
(0.3, -0.2, 0.0)
(2.6, 1.3, 0.0)
(4.4, 2.5, 0.0)
(6.0, 3.6, 0.0)
(8.9, 3.2, 0.0)
(11.3, 2.4, 0.0)
(12.0, 1.9, 0.0)
(12.0, 1.9, 0.0)
(12.0, 1.9, 0.0)
(12.0, 1.9, 0.0)
(12.0, 1.9, 0.0)
(12.0, 1.9, 0.0)
(0.4, -0.1, 0.0)
(2.7, 1.3, 0.0)
(4.6, 2.5, 0.0)
(6.2, 3.5, 0.0)
(9.2, 3.3, 0.0)
(11.9, 2.8, 0.0)
(14.2, 2.2, 0.0)
(16.9, 1.9, 0.0)
(17.9, 1.9, 0.0)
(17.9, 1.9, 0.0)
(17.9, 1.9, 0.0)
(17.9, 1.9, 0.0)
(17.9, 1.9, 0.0)
(17.9, 1.9, 0.0)
(17.9, 1.9, 0.0)
(0.5, -0.1, 0.0)
(3.0, 1.4, 0.0)
(4.7, 2.5, 0.0)
(6.8, 3.4, 0.0)
(9.5, 3.3, 0.0)
(12.3, 2.8, 0.0)
(14.5, 2.3, 0.0)
(17.4, 2.5, 0.0)
(19.5, 2.7, 0.0)
(22.0, 1.9, 0.0)
(24.5, 2.3, 0.0)
(26.9, 2.0, 0.0)
(27.0, 2.0, 0.0)
(27.0, 2.0, 0.0)
(0.0, -0.4, 0.0)
(0.8, 0.1, 0.0)
(3.0, 1.5, 0.0)
(4.9, 2.7, 0.0)
(6.5, 3.7, 0.0)
(9.4, 3.3, 0.0)
(11.9, 2.7, 0.0)
(14.4, 2.0, 0.0)
(17.1, 2.1, 0.0)
(19.3, 2.7, 0.0)
(21.8, 2.7, 0.0)
(24.3, 2.6, 0.0)
(27.1, 2.7, 0.0)
(29.4, 2.9, 0.0)
(32.4, 2.6, 0.0)
(35.0, 2.5, 0.0)
(37.9, 2.6, 0.0)
(40.5, 2.5, 0.0)
(43.3, 2.0, 0.0)
(45.6, 1.7, 0.0)
(48.3, 2.4, 0.0)
(50.4, 3.3, 0.0)
(52.5, 4.9, 0.0)
(55.4, 5.0, 0.0)
(57.6, 3.1, 0.0)
(60.5, 2.3, 0.0)
(63.4, 2.6, 0.0)
(65.7, 2.6, 0.0)
(67.8, 0.7, 0.0)
(70.3, 0.9, 0.0)
(72.2, 1.9, 0.0)
(74.0, 2.0, 0.0)
(74.0, 2.0, 0.0)
(74.0, 2.0, 0.0)
(74.0, 2.0, 0.0)
(74.0, 2.0, 0.0)
(74.0, 2.0, 0.0)
(74.0, 2.0, 0.0)
(0.0, -0.4, 0.0)
(0.8, 0.0, 0.0)
(3.3, 1.5, 0.0)
(5.1, 2.5, 0.0)
(6.8, 3.5, 0.0)
(9.7, 3.3, 0.0)
(12.4, 2.8, 0.0)
(14.7, 2.1, 0.0)
(17.6, 2.3, 0.0)
(19.7, 2.6, 0.0)
(22.5, 2.3, 0.0)
(24.7, 2.5, 0.0)
(27.5, 2.8, 0.0)
(30.2, 2.9, 0.0)
(32.8, 2.7, 0.0)
(35.6, 2.8, 0.0)
(38.3, 3.2, 0.0)
(38.6, 3.3, 0.0)
(38.6, 3.3, 0.0)
(38.6, 3.3, 0.0)
(0.0, -0.4, 0.0)
(1.2, 0.4, 0.0)
(3.5, 1.8, 0.0)
(5.2, 2.9, 0.0)
(7.6, 3.4, 0.0)
(10.0, 3.3, 0.0)
(12.7, 2.6, 0.0)
(15.0, 2.1, 0.0)
(17.9, 2.5, 0.0)
(20.0, 3.0, 0.0)
(22.7, 2.7, 0.0)
(25.0, 2.5, 0.0)
(27.8, 2.8, 0.0)
(30.0, 3.1, 0.0)
(32.9, 2.6, 0.0)
(33.7, 0.7, 0.0)
(33.5, -0.4, 0.0)
(33.5, -0.4, 0.0)
(33.7, 1.6, 0.0)
(34.9, 2.9, 0.0)
(37.3, 2.7, 0.0)
(40.3, 2.5, 0.0)
(43.1, 2.0, 0.0)
(45.4, 1.4, 0.0)
(47.9, 2.1, 0.0)
(49.8, 3.2, 0.0)
(52.4, 4.6, 0.0)
(55.2, 5.0, 0.0)
(57.3, 3.2, 0.0)
(60.1, 2.4, 0.0)
(62.9, 2.5, 0.0)
(65.2, 2.9, 0.0)
(67.5, 1.2, 0.0)
(69.8, 0.9, 0.0)
(71.9, 2.1, 0.0)
(74.6, 2.4, 0.0)
(77.5, 2.8, 0.0)
(79.8, 1.9, 0.0)
(82.3, 0.5, 0.0)
(84.6, 1.4, 0.0)
(86.9, 2.5, 0.0)
(89.1, 1.1, 0.0)
(91.9, 1.0, 0.0)
(92.7, 3.6, 0.0)
(92.2, 5.2, 0.0)
(95.0, 5.4, 0.0)
(97.1, 5.5, 0.0)
(99.0, 3.5, 0.0)
(100.4, 1.4, 0.0)
(101.1, -0.4, 0.0)
(101.1, -0.4, 0.0)
(101.1, -0.4, 0.0)
(101.1, -0.4, 0.0)
(101.1, -0.4, 0.0)
(101.1, -0.4, 0.0)
(101.1, -0.4, 0.0)
(101.1, -0.4, 0.0)
(101.2, 0.2, 0.0)
(101.5, 1.1, 0.0)
(101.7, -0.4, 0.0)
(101.4, 0.4, 0.0)
(100.9, 1.8, 0.0)
(100.4, 3.2, 0.0)
(98.2, 4.9, 0.0)
(96.7, 5.6, 0.0)
(93.7, 5.3, 0.0)
(91.6, 5.1, 0.0)
(91.0, 4.4, 0.0)
(91.0, 4.4, 0.0)
(91.0, 4.4, 0.0)
(91.0, 4.4, 0.0)
(91.0, 4.4, 0.0)
(91.0, 4.4, 0.0)
(91.0, 4.4, 0.0)
(0.0, -0.4, 0.0)
(2.2, 0.8, 0.0)
(4.1, 2.0, 0.0)
(5.8, 3.1, 0.0)
(8.5, 3.5, 0.0)
(11.0, 2.7, 0.0)
(11.9, 1.9, 0.0)
(11.9, 1.9, 0.0)
(11.9, 1.9, 0.0)
(11.9, 1.9, 0.0)
(11.9, 1.9, 0.0)
(11.9, 1.9, 0.0)
(11.9, 1.9, 0.0)
(0.4, -0.1, 0.0)
(2.7, 1.4, 0.0)
(4.5, 2.5, 0.0)
(6.2, 3.6, 0.0)
(9.1, 3.4, 0.0)
(11.6, 2.9, 0.0)
(14.1, 2.2, 0.0)
(16.8, 2.3, 0.0)
(19.0, 2.9, 0.0)
(21.0, 2.2, 0.0)
(23.9, 2.5, 0.0)
(26.0, 2.7, 0.0)
(28.9, 2.8, 0.0)
(31.8, 2.6, 0.0)
(34.4, 2.4, 0.0)
(37.0, 2.8, 0.0)
(40.0, 2.5, 0.0)
(42.4, 1.7, 0.0)
(43.0, 1.4, 0.0)
(43.0, 1.4, 0.0)
(43.0, 1.4, 0.0)
(43.0, 1.4, 0.0)
(43.0, 1.4, 0.0)
(43.0, 1.4, 0.0)
(0.4, -0.3, 0.0)
(2.5, 0.6, 0.0)
(4.5, 2.0, 0.0)
(6.1, 3.2, 0.0)
(9.0, 3.2, 0.0)
(11.1, 3.0, 0.0)
(14.0, 2.0, 0.0)
(16.3, 1.6, 0.0)
(18.9, 2.4, 0.0)
(20.8, 2.3, 0.0)
(23.7, 2.5, 0.0)
(26.0, 2.7, 0.0)
(28.8, 2.9, 0.0)
(31.6, 2.7, 0.0)
(34.1, 2.5, 0.0)
(36.9, 2.8, 0.0)
(39.8, 2.6, 0.0)
(42.4, 2.3, 0.0)
(44.9, 1.7, 0.0)
(47.5, 2.2, 0.0)
(49.5, 3.1, 0.0)
(51.7, 4.7, 0.0)
(54.4, 5.0, 0.0)
(56.9, 3.9, 0.0)
(59.6, 2.5, 0.0)
(62.4, 2.3, 0.0)
(64.7, 2.8, 0.0)
(67.0, 4.5, 0.0)
(68.6, 5.5, 0.0)
(71.2, 3.9, 0.0)
(73.6, 2.9, 0.0)
(76.3, 2.7, 0.0)
(78.8, 2.8, 0.0)
(80.8, 0.8, 0.0)
(83.4, 0.4, 0.0)
(85.5, 2.4, 0.0)
(88.2, 2.2, 0.0)
(90.6, 0.7, 0.0)
(92.5, 2.6, 0.0)
(92.1, 5.2, 0.0)
(95.0, 5.3, 0.0)
(97.3, 5.0, 0.0)
(99.7, 3.5, 0.0)
(101.5, 1.3, 0.0)
(0.0, -0.4, 0.0)
(0.0, -0.4, 0.0)
(0.0, -0.4, 0.0)
(0.0, -0.4, 0.0)
(0.0, -0.4, 0.0)
(1.4, 0.6, 0.0)
(3.8, 2.0, 0.0)
(5.5, 3.1, 0.0)
(8.2, 3.4, 0.0)
(10.4, 3.2, 0.0)
(13.2, 2.3, 0.0)
(15.3, 1.6, 0.0)
(18.2, 2.5, 0.0)
(20.1, 2.8, 0.0)
(22.9, 2.4, 0.0)
(25.1, 2.5, 0.0)
(27.9, 3.0, 0.0)
(30.4, 3.1, 0.0)
(33.0, 2.8, 0.0)
(35.9, 2.6, 0.0)
(38.6, 2.6, 0.0)
(41.1, 2.6, 0.0)
(44.0, 2.0, 0.0)
(46.3, 1.8, 0.0)
(48.9, 2.8, 0.0)
(51.2, 4.0, 0.0)
(53.7, 4.9, 0.0)
(56.3, 4.2, 0.0)
(58.7, 2.6, 0.0)
(61.2, 2.2, 0.0)
(64.2, 2.7, 0.0)
(66.6, 1.8, 0.0)
(68.4, 0.3, 0.0)
(71.1, 1.5, 0.0)
(73.2, 2.4, 0.0)
(76.3, 2.8, 0.0)
(78.6, 3.2, 0.0)
(80.6, 1.1, 0.0)
(83.5, 0.5, 0.0)
(85.3, 2.6, 0.0)
(88.3, 2.1, 0.0)
(90.8, 0.5, 0.0)
(92.4, 2.4, 0.0)
(91.5, 5.1, 0.0)
(93.0, 3.0, 0.0)
(91.5, 0.7, 0.0)
(89.1, 1.3, 0.0)
(88.3, 2.2, 0.0)
(89.0, -0.4, 0.0)
(89.5, -0.1, 0.0)
(90.9, 0.6, 0.0)
(92.6, 2.6, 0.0)
(91.4, 5.0, 0.0)
(92.9, 2.7, 0.0)
(91.3, 0.2, 0.0)
(91.0, -0.4, 0.0)
(89.7, 0.1, 0.0)
(91.6, 0.7, 0.0)
(90.8, 0.4, 0.0)
(89.7, 0.0, 0.0)
(89.6, 0.0, 0.0)
(90.0, 0.3, 0.0)
(90.8, 0.6, 0.0)
(91.1, 0.4, 0.0)
(90.3, 0.3, 0.0)
(89.2, 0.1, 0.0)
(89.3, 0.2, 0.0)
(91.0, 0.4, 0.0)
(90.5, -0.3, 0.0)
(89.1, -0.4, 0.0)
(90.7, 0.1, 0.0)
(89.4, 0.0, 0.0)
(90.3, 0.1, 0.0)
(90.6, 0.3, 0.0)
(90.5, -0.4, 0.0)
(90.5, -0.4, 0.0)
(90.5, -0.4, 0.0)
(91.0, 0.7, 0.0)
(92.5, 2.5, 0.0)
(92.2, 4.6, 0.0)
(92.1, 4.8, 0.0)
(92.6, 2.2, 0.0)
(90.0, 0.4, 0.0)
(88.5, 2.1, 0.0)
(89.1, 0.8, 0.0)
(91.3, 0.5, 0.0)
(92.8, 2.4, 0.0)
(91.9, 5.0, 0.0)
(92.6, 2.1, 0.0)
(89.9, 0.2, 0.0)
(88.1, 1.9, 0.0)
(85.5, 2.6, 0.0)
(83.2, 0.6, 0.0)
(80.5, 1.4, 0.0)
(78.9, 3.1, 0.0)
(76.2, 2.8, 0.0)
(73.2, 2.7, 0.0)
(75.3, 1.9, 0.0)
(77.5, 3.5, 0.0)
(79.4, 2.0, 0.0)
(81.9, 0.7, 0.0)
(84.3, 1.4, 0.0)
(86.8, 2.6, 0.0)
(88.9, 0.9, 0.0)
(91.6, 0.4, 0.0)
(89.6, -0.4, 0.0)
(91.2, 0.1, 0.0)
(88.8, -0.4, 0.0)
(90.5, -0.4, 0.0)
(91.2, -0.4, 0.0)
(91.2, -0.4, 0.0)
(91.5, 0.2, 0.0)
(92.5, 2.7, 0.0)
(91.9, 4.8, 0.0)
(92.9, 5.5, 0.0)
(95.3, 5.4, 0.0)
(94.5, 5.2, 0.0)
(92.2, 5.1, 0.0)
(92.8, 2.1, 0.0)
(90.4, 0.2, 0.0)
(88.3, 1.5, 0.0)
(86.4, 2.7, 0.0)
(84.0, 1.3, 0.0)
(81.5, 0.4, 0.0)
(79.5, 1.9, 0.0)
(77.8, 3.2, 0.0)
(74.8, 2.7, 0.0)
(72.3, 3.0, 0.0)
(70.0, 1.1, 0.0)
(68.2, 1.3, 0.0)
(68.2, 1.3, 0.0)
(68.2, 1.3, 0.0)
(68.2, 1.3, 0.0)
(68.2, 1.3, 0.0)
(68.2, 1.3, 0.0)
(68.2, 1.3, 0.0)
(0.0, -0.4, 0.0)
(0.0, -0.4, 0.0)
(0.0, -0.4, 0.0)
(0.0, -0.4, 0.0)
(0.0, -0.4, 0.0)
(0.0, -0.4, 0.0)
(1.1, 0.2, 0.0)
(3.6, 1.8, 0.0)
(5.4, 2.9, 0.0)
(8.0, 3.3, 0.0)
(10.3, 3.2, 0.0)
(13.1, 2.3, 0.0)
(15.2, 1.7, 0.0)
(18.0, 2.5, 0.0)
(19.9, 3.1, 0.0)
(22.7, 2.7, 0.0)
(24.9, 2.5, 0.0)
(27.8, 2.8, 0.0)
(30.5, 2.9, 0.0)
(33.0, 2.6, 0.0)
(35.9, 2.7, 0.0)
(38.8, 2.6, 0.0)
(41.1, 2.4, 0.0)
(44.0, 1.7, 0.0)
(46.2, 1.5, 0.0)
(48.7, 2.8, 0.0)
(51.0, 4.2, 0.0)
(53.3, 5.2, 0.0)
(56.0, 4.7, 0.0)
(58.3, 2.8, 0.0)
(61.0, 2.3, 0.0)
(64.0, 2.6, 0.0)
(66.4, 2.0, 0.0)
(68.4, 0.5, 0.0)
(71.0, 1.5, 0.0)
(73.1, 2.4, 0.0)
(76.1, 2.6, 0.0)
(78.8, 2.6, 0.0)
(81.0, 0.9, 0.0)
(83.8, 1.1, 0.0)
(86.4, 2.4, 0.0)
(88.9, 1.2, 0.0)
(91.8, 1.1, 0.0)
(92.2, 4.1, 0.0)
(93.1, 5.0, 0.0)
(95.6, 5.4, 0.0)
(97.6, 4.8, 0.0)
(97.6, 4.8, 0.0)
(97.6, 4.8, 0.0)
(97.6, 4.8, 0.0)
(97.6, 4.8, 0.0)
(97.6, 4.8, 0.0)
(97.6, 4.8, 0.0)
(0.0, -0.4, 0.0)
(1.5, 0.2, 0.0)
(3.9, 1.9, 0.0)
(5.5, 3.2, 0.0)
(8.3, 3.4, 0.0)
(10.4, 3.3, 0.0)
(13.3, 2.5, 0.0)
(15.4, 2.0, 0.0)
(18.3, 2.6, 0.0)
(20.3, 2.7, 0.0)
(23.2, 2.4, 0.0)
(25.4, 2.4, 0.0)
(28.3, 2.8, 0.0)
(31.0, 2.9, 0.0)
(33.4, 2.7, 0.0)
(36.4, 2.6, 0.0)
(39.3, 2.6, 0.0)
(41.6, 2.5, 0.0)
(44.4, 1.8, 0.0)
(46.8, 1.8, 0.0)
(49.0, 3.1, 0.0)
(51.5, 4.5, 0.0)
(54.2, 5.1, 0.0)
(56.6, 4.0, 0.0)
(59.1, 2.4, 0.0)
(61.3, 1.6, 0.0)
(61.3, 1.6, 0.0)
(61.3, 1.6, 0.0)
(61.3, 1.6, 0.0)
(61.3, 1.6, 0.0)
(61.3, 1.6, 0.0)
(61.3, 1.6, 0.0)
(0.0, -0.4, 0.0)
(1.2, 0.3, 0.0)
(3.5, 1.7, 0.0)
(5.2, 2.8, 0.0)
(7.9, 3.2, 0.0)
(10.3, 2.9, 0.0)
(11.5, 1.9, 0.0)
(11.5, 1.9, 0.0)
(11.5, 1.9, 0.0)
(11.5, 1.9, 0.0)
(11.5, 1.9, 0.0)
(11.5, 1.9, 0.0)
(11.5, 1.9, 0.0)
(0.0, -0.4, 0.0)
(0.0, -0.4, 0.0)
(1.2, 0.4, 0.0)
(3.6, 1.9, 0.0)
(5.3, 3.0, 0.0)
(7.9, 3.4, 0.0)
(10.2, 3.2, 0.0)
(13.0, 2.3, 0.0)
(15.2, 1.8, 0.0)
(18.1, 2.5, 0.0)
(20.0, 3.0, 0.0)
(22.9, 2.6, 0.0)
(25.1, 2.5, 0.0)
(28.0, 2.9, 0.0)
(30.6, 2.9, 0.0)
(33.1, 2.5, 0.0)
(36.0, 2.6, 0.0)
(38.6, 2.7, 0.0)
(41.1, 2.8, 0.0)
(44.0, 1.9, 0.0)
(46.2, 1.4, 0.0)
(48.6, 2.7, 0.0)
(51.0, 4.0, 0.0)
(53.6, 4.9, 0.0)
(56.1, 4.2, 0.0)
(58.6, 2.6, 0.0)
(61.1, 2.3, 0.0)
(64.0, 2.7, 0.0)
(66.4, 2.1, 0.0)
(68.3, 0.5, 0.0)
(70.4, 1.2, 0.0)
(72.0, 2.7, 0.0)
(74.5, 2.8, 0.0)
(73.6, 2.8, 0.0)
(71.2, 1.4, 0.0)
(69.2, -0.1, 0.0)
(68.6, -0.4, 0.0)
(68.6, -0.4, 0.0)
(68.6, -0.4, 0.0)
(68.6, -0.4, 0.0)
(68.6, -0.4, 0.0)
(68.6, -0.4, 0.0)
(68.6, -0.4, 0.0)
(68.6, -0.4, 0.0)
(68.6, -0.4, 0.0)
(68.6, -0.4, 0.0)
(69.9, 0.7, 0.0)
(72.0, 2.6, 0.0)
(74.8, 2.3, 0.0)
(77.5, 3.0, 0.0)
(79.5, 1.9, 0.0)
(81.6, 0.5, 0.0)
(84.1, 1.0, 0.0)
(85.9, 2.8, 0.0)
(88.4, 1.6, 0.0)
(90.8, 0.5, 0.0)
(92.4, 2.5, 0.0)
(91.7, 5.1, 0.0)
(92.4, 2.1, 0.0)
(90.2, 0.2, 0.0)
(88.6, 2.0, 0.0)
(86.0, 2.7, 0.0)
(83.5, 0.9, 0.0)
(80.8, 1.4, 0.0)
(78.9, 3.1, 0.0)
(76.2, 2.5, 0.0)
(73.5, 2.8, 0.0)
(71.2, 1.7, 0.0)
(69.6, -0.3, 0.0)
(68.0, 1.1, 0.0)
(66.2, 3.1, 0.0)
(63.5, 2.5, 0.0)
(60.8, 2.3, 0.0)
(58.4, 2.7, 0.0)
(56.4, 4.8, 0.0)
(53.7, 5.1, 0.0)
(51.0, 4.0, 0.0)
(48.5, 2.7, 0.0)
(46.3, 1.6, 0.0)
(43.5, 1.8, 0.0)
(41.1, 2.3, 0.0)
(38.4, 2.7, 0.0)
(36.5, 2.5, 0.0)
(35.8, 2.0, 0.0)
(35.8, 2.0, 0.0)
(35.8, 2.0, 0.0)
(35.8, 2.0, 0.0)
(35.8, 2.0, 0.0)
(35.8, 2.0, 0.0)
(0.0, -0.4, 0.0)
(0.0, -0.4, 0.0)
(0.0, -0.4, 0.0)
(0.0, -0.4, 0.0)
(0.0, -0.4, 0.0)
(0.0, -0.4, 0.0)
(0.2, -0.3, 0.0)
(2.6, 1.2, 0.0)
(4.4, 2.3, 0.0)
(6.0, 3.3, 0.0)
(8.8, 3.3, 0.0)
(11.0, 3.2, 0.0)
(13.8, 2.1, 0.0)
(16.3, 1.9, 0.0)
(18.7, 2.6, 0.0)
(20.6, 3.0, 0.0)
(22.4, 1.2, 0.0)
(23.2, -0.4, 0.0)
(23.2, -0.4, 0.0)
(24.2, 0.9, 0.0)
(26.1, 2.7, 0.0)
(28.9, 3.1, 0.0)
(31.5, 2.6, 0.0)
(33.9, 2.5, 0.0)
(36.9, 2.6, 0.0)
(39.7, 2.5, 0.0)
(42.1, 2.3, 0.0)
(44.9, 1.7, 0.0)
(47.5, 2.0, 0.0)
(49.6, 3.0, 0.0)
(52.0, 4.7, 0.0)
(53.6, 5.2, 0.0)
(54.7, 4.0, 0.0)
(54.7, 4.0, 0.0)
(54.7, 4.0, 0.0)
(54.7, 4.0, 0.0)
(54.7, 4.0, 0.0)
(54.7, 4.0, 0.0)
(54.7, 4.0, 0.0)
(0.0, -0.4, 0.0)
(0.0, -0.4, 0.0)
(0.0, -0.4, 0.0)
(2.1, 0.9, 0.0)
(4.1, 2.0, 0.0)
(5.8, 3.1, 0.0)
(8.6, 3.3, 0.0)
(10.8, 3.3, 0.0)
(12.0, 1.9, 0.0)
(12.0, 1.9, 0.0)
(12.0, 1.9, 0.0)
(12.0, 1.9, 0.0)
(12.0, 1.9, 0.0)
(12.0, 1.9, 0.0)
(12.0, 1.9, 0.0)
(0.0, -0.4, 0.0)
(0.0, -0.4, 0.0)
(0.0, -0.4, 0.0)
(0.0, -0.4, 0.0)
(0.0, -0.4, 0.0)
(0.0, -0.4, 0.0)
(1.7, 0.4, 0.0)
(3.5, -0.4, 0.0)
(3.7, 0.4, 0.0)
(2.7, 1.0, 0.0)
(1.0, -0.4, 0.0)
